{"D:\\www\\web\\shop2-web\\src\\App.vue": {"path":"D:\\www\\web\\shop2-web\\src\\App.vue","statementMap":{"0":{"start":{"line":9,"column":0},"end":{"line":9,"column":null}},"1":{"start":{"line":14,"column":0},"end":{"line":14,"column":null}},"2":{"start":{"line":21,"column":0},"end":{"line":28,"column":null}},"3":{"start":{"line":22,"column":0},"end":{"line":22,"column":null}},"4":{"start":{"line":23,"column":0},"end":{"line":23,"column":null}},"5":{"start":{"line":29,"column":0},"end":{"line":50,"column":null}},"6":{"start":{"line":30,"column":0},"end":{"line":30,"column":null}},"7":{"start":{"line":31,"column":0},"end":{"line":38,"column":null}},"8":{"start":{"line":32,"column":0},"end":{"line":32,"column":null}},"9":{"start":{"line":33,"column":0},"end":{"line":35,"column":null}},"10":{"start":{"line":34,"column":0},"end":{"line":34,"column":null}},"11":{"start":{"line":36,"column":0},"end":{"line":36,"column":null}},"12":{"start":{"line":39,"column":0},"end":{"line":44,"column":null}},"13":{"start":{"line":40,"column":0},"end":{"line":40,"column":null}},"14":{"start":{"line":41,"column":0},"end":{"line":43,"column":null}},"15":{"start":{"line":42,"column":0},"end":{"line":42,"column":null}},"16":{"start":{"line":45,"column":0},"end":{"line":45,"column":null}},"17":{"start":{"line":52,"column":0},"end":{"line":59,"column":null}},"18":{"start":{"line":54,"column":0},"end":{"line":54,"column":null}},"19":{"start":{"line":60,"column":0},"end":{"line":67,"column":null}},"20":{"start":{"line":62,"column":0},"end":{"line":62,"column":null}},"21":{"start":{"line":68,"column":0},"end":{"line":75,"column":null}},"22":{"start":{"line":70,"column":0},"end":{"line":70,"column":null}},"23":{"start":{"line":77,"column":0},"end":{"line":77,"column":null}},"24":{"start":{"line":80,"column":0},"end":{"line":87,"column":null}},"25":{"start":{"line":82,"column":0},"end":{"line":82,"column":null}},"26":{"start":{"line":91,"column":0},"end":{"line":91,"column":null}},"27":{"start":{"line":96,"column":0},"end":{"line":96,"column":null}}},"fnMap":{"0":{"name":"(anonymous_1)","decl":{"start":{"line":13,"column":0},"end":{"line":13,"column":null}},"loc":{"start":{"line":13,"column":0},"end":{"line":15,"column":null}}},"1":{"name":"(anonymous_2)","decl":{"start":{"line":19,"column":0},"end":{"line":19,"column":null}},"loc":{"start":{"line":19,"column":0},"end":{"line":88,"column":null}}},"2":{"name":"(anonymous_3)","decl":{"start":{"line":21,"column":0},"end":{"line":21,"column":null}},"loc":{"start":{"line":21,"column":0},"end":{"line":28,"column":null}}},"3":{"name":"(anonymous_4)","decl":{"start":{"line":29,"column":0},"end":{"line":29,"column":null}},"loc":{"start":{"line":29,"column":0},"end":{"line":50,"column":null}}},"4":{"name":"(anonymous_5)","decl":{"start":{"line":33,"column":0},"end":{"line":33,"column":null}},"loc":{"start":{"line":33,"column":0},"end":{"line":35,"column":null}}},"5":{"name":"(anonymous_6)","decl":{"start":{"line":41,"column":0},"end":{"line":41,"column":null}},"loc":{"start":{"line":41,"column":0},"end":{"line":43,"column":null}}},"6":{"name":"(anonymous_7)","decl":{"start":{"line":52,"column":0},"end":{"line":52,"column":null}},"loc":{"start":{"line":52,"column":0},"end":{"line":59,"column":null}}},"7":{"name":"(anonymous_8)","decl":{"start":{"line":60,"column":0},"end":{"line":60,"column":null}},"loc":{"start":{"line":60,"column":0},"end":{"line":67,"column":null}}},"8":{"name":"(anonymous_9)","decl":{"start":{"line":68,"column":0},"end":{"line":68,"column":null}},"loc":{"start":{"line":68,"column":0},"end":{"line":75,"column":null}}},"9":{"name":"(anonymous_10)","decl":{"start":{"line":77,"column":0},"end":{"line":77,"column":null}},"loc":{"start":{"line":77,"column":0},"end":{"line":77,"column":null}}},"10":{"name":"(anonymous_11)","decl":{"start":{"line":80,"column":0},"end":{"line":80,"column":null}},"loc":{"start":{"line":80,"column":0},"end":{"line":87,"column":null}}},"11":{"name":"(anonymous_12)","decl":{"start":{"line":89,"column":0},"end":{"line":89,"column":null}},"loc":{"start":{"line":89,"column":0},"end":{"line":92,"column":null}}},"12":{"name":"(anonymous_13)","decl":{"start":{"line":94,"column":0},"end":{"line":94,"column":null}},"loc":{"start":{"line":94,"column":0},"end":{"line":97,"column":null}}}},"branchMap":{"0":{"loc":{"start":{"line":31,"column":0},"end":{"line":38,"column":null}},"type":"if","locations":[{"start":{"line":31,"column":0},"end":{"line":38,"column":null}},{"start":{"line":31,"column":0},"end":{"line":38,"column":null}}]},"1":{"loc":{"start":{"line":31,"column":0},"end":{"line":31,"column":null}},"type":"binary-expr","locations":[{"start":{"line":31,"column":0},"end":{"line":31,"column":null}},{"start":{"line":31,"column":0},"end":{"line":31,"column":null}}]},"2":{"loc":{"start":{"line":36,"column":0},"end":{"line":36,"column":null}},"type":"if","locations":[{"start":{"line":36,"column":0},"end":{"line":36,"column":null}},{"start":{"line":36,"column":0},"end":{"line":36,"column":null}}]},"3":{"loc":{"start":{"line":39,"column":0},"end":{"line":44,"column":null}},"type":"if","locations":[{"start":{"line":39,"column":0},"end":{"line":44,"column":null}},{"start":{"line":39,"column":0},"end":{"line":44,"column":null}}]},"4":{"loc":{"start":{"line":39,"column":0},"end":{"line":39,"column":null}},"type":"binary-expr","locations":[{"start":{"line":39,"column":0},"end":{"line":39,"column":null}},{"start":{"line":39,"column":0},"end":{"line":39,"column":null}}]},"5":{"loc":{"start":{"line":57,"column":0},"end":{"line":57,"column":null}},"type":"binary-expr","locations":[{"start":{"line":57,"column":0},"end":{"line":57,"column":null}},{"start":{"line":57,"column":0},"end":{"line":57,"column":null}}]}},"s":{"0":0,"1":0,"2":0,"3":0,"4":0,"5":0,"6":0,"7":0,"8":0,"9":0,"10":0,"11":0,"12":0,"13":0,"14":0,"15":0,"16":0,"17":0,"18":0,"19":0,"20":0,"21":0,"22":0,"23":0,"24":0,"25":0,"26":0,"27":0},"f":{"0":0,"1":0,"2":0,"3":0,"4":0,"5":0,"6":0,"7":0,"8":0,"9":0,"10":0,"11":0,"12":0},"b":{"0":[0,0],"1":[0,0],"2":[0,0],"3":[0,0],"4":[0,0],"5":[0,0]}}
,"D:\\www\\web\\shop2-web\\src\\functions.js": {"path":"D:\\www\\web\\shop2-web\\src\\functions.js","statementMap":{"0":{"start":{"line":2,"column":12},"end":{"line":2,"column":14}},"1":{"start":{"line":3,"column":0},"end":{"line":42,"column":2}},"2":{"start":{"line":4,"column":14},"end":{"line":4,"column":24}},"3":{"start":{"line":7,"column":2},"end":{"line":7,"column":49}},"4":{"start":{"line":7,"column":19},"end":{"line":7,"column":49}},"5":{"start":{"line":9,"column":4},"end":{"line":9,"column":78}},"6":{"start":{"line":10,"column":14},"end":{"line":10,"column":29}},"7":{"start":{"line":11,"column":2},"end":{"line":11,"column":44}},"8":{"start":{"line":13,"column":4},"end":{"line":13,"column":78}},"9":{"start":{"line":14,"column":13},"end":{"line":14,"column":29}},"10":{"start":{"line":15,"column":13},"end":{"line":15,"column":35}},"11":{"start":{"line":16,"column":2},"end":{"line":25,"column":5}},"12":{"start":{"line":17,"column":4},"end":{"line":20,"column":5}},"13":{"start":{"line":18,"column":6},"end":{"line":18,"column":37}},"14":{"start":{"line":19,"column":6},"end":{"line":19,"column":34}},"15":{"start":{"line":21,"column":4},"end":{"line":24,"column":5}},"16":{"start":{"line":22,"column":6},"end":{"line":22,"column":37}},"17":{"start":{"line":23,"column":6},"end":{"line":23,"column":34}},"18":{"start":{"line":26,"column":2},"end":{"line":35,"column":5}},"19":{"start":{"line":27,"column":4},"end":{"line":30,"column":5}},"20":{"start":{"line":28,"column":6},"end":{"line":28,"column":37}},"21":{"start":{"line":29,"column":6},"end":{"line":29,"column":34}},"22":{"start":{"line":31,"column":4},"end":{"line":34,"column":5}},"23":{"start":{"line":32,"column":6},"end":{"line":32,"column":37}},"24":{"start":{"line":33,"column":6},"end":{"line":33,"column":34}},"25":{"start":{"line":36,"column":15},"end":{"line":36,"column":29}},"26":{"start":{"line":37,"column":21},"end":{"line":37,"column":35}},"27":{"start":{"line":38,"column":2},"end":{"line":41,"column":4}},"28":{"start":{"line":47,"column":0},"end":{"line":50,"column":2}},"29":{"start":{"line":49,"column":2},"end":{"line":49,"column":54}},"30":{"start":{"line":57,"column":0},"end":{"line":65,"column":2}},"31":{"start":{"line":58,"column":16},"end":{"line":58,"column":18}},"32":{"start":{"line":59,"column":18},"end":{"line":59,"column":30}},"33":{"start":{"line":60,"column":2},"end":{"line":63,"column":3}},"34":{"start":{"line":61,"column":4},"end":{"line":61,"column":57}},"35":{"start":{"line":62,"column":4},"end":{"line":62,"column":69}},"36":{"start":{"line":64,"column":2},"end":{"line":64,"column":17}},"37":{"start":{"line":71,"column":0},"end":{"line":86,"column":2}},"38":{"start":{"line":72,"column":2},"end":{"line":74,"column":4}},"39":{"start":{"line":73,"column":10},"end":{"line":73,"column":80}},"40":{"start":{"line":75,"column":2},"end":{"line":77,"column":3}},"41":{"start":{"line":76,"column":4},"end":{"line":76,"column":11}},"42":{"start":{"line":79,"column":13},"end":{"line":84,"column":16}},"43":{"start":{"line":82,"column":12},"end":{"line":82,"column":69}},"44":{"start":{"line":85,"column":2},"end":{"line":85,"column":14}},"45":{"start":{"line":89,"column":12},"end":{"line":89,"column":48}},"46":{"start":{"line":93,"column":15},"end":{"line":93,"column":32}},"47":{"start":{"line":94,"column":2},"end":{"line":115,"column":3}},"48":{"start":{"line":95,"column":4},"end":{"line":101,"column":5}},"49":{"start":{"line":96,"column":22},"end":{"line":96,"column":25}},"50":{"start":{"line":97,"column":6},"end":{"line":99,"column":7}},"51":{"start":{"line":97,"column":19},"end":{"line":97,"column":20}},"52":{"start":{"line":98,"column":8},"end":{"line":98,"column":75}},"53":{"start":{"line":100,"column":6},"end":{"line":100,"column":25}},"54":{"start":{"line":103,"column":23},"end":{"line":103,"column":25}},"55":{"start":{"line":104,"column":4},"end":{"line":106,"column":5}},"56":{"start":{"line":104,"column":17},"end":{"line":104,"column":18}},"57":{"start":{"line":105,"column":6},"end":{"line":105,"column":65}},"58":{"start":{"line":107,"column":4},"end":{"line":109,"column":5}},"59":{"start":{"line":108,"column":6},"end":{"line":108,"column":32}},"60":{"start":{"line":110,"column":4},"end":{"line":110,"column":49}},"61":{"start":{"line":114,"column":4},"end":{"line":114,"column":18}},"62":{"start":{"line":117,"column":0},"end":{"line":117,"column":20}}},"fnMap":{"0":{"name":"(anonymous_0)","decl":{"start":{"line":3,"column":15},"end":{"line":3,"column":16}},"loc":{"start":{"line":3,"column":42},"end":{"line":42,"column":1}},"line":3},"1":{"name":"(anonymous_1)","decl":{"start":{"line":16,"column":15},"end":{"line":16,"column":16}},"loc":{"start":{"line":16,"column":32},"end":{"line":25,"column":3}},"line":16},"2":{"name":"(anonymous_2)","decl":{"start":{"line":26,"column":15},"end":{"line":26,"column":16}},"loc":{"start":{"line":26,"column":32},"end":{"line":35,"column":3}},"line":26},"3":{"name":"(anonymous_3)","decl":{"start":{"line":47,"column":20},"end":{"line":47,"column":21}},"loc":{"start":{"line":47,"column":26},"end":{"line":50,"column":1}},"line":47},"4":{"name":"(anonymous_4)","decl":{"start":{"line":57,"column":22},"end":{"line":57,"column":23}},"loc":{"start":{"line":57,"column":35},"end":{"line":65,"column":1}},"line":57},"5":{"name":"(anonymous_5)","decl":{"start":{"line":71,"column":24},"end":{"line":71,"column":25}},"loc":{"start":{"line":71,"column":40},"end":{"line":86,"column":1}},"line":71},"6":{"name":"(anonymous_6)","decl":{"start":{"line":73,"column":4},"end":{"line":73,"column":5}},"loc":{"start":{"line":73,"column":10},"end":{"line":73,"column":80}},"line":73},"7":{"name":"(anonymous_7)","decl":{"start":{"line":82,"column":6},"end":{"line":82,"column":7}},"loc":{"start":{"line":82,"column":12},"end":{"line":82,"column":69}},"line":82},"8":{"name":"toRgb","decl":{"start":{"line":92,"column":9},"end":{"line":92,"column":14}},"loc":{"start":{"line":92,"column":29},"end":{"line":116,"column":1}},"line":92}},"branchMap":{"0":{"loc":{"start":{"line":7,"column":2},"end":{"line":7,"column":49}},"type":"if","locations":[{"start":{"line":7,"column":2},"end":{"line":7,"column":49}},{"start":{"line":7,"column":2},"end":{"line":7,"column":49}}],"line":7},"1":{"loc":{"start":{"line":17,"column":4},"end":{"line":20,"column":5}},"type":"if","locations":[{"start":{"line":17,"column":4},"end":{"line":20,"column":5}},{"start":{"line":17,"column":4},"end":{"line":20,"column":5}}],"line":17},"2":{"loc":{"start":{"line":17,"column":8},"end":{"line":17,"column":40}},"type":"binary-expr","locations":[{"start":{"line":17,"column":8},"end":{"line":17,"column":19}},{"start":{"line":17,"column":23},"end":{"line":17,"column":40}}],"line":17},"3":{"loc":{"start":{"line":21,"column":4},"end":{"line":24,"column":5}},"type":"if","locations":[{"start":{"line":21,"column":4},"end":{"line":24,"column":5}},{"start":{"line":21,"column":4},"end":{"line":24,"column":5}}],"line":21},"4":{"loc":{"start":{"line":21,"column":8},"end":{"line":21,"column":40}},"type":"binary-expr","locations":[{"start":{"line":21,"column":8},"end":{"line":21,"column":19}},{"start":{"line":21,"column":23},"end":{"line":21,"column":40}}],"line":21},"5":{"loc":{"start":{"line":27,"column":4},"end":{"line":30,"column":5}},"type":"if","locations":[{"start":{"line":27,"column":4},"end":{"line":30,"column":5}},{"start":{"line":27,"column":4},"end":{"line":30,"column":5}}],"line":27},"6":{"loc":{"start":{"line":27,"column":8},"end":{"line":27,"column":40}},"type":"binary-expr","locations":[{"start":{"line":27,"column":8},"end":{"line":27,"column":19}},{"start":{"line":27,"column":23},"end":{"line":27,"column":40}}],"line":27},"7":{"loc":{"start":{"line":31,"column":4},"end":{"line":34,"column":5}},"type":"if","locations":[{"start":{"line":31,"column":4},"end":{"line":34,"column":5}},{"start":{"line":31,"column":4},"end":{"line":34,"column":5}}],"line":31},"8":{"loc":{"start":{"line":31,"column":8},"end":{"line":31,"column":40}},"type":"binary-expr","locations":[{"start":{"line":31,"column":8},"end":{"line":31,"column":19}},{"start":{"line":31,"column":23},"end":{"line":31,"column":40}}],"line":31},"9":{"loc":{"start":{"line":73,"column":12},"end":{"line":73,"column":79}},"type":"binary-expr","locations":[{"start":{"line":73,"column":12},"end":{"line":73,"column":24}},{"start":{"line":73,"column":28},"end":{"line":73,"column":42}},{"start":{"line":73,"column":46},"end":{"line":73,"column":61}},{"start":{"line":73,"column":65},"end":{"line":73,"column":79}}],"line":73},"10":{"loc":{"start":{"line":75,"column":2},"end":{"line":77,"column":3}},"type":"if","locations":[{"start":{"line":75,"column":2},"end":{"line":77,"column":3}},{"start":{"line":75,"column":2},"end":{"line":77,"column":3}}],"line":75},"11":{"loc":{"start":{"line":82,"column":46},"end":{"line":82,"column":67}},"type":"cond-expr","locations":[{"start":{"line":82,"column":51},"end":{"line":82,"column":57}},{"start":{"line":82,"column":60},"end":{"line":82,"column":67}}],"line":82},"12":{"loc":{"start":{"line":94,"column":2},"end":{"line":115,"column":3}},"type":"if","locations":[{"start":{"line":94,"column":2},"end":{"line":115,"column":3}},{"start":{"line":94,"column":2},"end":{"line":115,"column":3}}],"line":94},"13":{"loc":{"start":{"line":94,"column":6},"end":{"line":94,"column":32}},"type":"binary-expr","locations":[{"start":{"line":94,"column":6},"end":{"line":94,"column":12}},{"start":{"line":94,"column":16},"end":{"line":94,"column":32}}],"line":94},"14":{"loc":{"start":{"line":95,"column":4},"end":{"line":101,"column":5}},"type":"if","locations":[{"start":{"line":95,"column":4},"end":{"line":101,"column":5}},{"start":{"line":95,"column":4},"end":{"line":101,"column":5}}],"line":95},"15":{"loc":{"start":{"line":107,"column":4},"end":{"line":109,"column":5}},"type":"if","locations":[{"start":{"line":107,"column":4},"end":{"line":109,"column":5}},{"start":{"line":107,"column":4},"end":{"line":109,"column":5}}],"line":107}},"s":{"0":0,"1":0,"2":0,"3":0,"4":0,"5":0,"6":0,"7":0,"8":0,"9":0,"10":0,"11":0,"12":0,"13":0,"14":0,"15":0,"16":0,"17":0,"18":0,"19":0,"20":0,"21":0,"22":0,"23":0,"24":0,"25":0,"26":0,"27":0,"28":0,"29":0,"30":0,"31":0,"32":0,"33":0,"34":0,"35":0,"36":0,"37":0,"38":0,"39":0,"40":0,"41":0,"42":0,"43":0,"44":0,"45":0,"46":0,"47":0,"48":0,"49":0,"50":0,"51":0,"52":0,"53":0,"54":0,"55":0,"56":0,"57":0,"58":0,"59":0,"60":0,"61":0,"62":0},"f":{"0":0,"1":0,"2":0,"3":0,"4":0,"5":0,"6":0,"7":0,"8":0},"b":{"0":[0,0],"1":[0,0],"2":[0,0],"3":[0,0],"4":[0,0],"5":[0,0],"6":[0,0],"7":[0,0],"8":[0,0],"9":[0,0,0,0],"10":[0,0],"11":[0,0],"12":[0,0],"13":[0,0],"14":[0,0],"15":[0,0]},"hash":"44afb4c896f075d1ee40d61671afff2c980fefd0"}
,"D:\\www\\web\\shop2-web\\src\\main.js": {"path":"D:\\www\\web\\shop2-web\\src\\main.js","statementMap":{"0":{"start":{"line":24,"column":0},"end":{"line":24,"column":17}},"1":{"start":{"line":26,"column":0},"end":{"line":26,"column":27}},"2":{"start":{"line":29,"column":0},"end":{"line":29,"column":23}},"3":{"start":{"line":30,"column":0},"end":{"line":30,"column":18}},"4":{"start":{"line":31,"column":0},"end":{"line":31,"column":18}},"5":{"start":{"line":32,"column":0},"end":{"line":39,"column":2}},"6":{"start":{"line":41,"column":0},"end":{"line":41,"column":18}},"7":{"start":{"line":42,"column":0},"end":{"line":42,"column":32}},"8":{"start":{"line":44,"column":0},"end":{"line":51,"column":2}},"9":{"start":{"line":46,"column":2},"end":{"line":49,"column":3}},"10":{"start":{"line":48,"column":4},"end":{"line":48,"column":113}},"11":{"start":{"line":48,"column":95},"end":{"line":48,"column":102}},"12":{"start":{"line":50,"column":2},"end":{"line":50,"column":8}},"13":{"start":{"line":53,"column":0},"end":{"line":56,"column":2}},"14":{"start":{"line":58,"column":0},"end":{"line":62,"column":17}},"15":{"start":{"line":61,"column":15},"end":{"line":61,"column":21}}},"fnMap":{"0":{"name":"(anonymous_0)","decl":{"start":{"line":44,"column":18},"end":{"line":44,"column":19}},"loc":{"start":{"line":44,"column":38},"end":{"line":51,"column":1}},"line":44},"1":{"name":"(anonymous_1)","decl":{"start":{"line":48,"column":89},"end":{"line":48,"column":90}},"loc":{"start":{"line":48,"column":95},"end":{"line":48,"column":102}},"line":48},"2":{"name":"(anonymous_2)","decl":{"start":{"line":61,"column":10},"end":{"line":61,"column":11}},"loc":{"start":{"line":61,"column":15},"end":{"line":61,"column":21}},"line":61}},"branchMap":{"0":{"loc":{"start":{"line":46,"column":2},"end":{"line":49,"column":3}},"type":"if","locations":[{"start":{"line":46,"column":2},"end":{"line":49,"column":3}},{"start":{"line":46,"column":2},"end":{"line":49,"column":3}}],"line":46}},"s":{"0":0,"1":0,"2":0,"3":0,"4":0,"5":0,"6":0,"7":0,"8":0,"9":0,"10":0,"11":0,"12":0,"13":0,"14":0,"15":0},"f":{"0":0,"1":0,"2":0},"b":{"0":[0,0]},"hash":"244b8365fc495bf4219d5f2671d8c2fe51e61a4a"}
,"D:\\www\\web\\shop2-web\\src\\mixins.js": {"path":"D:\\www\\web\\shop2-web\\src\\mixins.js","statementMap":{"0":{"start":{"line":7,"column":1},"end":{"line":13,"column":2}},"1":{"start":{"line":8,"column":2},"end":{"line":8,"column":14}},"2":{"start":{"line":9,"column":8},"end":{"line":13,"column":2}},"3":{"start":{"line":10,"column":2},"end":{"line":10,"column":14}},"4":{"start":{"line":11,"column":8},"end":{"line":13,"column":2}},"5":{"start":{"line":12,"column":2},"end":{"line":12,"column":18}},"6":{"start":{"line":19,"column":12},"end":{"line":19,"column":16}},"7":{"start":{"line":20,"column":3},"end":{"line":60,"column":6}},"8":{"start":{"line":27,"column":6},"end":{"line":27,"column":12}},"9":{"start":{"line":28,"column":6},"end":{"line":30,"column":13}},"10":{"start":{"line":29,"column":7},"end":{"line":29,"column":44}},"11":{"start":{"line":32,"column":5},"end":{"line":49,"column":6}},"12":{"start":{"line":33,"column":6},"end":{"line":33,"column":42}},"13":{"start":{"line":35,"column":16},"end":{"line":35,"column":20}},"14":{"start":{"line":36,"column":6},"end":{"line":36,"column":13}},"15":{"start":{"line":37,"column":6},"end":{"line":46,"column":9}},"16":{"start":{"line":40,"column":8},"end":{"line":42,"column":9}},"17":{"start":{"line":41,"column":9},"end":{"line":41,"column":34}},"18":{"start":{"line":45,"column":8},"end":{"line":45,"column":15}},"19":{"start":{"line":48,"column":6},"end":{"line":48,"column":12}},"20":{"start":{"line":56,"column":5},"end":{"line":58,"column":6}},"21":{"start":{"line":57,"column":6},"end":{"line":57,"column":20}},"22":{"start":{"line":63,"column":3},"end":{"line":65,"column":4}},"23":{"start":{"line":64,"column":4},"end":{"line":64,"column":44}},"24":{"start":{"line":85,"column":21},"end":{"line":220,"column":5}},"25":{"start":{"line":89,"column":22},"end":{"line":89,"column":24}},"26":{"start":{"line":93,"column":5},"end":{"line":107,"column":7}},"27":{"start":{"line":95,"column":6},"end":{"line":95,"column":38}},"28":{"start":{"line":96,"column":6},"end":{"line":96,"column":50}},"29":{"start":{"line":97,"column":6},"end":{"line":97,"column":42}},"30":{"start":{"line":98,"column":6},"end":{"line":98,"column":46}},"31":{"start":{"line":99,"column":6},"end":{"line":99,"column":40}},"32":{"start":{"line":100,"column":6},"end":{"line":100,"column":41}},"33":{"start":{"line":101,"column":6},"end":{"line":101,"column":50}},"34":{"start":{"line":102,"column":6},"end":{"line":102,"column":40}},"35":{"start":{"line":103,"column":6},"end":{"line":103,"column":38}},"36":{"start":{"line":104,"column":6},"end":{"line":104,"column":54}},"37":{"start":{"line":105,"column":6},"end":{"line":105,"column":48}},"38":{"start":{"line":106,"column":6},"end":{"line":106,"column":56}},"39":{"start":{"line":110,"column":14},"end":{"line":110,"column":18}},"40":{"start":{"line":111,"column":5},"end":{"line":168,"column":6}},"41":{"start":{"line":126,"column":8},"end":{"line":136,"column":10}},"42":{"start":{"line":127,"column":9},"end":{"line":135,"column":11}},"43":{"start":{"line":129,"column":26},"end":{"line":129,"column":44}},"44":{"start":{"line":130,"column":10},"end":{"line":132,"column":11}},"45":{"start":{"line":131,"column":11},"end":{"line":131,"column":17}},"46":{"start":{"line":134,"column":10},"end":{"line":134,"column":67}},"47":{"start":{"line":140,"column":24},"end":{"line":140,"column":42}},"48":{"start":{"line":142,"column":8},"end":{"line":142,"column":59}},"49":{"start":{"line":145,"column":24},"end":{"line":145,"column":42}},"50":{"start":{"line":149,"column":8},"end":{"line":151,"column":9}},"51":{"start":{"line":150,"column":9},"end":{"line":150,"column":47}},"52":{"start":{"line":152,"column":18},"end":{"line":152,"column":37}},"53":{"start":{"line":153,"column":8},"end":{"line":155,"column":9}},"54":{"start":{"line":154,"column":9},"end":{"line":154,"column":32}},"55":{"start":{"line":157,"column":8},"end":{"line":164,"column":10}},"56":{"start":{"line":158,"column":9},"end":{"line":160,"column":10}},"57":{"start":{"line":159,"column":10},"end":{"line":159,"column":44}},"58":{"start":{"line":161,"column":9},"end":{"line":163,"column":10}},"59":{"start":{"line":162,"column":10},"end":{"line":162,"column":44}},"60":{"start":{"line":172,"column":6},"end":{"line":172,"column":62}},"61":{"start":{"line":176,"column":5},"end":{"line":178,"column":6}},"62":{"start":{"line":177,"column":6},"end":{"line":177,"column":12}},"63":{"start":{"line":179,"column":5},"end":{"line":179,"column":48}},"64":{"start":{"line":180,"column":5},"end":{"line":180,"column":17}},"65":{"start":{"line":181,"column":5},"end":{"line":181,"column":14}},"66":{"start":{"line":182,"column":5},"end":{"line":182,"column":23}},"67":{"start":{"line":185,"column":5},"end":{"line":218,"column":6}},"68":{"start":{"line":196,"column":10},"end":{"line":198,"column":11}},"69":{"start":{"line":197,"column":11},"end":{"line":197,"column":29}},"70":{"start":{"line":199,"column":10},"end":{"line":201,"column":17}},"71":{"start":{"line":200,"column":11},"end":{"line":200,"column":27}},"72":{"start":{"line":221,"column":3},"end":{"line":224,"column":5}},"73":{"start":{"line":225,"column":3},"end":{"line":225,"column":37}},"74":{"start":{"line":226,"column":3},"end":{"line":226,"column":32}},"75":{"start":{"line":228,"column":3},"end":{"line":228,"column":19}},"76":{"start":{"line":231,"column":3},"end":{"line":231,"column":37}},"77":{"start":{"line":237,"column":3},"end":{"line":241,"column":22}},"78":{"start":{"line":238,"column":4},"end":{"line":240,"column":6}},"79":{"start":{"line":239,"column":5},"end":{"line":239,"column":32}},"80":{"start":{"line":252,"column":3},"end":{"line":254,"column":6}},"81":{"start":{"line":258,"column":3},"end":{"line":258,"column":83}},"82":{"start":{"line":258,"column":49},"end":{"line":258,"column":58}},"83":{"start":{"line":258,"column":73},"end":{"line":258,"column":82}},"84":{"start":{"line":263,"column":3},"end":{"line":263,"column":42}},"85":{"start":{"line":266,"column":3},"end":{"line":266,"column":54}},"86":{"start":{"line":269,"column":3},"end":{"line":269,"column":47}},"87":{"start":{"line":274,"column":3},"end":{"line":274,"column":62}}},"fnMap":{"0":{"name":"_fbpFlagAmazon","decl":{"start":{"line":6,"column":16},"end":{"line":6,"column":30}},"loc":{"start":{"line":6,"column":36},"end":{"line":14,"column":1}},"line":6},"1":{"name":"(anonymous_1)","decl":{"start":{"line":18,"column":2},"end":{"line":18,"column":3}},"loc":{"start":{"line":18,"column":28},"end":{"line":61,"column":3}},"line":18},"2":{"name":"(anonymous_2)","decl":{"start":{"line":25,"column":17},"end":{"line":25,"column":18}},"loc":{"start":{"line":25,"column":45},"end":{"line":50,"column":5}},"line":25},"3":{"name":"close","decl":{"start":{"line":26,"column":14},"end":{"line":26,"column":19}},"loc":{"start":{"line":26,"column":22},"end":{"line":31,"column":6}},"line":26},"4":{"name":"(anonymous_4)","decl":{"start":{"line":28,"column":17},"end":{"line":28,"column":18}},"loc":{"start":{"line":28,"column":23},"end":{"line":30,"column":7}},"line":28},"5":{"name":"(anonymous_5)","decl":{"start":{"line":38,"column":13},"end":{"line":38,"column":14}},"loc":{"start":{"line":38,"column":19},"end":{"line":43,"column":8}},"line":38},"6":{"name":"(anonymous_6)","decl":{"start":{"line":44,"column":14},"end":{"line":44,"column":15}},"loc":{"start":{"line":44,"column":20},"end":{"line":46,"column":8}},"line":44},"7":{"name":"(anonymous_7)","decl":{"start":{"line":53,"column":10},"end":{"line":53,"column":11}},"loc":{"start":{"line":53,"column":16},"end":{"line":53,"column":19}},"line":53},"8":{"name":"(anonymous_8)","decl":{"start":{"line":54,"column":11},"end":{"line":54,"column":12}},"loc":{"start":{"line":54,"column":17},"end":{"line":60,"column":5}},"line":54},"9":{"name":"(anonymous_9)","decl":{"start":{"line":62,"column":2},"end":{"line":62,"column":3}},"loc":{"start":{"line":62,"column":18},"end":{"line":66,"column":3}},"line":62},"10":{"name":"(anonymous_10)","decl":{"start":{"line":68,"column":2},"end":{"line":68,"column":3}},"loc":{"start":{"line":83,"column":4},"end":{"line":229,"column":3}},"line":83},"11":{"name":"(anonymous_11)","decl":{"start":{"line":89,"column":15},"end":{"line":89,"column":16}},"loc":{"start":{"line":89,"column":22},"end":{"line":89,"column":24}},"line":89},"12":{"name":"(anonymous_12)","decl":{"start":{"line":92,"column":4},"end":{"line":92,"column":5}},"loc":{"start":{"line":92,"column":14},"end":{"line":108,"column":5}},"line":92},"13":{"name":"(anonymous_13)","decl":{"start":{"line":93,"column":22},"end":{"line":93,"column":23}},"loc":{"start":{"line":93,"column":29},"end":{"line":107,"column":6}},"line":93},"14":{"name":"(anonymous_14)","decl":{"start":{"line":109,"column":4},"end":{"line":109,"column":5}},"loc":{"start":{"line":109,"column":11},"end":{"line":169,"column":5}},"line":109},"15":{"name":"(anonymous_15)","decl":{"start":{"line":125,"column":7},"end":{"line":125,"column":8}},"loc":{"start":{"line":125,"column":14},"end":{"line":137,"column":8}},"line":125},"16":{"name":"(anonymous_16)","decl":{"start":{"line":126,"column":19},"end":{"line":126,"column":20}},"loc":{"start":{"line":126,"column":25},"end":{"line":136,"column":9}},"line":126},"17":{"name":"(anonymous_17)","decl":{"start":{"line":127,"column":22},"end":{"line":127,"column":23}},"loc":{"start":{"line":127,"column":28},"end":{"line":135,"column":10}},"line":127},"18":{"name":"(anonymous_18)","decl":{"start":{"line":138,"column":7},"end":{"line":138,"column":8}},"loc":{"start":{"line":138,"column":15},"end":{"line":143,"column":8}},"line":138},"19":{"name":"(anonymous_19)","decl":{"start":{"line":144,"column":7},"end":{"line":144,"column":8}},"loc":{"start":{"line":144,"column":23},"end":{"line":165,"column":8}},"line":144},"20":{"name":"(anonymous_20)","decl":{"start":{"line":157,"column":24},"end":{"line":157,"column":25}},"loc":{"start":{"line":157,"column":31},"end":{"line":164,"column":9}},"line":157},"21":{"name":"(anonymous_21)","decl":{"start":{"line":171,"column":5},"end":{"line":171,"column":6}},"loc":{"start":{"line":171,"column":14},"end":{"line":173,"column":6}},"line":171},"22":{"name":"(anonymous_22)","decl":{"start":{"line":175,"column":4},"end":{"line":175,"column":5}},"loc":{"start":{"line":175,"column":16},"end":{"line":183,"column":5}},"line":175},"23":{"name":"(anonymous_23)","decl":{"start":{"line":184,"column":4},"end":{"line":184,"column":5}},"loc":{"start":{"line":184,"column":13},"end":{"line":219,"column":5}},"line":184},"24":{"name":"(anonymous_24)","decl":{"start":{"line":195,"column":16},"end":{"line":195,"column":17}},"loc":{"start":{"line":195,"column":21},"end":{"line":202,"column":10}},"line":195},"25":{"name":"(anonymous_25)","decl":{"start":{"line":199,"column":21},"end":{"line":199,"column":22}},"loc":{"start":{"line":199,"column":27},"end":{"line":201,"column":11}},"line":199},"26":{"name":"(anonymous_26)","decl":{"start":{"line":230,"column":2},"end":{"line":230,"column":3}},"loc":{"start":{"line":230,"column":18},"end":{"line":232,"column":3}},"line":230},"27":{"name":"(anonymous_27)","decl":{"start":{"line":233,"column":2},"end":{"line":233,"column":3}},"loc":{"start":{"line":233,"column":40},"end":{"line":242,"column":3}},"line":233},"28":{"name":"(anonymous_28)","decl":{"start":{"line":237,"column":70},"end":{"line":237,"column":71}},"loc":{"start":{"line":237,"column":76},"end":{"line":241,"column":4}},"line":237},"29":{"name":"(anonymous_29)","decl":{"start":{"line":238,"column":32},"end":{"line":238,"column":33}},"loc":{"start":{"line":238,"column":38},"end":{"line":240,"column":5}},"line":238},"30":{"name":"(anonymous_30)","decl":{"start":{"line":241,"column":12},"end":{"line":241,"column":13}},"loc":{"start":{"line":241,"column":18},"end":{"line":241,"column":21}},"line":241},"31":{"name":"(anonymous_31)","decl":{"start":{"line":243,"column":2},"end":{"line":243,"column":3}},"loc":{"start":{"line":243,"column":131},"end":{"line":255,"column":3}},"line":243},"32":{"name":"(anonymous_32)","decl":{"start":{"line":257,"column":2},"end":{"line":257,"column":3}},"loc":{"start":{"line":257,"column":19},"end":{"line":259,"column":3}},"line":257},"33":{"name":"(anonymous_33)","decl":{"start":{"line":258,"column":43},"end":{"line":258,"column":44}},"loc":{"start":{"line":258,"column":49},"end":{"line":258,"column":58}},"line":258},"34":{"name":"(anonymous_34)","decl":{"start":{"line":258,"column":67},"end":{"line":258,"column":68}},"loc":{"start":{"line":258,"column":73},"end":{"line":258,"column":82}},"line":258},"35":{"name":"(anonymous_35)","decl":{"start":{"line":262,"column":2},"end":{"line":262,"column":3}},"loc":{"start":{"line":262,"column":14},"end":{"line":264,"column":3}},"line":262},"36":{"name":"(anonymous_36)","decl":{"start":{"line":265,"column":2},"end":{"line":265,"column":3}},"loc":{"start":{"line":265,"column":16},"end":{"line":267,"column":3}},"line":265},"37":{"name":"(anonymous_37)","decl":{"start":{"line":268,"column":2},"end":{"line":268,"column":3}},"loc":{"start":{"line":268,"column":14},"end":{"line":270,"column":3}},"line":268},"38":{"name":"(anonymous_38)","decl":{"start":{"line":273,"column":2},"end":{"line":273,"column":3}},"loc":{"start":{"line":273,"column":19},"end":{"line":275,"column":3}},"line":273}},"branchMap":{"0":{"loc":{"start":{"line":7,"column":1},"end":{"line":13,"column":2}},"type":"if","locations":[{"start":{"line":7,"column":1},"end":{"line":13,"column":2}},{"start":{"line":7,"column":1},"end":{"line":13,"column":2}}],"line":7},"1":{"loc":{"start":{"line":9,"column":8},"end":{"line":13,"column":2}},"type":"if","locations":[{"start":{"line":9,"column":8},"end":{"line":13,"column":2}},{"start":{"line":9,"column":8},"end":{"line":13,"column":2}}],"line":9},"2":{"loc":{"start":{"line":11,"column":8},"end":{"line":13,"column":2}},"type":"if","locations":[{"start":{"line":11,"column":8},"end":{"line":13,"column":2}},{"start":{"line":11,"column":8},"end":{"line":13,"column":2}}],"line":11},"3":{"loc":{"start":{"line":32,"column":5},"end":{"line":49,"column":6}},"type":"if","locations":[{"start":{"line":32,"column":5},"end":{"line":49,"column":6}},{"start":{"line":32,"column":5},"end":{"line":49,"column":6}}],"line":32},"4":{"loc":{"start":{"line":40,"column":8},"end":{"line":42,"column":9}},"type":"if","locations":[{"start":{"line":40,"column":8},"end":{"line":42,"column":9}},{"start":{"line":40,"column":8},"end":{"line":42,"column":9}}],"line":40},"5":{"loc":{"start":{"line":56,"column":5},"end":{"line":58,"column":6}},"type":"if","locations":[{"start":{"line":56,"column":5},"end":{"line":58,"column":6}},{"start":{"line":56,"column":5},"end":{"line":58,"column":6}}],"line":56},"6":{"loc":{"start":{"line":63,"column":3},"end":{"line":65,"column":4}},"type":"if","locations":[{"start":{"line":63,"column":3},"end":{"line":65,"column":4}},{"start":{"line":63,"column":3},"end":{"line":65,"column":4}}],"line":63},"7":{"loc":{"start":{"line":63,"column":7},"end":{"line":63,"column":38}},"type":"binary-expr","locations":[{"start":{"line":63,"column":7},"end":{"line":63,"column":17}},{"start":{"line":63,"column":21},"end":{"line":63,"column":38}}],"line":63},"8":{"loc":{"start":{"line":75,"column":4},"end":{"line":75,"column":21}},"type":"default-arg","locations":[{"start":{"line":75,"column":17},"end":{"line":75,"column":21}}],"line":75},"9":{"loc":{"start":{"line":81,"column":3},"end":{"line":81,"column":13}},"type":"default-arg","locations":[{"start":{"line":81,"column":11},"end":{"line":81,"column":13}}],"line":81},"10":{"loc":{"start":{"line":82,"column":3},"end":{"line":82,"column":17}},"type":"default-arg","locations":[{"start":{"line":82,"column":15},"end":{"line":82,"column":17}}],"line":82},"11":{"loc":{"start":{"line":130,"column":10},"end":{"line":132,"column":11}},"type":"if","locations":[{"start":{"line":130,"column":10},"end":{"line":132,"column":11}},{"start":{"line":130,"column":10},"end":{"line":132,"column":11}}],"line":130},"12":{"loc":{"start":{"line":134,"column":10},"end":{"line":134,"column":67}},"type":"binary-expr","locations":[{"start":{"line":134,"column":10},"end":{"line":134,"column":19}},{"start":{"line":134,"column":23},"end":{"line":134,"column":42}},{"start":{"line":134,"column":46},"end":{"line":134,"column":67}}],"line":134},"13":{"loc":{"start":{"line":142,"column":8},"end":{"line":142,"column":59}},"type":"binary-expr","locations":[{"start":{"line":142,"column":8},"end":{"line":142,"column":17}},{"start":{"line":142,"column":21},"end":{"line":142,"column":37}},{"start":{"line":142,"column":41},"end":{"line":142,"column":59}}],"line":142},"14":{"loc":{"start":{"line":149,"column":8},"end":{"line":151,"column":9}},"type":"if","locations":[{"start":{"line":149,"column":8},"end":{"line":151,"column":9}},{"start":{"line":149,"column":8},"end":{"line":151,"column":9}}],"line":149},"15":{"loc":{"start":{"line":153,"column":8},"end":{"line":155,"column":9}},"type":"if","locations":[{"start":{"line":153,"column":8},"end":{"line":155,"column":9}},{"start":{"line":153,"column":8},"end":{"line":155,"column":9}}],"line":153},"16":{"loc":{"start":{"line":158,"column":9},"end":{"line":160,"column":10}},"type":"if","locations":[{"start":{"line":158,"column":9},"end":{"line":160,"column":10}},{"start":{"line":158,"column":9},"end":{"line":160,"column":10}}],"line":158},"17":{"loc":{"start":{"line":158,"column":13},"end":{"line":158,"column":35}},"type":"binary-expr","locations":[{"start":{"line":158,"column":13},"end":{"line":158,"column":16}},{"start":{"line":158,"column":20},"end":{"line":158,"column":35}}],"line":158},"18":{"loc":{"start":{"line":161,"column":9},"end":{"line":163,"column":10}},"type":"if","locations":[{"start":{"line":161,"column":9},"end":{"line":163,"column":10}},{"start":{"line":161,"column":9},"end":{"line":163,"column":10}}],"line":161},"19":{"loc":{"start":{"line":176,"column":5},"end":{"line":178,"column":6}},"type":"if","locations":[{"start":{"line":176,"column":5},"end":{"line":178,"column":6}},{"start":{"line":176,"column":5},"end":{"line":178,"column":6}}],"line":176},"20":{"loc":{"start":{"line":190,"column":14},"end":{"line":190,"column":88}},"type":"cond-expr","locations":[{"start":{"line":190,"column":45},"end":{"line":190,"column":81}},{"start":{"line":190,"column":84},"end":{"line":190,"column":88}}],"line":190},"21":{"loc":{"start":{"line":196,"column":10},"end":{"line":198,"column":11}},"type":"if","locations":[{"start":{"line":196,"column":10},"end":{"line":198,"column":11}},{"start":{"line":196,"column":10},"end":{"line":198,"column":11}}],"line":196},"22":{"loc":{"start":{"line":207,"column":9},"end":{"line":215,"column":16}},"type":"cond-expr","locations":[{"start":{"line":208,"column":9},"end":{"line":214,"column":22}},{"start":{"line":215,"column":12},"end":{"line":215,"column":16}}],"line":207},"23":{"loc":{"start":{"line":243,"column":33},"end":{"line":243,"column":44}},"type":"default-arg","locations":[{"start":{"line":243,"column":42},"end":{"line":243,"column":44}}],"line":243},"24":{"loc":{"start":{"line":243,"column":57},"end":{"line":243,"column":73}},"type":"default-arg","locations":[{"start":{"line":243,"column":69},"end":{"line":243,"column":73}}],"line":243},"25":{"loc":{"start":{"line":243,"column":75},"end":{"line":243,"column":95}},"type":"default-arg","locations":[{"start":{"line":243,"column":91},"end":{"line":243,"column":95}}],"line":243},"26":{"loc":{"start":{"line":243,"column":97},"end":{"line":243,"column":109}},"type":"default-arg","locations":[{"start":{"line":243,"column":103},"end":{"line":243,"column":109}}],"line":243},"27":{"loc":{"start":{"line":243,"column":112},"end":{"line":243,"column":129}},"type":"default-arg","locations":[{"start":{"line":243,"column":125},"end":{"line":243,"column":129}}],"line":243},"28":{"loc":{"start":{"line":253,"column":89},"end":{"line":253,"column":117}},"type":"cond-expr","locations":[{"start":{"line":253,"column":103},"end":{"line":253,"column":110}},{"start":{"line":253,"column":113},"end":{"line":253,"column":117}}],"line":253},"29":{"loc":{"start":{"line":274,"column":10},"end":{"line":274,"column":61}},"type":"cond-expr","locations":[{"start":{"line":274,"column":52},"end":{"line":274,"column":55}},{"start":{"line":274,"column":58},"end":{"line":274,"column":61}}],"line":274},"30":{"loc":{"start":{"line":274,"column":10},"end":{"line":274,"column":49}},"type":"binary-expr","locations":[{"start":{"line":274,"column":10},"end":{"line":274,"column":21}},{"start":{"line":274,"column":25},"end":{"line":274,"column":35}},{"start":{"line":274,"column":39},"end":{"line":274,"column":49}}],"line":274}},"s":{"0":0,"1":0,"2":0,"3":0,"4":0,"5":0,"6":0,"7":0,"8":0,"9":0,"10":0,"11":0,"12":0,"13":0,"14":0,"15":0,"16":0,"17":0,"18":0,"19":0,"20":0,"21":0,"22":0,"23":0,"24":0,"25":0,"26":0,"27":0,"28":0,"29":0,"30":0,"31":0,"32":0,"33":0,"34":0,"35":0,"36":0,"37":0,"38":0,"39":0,"40":0,"41":0,"42":0,"43":0,"44":0,"45":0,"46":0,"47":0,"48":0,"49":0,"50":0,"51":0,"52":0,"53":0,"54":0,"55":0,"56":0,"57":0,"58":0,"59":0,"60":0,"61":0,"62":0,"63":0,"64":0,"65":0,"66":0,"67":0,"68":0,"69":0,"70":0,"71":0,"72":0,"73":0,"74":0,"75":0,"76":0,"77":0,"78":0,"79":0,"80":0,"81":0,"82":0,"83":0,"84":0,"85":0,"86":0,"87":0},"f":{"0":0,"1":0,"2":0,"3":0,"4":0,"5":0,"6":0,"7":0,"8":0,"9":0,"10":0,"11":0,"12":0,"13":0,"14":0,"15":0,"16":0,"17":0,"18":0,"19":0,"20":0,"21":0,"22":0,"23":0,"24":0,"25":0,"26":0,"27":0,"28":0,"29":0,"30":0,"31":0,"32":0,"33":0,"34":0,"35":0,"36":0,"37":0,"38":0},"b":{"0":[0,0],"1":[0,0],"2":[0,0],"3":[0,0],"4":[0,0],"5":[0,0],"6":[0,0],"7":[0,0],"8":[0],"9":[0],"10":[0],"11":[0,0],"12":[0,0,0],"13":[0,0,0],"14":[0,0],"15":[0,0],"16":[0,0],"17":[0,0],"18":[0,0],"19":[0,0],"20":[0,0],"21":[0,0],"22":[0,0],"23":[0],"24":[0],"25":[0],"26":[0],"27":[0],"28":[0,0],"29":[0,0],"30":[0,0,0]},"hash":"d0e6f7314499f54ecdce06fc569d0cbc8243d505"}
,"D:\\www\\web\\shop2-web\\src\\Layout\\Layout.vue": {"path":"D:\\www\\web\\shop2-web\\src\\Layout\\Layout.vue","statementMap":{"0":{"start":{"line":41,"column":0},"end":{"line":41,"column":null}},"1":{"start":{"line":53,"column":0},"end":{"line":53,"column":null}},"2":{"start":{"line":63,"column":0},"end":{"line":63,"column":null}},"3":{"start":{"line":68,"column":0},"end":{"line":68,"column":null}},"4":{"start":{"line":71,"column":0},"end":{"line":71,"column":null}},"5":{"start":{"line":74,"column":0},"end":{"line":74,"column":null}}},"fnMap":{"0":{"name":"(anonymous_1)","decl":{"start":{"line":52,"column":0},"end":{"line":52,"column":null}},"loc":{"start":{"line":52,"column":0},"end":{"line":60,"column":null}}},"1":{"name":"(anonymous_2)","decl":{"start":{"line":62,"column":0},"end":{"line":62,"column":null}},"loc":{"start":{"line":62,"column":0},"end":{"line":64,"column":null}}},"2":{"name":"(anonymous_3)","decl":{"start":{"line":67,"column":0},"end":{"line":67,"column":null}},"loc":{"start":{"line":67,"column":0},"end":{"line":69,"column":null}}},"3":{"name":"(anonymous_4)","decl":{"start":{"line":70,"column":0},"end":{"line":70,"column":null}},"loc":{"start":{"line":70,"column":0},"end":{"line":72,"column":null}}},"4":{"name":"(anonymous_5)","decl":{"start":{"line":71,"column":0},"end":{"line":71,"column":null}},"loc":{"start":{"line":71,"column":0},"end":{"line":71,"column":null}}},"5":{"name":"(anonymous_6)","decl":{"start":{"line":73,"column":0},"end":{"line":73,"column":null}},"loc":{"start":{"line":73,"column":0},"end":{"line":75,"column":null}}}},"branchMap":{},"s":{"0":0,"1":0,"2":0,"3":0,"4":0,"5":0},"f":{"0":0,"1":0,"2":0,"3":0,"4":0,"5":0},"b":{}}
,"D:\\www\\web\\shop2-web\\src\\Layout\\w1100.vue": {"path":"D:\\www\\web\\shop2-web\\src\\Layout\\w1100.vue","statementMap":{"0":{"start":{"line":13,"column":0},"end":{"line":13,"column":null}}},"fnMap":{"0":{"name":"(anonymous_1)","decl":{"start":{"line":12,"column":0},"end":{"line":12,"column":null}},"loc":{"start":{"line":12,"column":0},"end":{"line":14,"column":null}}}},"branchMap":{},"s":{"0":0},"f":{"0":0},"b":{}}
,"D:\\www\\web\\shop2-web\\src\\Layout\\components\\AppMain.vue": {"path":"D:\\www\\web\\shop2-web\\src\\Layout\\components\\AppMain.vue","statementMap":{"0":{"start":{"line":29,"column":0},"end":{"line":29,"column":null}},"1":{"start":{"line":43,"column":0},"end":{"line":43,"column":null}},"2":{"start":{"line":51,"column":0},"end":{"line":51,"column":null}},"3":{"start":{"line":52,"column":0},"end":{"line":52,"column":null}},"4":{"start":{"line":56,"column":0},"end":{"line":56,"column":null}},"5":{"start":{"line":59,"column":0},"end":{"line":59,"column":null}},"6":{"start":{"line":76,"column":0},"end":{"line":76,"column":null}},"7":{"start":{"line":77,"column":0},"end":{"line":79,"column":null}},"8":{"start":{"line":78,"column":0},"end":{"line":78,"column":null}}},"fnMap":{"0":{"name":"(anonymous_1)","decl":{"start":{"line":28,"column":0},"end":{"line":28,"column":null}},"loc":{"start":{"line":28,"column":0},"end":{"line":40,"column":null}}},"1":{"name":"(anonymous_2)","decl":{"start":{"line":42,"column":0},"end":{"line":42,"column":null}},"loc":{"start":{"line":42,"column":0},"end":{"line":53,"column":null}}},"2":{"name":"(anonymous_3)","decl":{"start":{"line":51,"column":0},"end":{"line":51,"column":null}},"loc":{"start":{"line":51,"column":0},"end":{"line":51,"column":null}}},"3":{"name":"(anonymous_4)","decl":{"start":{"line":55,"column":0},"end":{"line":55,"column":null}},"loc":{"start":{"line":55,"column":0},"end":{"line":57,"column":null}}},"4":{"name":"(anonymous_5)","decl":{"start":{"line":58,"column":0},"end":{"line":58,"column":null}},"loc":{"start":{"line":58,"column":0},"end":{"line":60,"column":null}}},"5":{"name":"(anonymous_6)","decl":{"start":{"line":62,"column":0},"end":{"line":62,"column":null}},"loc":{"start":{"line":62,"column":0},"end":{"line":62,"column":null}}},"6":{"name":"(anonymous_7)","decl":{"start":{"line":66,"column":0},"end":{"line":66,"column":null}},"loc":{"start":{"line":66,"column":0},"end":{"line":66,"column":null}}},"7":{"name":"(anonymous_8)","decl":{"start":{"line":69,"column":0},"end":{"line":69,"column":null}},"loc":{"start":{"line":69,"column":0},"end":{"line":69,"column":null}}},"8":{"name":"(anonymous_9)","decl":{"start":{"line":74,"column":0},"end":{"line":74,"column":null}},"loc":{"start":{"line":74,"column":0},"end":{"line":80,"column":null}}},"9":{"name":"(anonymous_10)","decl":{"start":{"line":77,"column":0},"end":{"line":77,"column":null}},"loc":{"start":{"line":77,"column":0},"end":{"line":79,"column":null}}}},"branchMap":{"0":{"loc":{"start":{"line":51,"column":0},"end":{"line":51,"column":null}},"type":"if","locations":[{"start":{"line":51,"column":0},"end":{"line":51,"column":null}},{"start":{"line":51,"column":0},"end":{"line":51,"column":null}}]}},"s":{"0":0,"1":0,"2":0,"3":0,"4":0,"5":0,"6":0,"7":0,"8":0},"f":{"0":0,"1":0,"2":0,"3":0,"4":0,"5":0,"6":0,"7":0,"8":0,"9":0},"b":{"0":[0,0]}}
,"D:\\www\\web\\shop2-web\\src\\Layout\\components\\NavBar.vue": {"path":"D:\\www\\web\\shop2-web\\src\\Layout\\components\\NavBar.vue","statementMap":{"0":{"start":{"line":131,"column":0},"end":{"line":131,"column":null}},"1":{"start":{"line":132,"column":0},"end":{"line":132,"column":null}},"2":{"start":{"line":134,"column":0},"end":{"line":134,"column":null}},"3":{"start":{"line":136,"column":0},"end":{"line":155,"column":null}},"4":{"start":{"line":137,"column":0},"end":{"line":137,"column":null}},"5":{"start":{"line":141,"column":0},"end":{"line":141,"column":null}},"6":{"start":{"line":144,"column":0},"end":{"line":144,"column":null}},"7":{"start":{"line":150,"column":0},"end":{"line":150,"column":null}},"8":{"start":{"line":157,"column":0},"end":{"line":170,"column":null}},"9":{"start":{"line":158,"column":0},"end":{"line":169,"column":null}},"10":{"start":{"line":159,"column":0},"end":{"line":159,"column":null}},"11":{"start":{"line":163,"column":0},"end":{"line":163,"column":null}},"12":{"start":{"line":171,"column":0},"end":{"line":171,"column":null}},"13":{"start":{"line":202,"column":0},"end":{"line":202,"column":null}},"14":{"start":{"line":342,"column":0},"end":{"line":342,"column":null}},"15":{"start":{"line":348,"column":0},"end":{"line":348,"column":null}},"16":{"start":{"line":349,"column":0},"end":{"line":349,"column":null}},"17":{"start":{"line":350,"column":0},"end":{"line":350,"column":null}},"18":{"start":{"line":351,"column":0},"end":{"line":351,"column":null}},"19":{"start":{"line":354,"column":0},"end":{"line":354,"column":null}},"20":{"start":{"line":359,"column":0},"end":{"line":359,"column":null}},"21":{"start":{"line":362,"column":0},"end":{"line":362,"column":null}},"22":{"start":{"line":363,"column":0},"end":{"line":366,"column":null}},"23":{"start":{"line":364,"column":0},"end":{"line":364,"column":null}},"24":{"start":{"line":365,"column":0},"end":{"line":365,"column":null}},"25":{"start":{"line":369,"column":0},"end":{"line":369,"column":null}},"26":{"start":{"line":372,"column":0},"end":{"line":374,"column":null}},"27":{"start":{"line":373,"column":0},"end":{"line":373,"column":null}},"28":{"start":{"line":375,"column":0},"end":{"line":375,"column":null}},"29":{"start":{"line":378,"column":0},"end":{"line":378,"column":null}},"30":{"start":{"line":379,"column":0},"end":{"line":380,"column":null}},"31":{"start":{"line":384,"column":0},"end":{"line":384,"column":null}},"32":{"start":{"line":387,"column":0},"end":{"line":387,"column":null}},"33":{"start":{"line":388,"column":0},"end":{"line":388,"column":null}},"34":{"start":{"line":395,"column":0},"end":{"line":395,"column":null}},"35":{"start":{"line":396,"column":0},"end":{"line":399,"column":null}},"36":{"start":{"line":397,"column":0},"end":{"line":397,"column":null}},"37":{"start":{"line":398,"column":0},"end":{"line":398,"column":null}},"38":{"start":{"line":400,"column":0},"end":{"line":400,"column":null}},"39":{"start":{"line":403,"column":0},"end":{"line":403,"column":null}},"40":{"start":{"line":404,"column":0},"end":{"line":404,"column":null}},"41":{"start":{"line":405,"column":0},"end":{"line":405,"column":null}},"42":{"start":{"line":406,"column":0},"end":{"line":406,"column":null}},"43":{"start":{"line":407,"column":0},"end":{"line":410,"column":null}},"44":{"start":{"line":408,"column":0},"end":{"line":408,"column":null}},"45":{"start":{"line":409,"column":0},"end":{"line":409,"column":null}},"46":{"start":{"line":412,"column":0},"end":{"line":412,"column":null}},"47":{"start":{"line":415,"column":0},"end":{"line":417,"column":null}},"48":{"start":{"line":416,"column":0},"end":{"line":416,"column":null}},"49":{"start":{"line":418,"column":0},"end":{"line":423,"column":null}},"50":{"start":{"line":419,"column":0},"end":{"line":421,"column":null}},"51":{"start":{"line":420,"column":0},"end":{"line":420,"column":null}},"52":{"start":{"line":422,"column":0},"end":{"line":422,"column":null}},"53":{"start":{"line":429,"column":0},"end":{"line":431,"column":null}},"54":{"start":{"line":430,"column":0},"end":{"line":430,"column":null}},"55":{"start":{"line":434,"column":0},"end":{"line":434,"column":null}},"56":{"start":{"line":437,"column":0},"end":{"line":437,"column":null}},"57":{"start":{"line":441,"column":0},"end":{"line":441,"column":null}},"58":{"start":{"line":442,"column":0},"end":{"line":442,"column":null}},"59":{"start":{"line":445,"column":0},"end":{"line":445,"column":null}},"60":{"start":{"line":450,"column":0},"end":{"line":450,"column":null}},"61":{"start":{"line":454,"column":0},"end":{"line":454,"column":null}},"62":{"start":{"line":461,"column":0},"end":{"line":461,"column":null}},"63":{"start":{"line":462,"column":0},"end":{"line":464,"column":null}},"64":{"start":{"line":463,"column":0},"end":{"line":463,"column":null}},"65":{"start":{"line":465,"column":0},"end":{"line":465,"column":null}},"66":{"start":{"line":468,"column":0},"end":{"line":468,"column":null}},"67":{"start":{"line":473,"column":0},"end":{"line":473,"column":null}},"68":{"start":{"line":478,"column":0},"end":{"line":478,"column":null}},"69":{"start":{"line":482,"column":0},"end":{"line":482,"column":null}},"70":{"start":{"line":488,"column":0},"end":{"line":488,"column":null}},"71":{"start":{"line":492,"column":0},"end":{"line":492,"column":null}},"72":{"start":{"line":498,"column":0},"end":{"line":498,"column":null}},"73":{"start":{"line":499,"column":0},"end":{"line":499,"column":null}}},"fnMap":{"0":{"name":"getPlatformInfo","decl":{"start":{"line":133,"column":0},"end":{"line":133,"column":null}},"loc":{"start":{"line":133,"column":0},"end":{"line":197,"column":null}}},"1":{"name":"(anonymous_3)","decl":{"start":{"line":137,"column":0},"end":{"line":137,"column":null}},"loc":{"start":{"line":137,"column":0},"end":{"line":137,"column":null}}},"2":{"name":"(anonymous_4)","decl":{"start":{"line":158,"column":0},"end":{"line":158,"column":null}},"loc":{"start":{"line":158,"column":0},"end":{"line":169,"column":null}}},"3":{"name":"(anonymous_5)","decl":{"start":{"line":162,"column":0},"end":{"line":162,"column":null}},"loc":{"start":{"line":162,"column":0},"end":{"line":167,"column":null}}},"4":{"name":"(anonymous_6)","decl":{"start":{"line":201,"column":0},"end":{"line":201,"column":null}},"loc":{"start":{"line":201,"column":0},"end":{"line":337,"column":null}}},"5":{"name":"(anonymous_7)","decl":{"start":{"line":340,"column":0},"end":{"line":340,"column":null}},"loc":{"start":{"line":340,"column":0},"end":{"line":360,"column":null}}},"6":{"name":"(anonymous_8)","decl":{"start":{"line":350,"column":0},"end":{"line":350,"column":null}},"loc":{"start":{"line":350,"column":0},"end":{"line":350,"column":null}}},"7":{"name":"(anonymous_9)","decl":{"start":{"line":351,"column":0},"end":{"line":351,"column":null}},"loc":{"start":{"line":351,"column":0},"end":{"line":351,"column":null}}},"8":{"name":"(anonymous_11)","decl":{"start":{"line":354,"column":0},"end":{"line":354,"column":null}},"loc":{"start":{"line":354,"column":0},"end":{"line":354,"column":null}}},"9":{"name":"(anonymous_13)","decl":{"start":{"line":361,"column":0},"end":{"line":361,"column":null}},"loc":{"start":{"line":361,"column":0},"end":{"line":367,"column":null}}},"10":{"name":"(anonymous_14)","decl":{"start":{"line":363,"column":0},"end":{"line":363,"column":null}},"loc":{"start":{"line":363,"column":0},"end":{"line":366,"column":null}}},"11":{"name":"(anonymous_15)","decl":{"start":{"line":368,"column":0},"end":{"line":368,"column":null}},"loc":{"start":{"line":368,"column":0},"end":{"line":370,"column":null}}},"12":{"name":"(anonymous_16)","decl":{"start":{"line":371,"column":0},"end":{"line":371,"column":null}},"loc":{"start":{"line":371,"column":0},"end":{"line":376,"column":null}}},"13":{"name":"(anonymous_17)","decl":{"start":{"line":377,"column":0},"end":{"line":377,"column":null}},"loc":{"start":{"line":377,"column":0},"end":{"line":385,"column":null}}},"14":{"name":"(anonymous_18)","decl":{"start":{"line":386,"column":0},"end":{"line":386,"column":null}},"loc":{"start":{"line":386,"column":0},"end":{"line":389,"column":null}}},"15":{"name":"(anonymous_19)","decl":{"start":{"line":391,"column":0},"end":{"line":391,"column":null}},"loc":{"start":{"line":391,"column":0},"end":{"line":393,"column":null}}},"16":{"name":"(anonymous_20)","decl":{"start":{"line":394,"column":0},"end":{"line":394,"column":null}},"loc":{"start":{"line":394,"column":0},"end":{"line":401,"column":null}}},"17":{"name":"(anonymous_21)","decl":{"start":{"line":402,"column":0},"end":{"line":402,"column":null}},"loc":{"start":{"line":402,"column":0},"end":{"line":413,"column":null}}},"18":{"name":"(anonymous_22)","decl":{"start":{"line":414,"column":0},"end":{"line":414,"column":null}},"loc":{"start":{"line":414,"column":0},"end":{"line":424,"column":null}}},"19":{"name":"(anonymous_23)","decl":{"start":{"line":418,"column":0},"end":{"line":418,"column":null}},"loc":{"start":{"line":418,"column":0},"end":{"line":423,"column":null}}},"20":{"name":"(anonymous_24)","decl":{"start":{"line":419,"column":0},"end":{"line":419,"column":null}},"loc":{"start":{"line":419,"column":0},"end":{"line":421,"column":null}}},"21":{"name":"(anonymous_25)","decl":{"start":{"line":426,"column":0},"end":{"line":426,"column":null}},"loc":{"start":{"line":426,"column":0},"end":{"line":432,"column":null}}},"22":{"name":"(anonymous_26)","decl":{"start":{"line":433,"column":0},"end":{"line":433,"column":null}},"loc":{"start":{"line":433,"column":0},"end":{"line":435,"column":null}}},"23":{"name":"(anonymous_27)","decl":{"start":{"line":436,"column":0},"end":{"line":436,"column":null}},"loc":{"start":{"line":436,"column":0},"end":{"line":438,"column":null}}},"24":{"name":"(anonymous_28)","decl":{"start":{"line":440,"column":0},"end":{"line":440,"column":null}},"loc":{"start":{"line":440,"column":0},"end":{"line":443,"column":null}}},"25":{"name":"(anonymous_29)","decl":{"start":{"line":444,"column":0},"end":{"line":444,"column":null}},"loc":{"start":{"line":444,"column":0},"end":{"line":446,"column":null}}},"26":{"name":"(anonymous_30)","decl":{"start":{"line":449,"column":0},"end":{"line":449,"column":null}},"loc":{"start":{"line":449,"column":0},"end":{"line":451,"column":null}}},"27":{"name":"(anonymous_31)","decl":{"start":{"line":453,"column":0},"end":{"line":453,"column":null}},"loc":{"start":{"line":453,"column":0},"end":{"line":458,"column":null}}},"28":{"name":"(anonymous_32)","decl":{"start":{"line":454,"column":0},"end":{"line":454,"column":null}},"loc":{"start":{"line":454,"column":0},"end":{"line":454,"column":null}}},"29":{"name":"(anonymous_33)","decl":{"start":{"line":460,"column":0},"end":{"line":460,"column":null}},"loc":{"start":{"line":460,"column":0},"end":{"line":466,"column":null}}},"30":{"name":"(anonymous_34)","decl":{"start":{"line":462,"column":0},"end":{"line":462,"column":null}},"loc":{"start":{"line":462,"column":0},"end":{"line":464,"column":null}}},"31":{"name":"(anonymous_35)","decl":{"start":{"line":467,"column":0},"end":{"line":467,"column":null}},"loc":{"start":{"line":467,"column":0},"end":{"line":470,"column":null}}},"32":{"name":"(anonymous_36)","decl":{"start":{"line":471,"column":0},"end":{"line":471,"column":null}},"loc":{"start":{"line":471,"column":0},"end":{"line":476,"column":null}}},"33":{"name":"(anonymous_37)","decl":{"start":{"line":477,"column":0},"end":{"line":477,"column":null}},"loc":{"start":{"line":477,"column":0},"end":{"line":479,"column":null}}},"34":{"name":"(anonymous_38)","decl":{"start":{"line":481,"column":0},"end":{"line":481,"column":null}},"loc":{"start":{"line":481,"column":0},"end":{"line":496,"column":null}}},"35":{"name":"(anonymous_39)","decl":{"start":{"line":482,"column":0},"end":{"line":482,"column":null}},"loc":{"start":{"line":482,"column":0},"end":{"line":482,"column":null}}},"36":{"name":"(anonymous_40)","decl":{"start":{"line":497,"column":0},"end":{"line":497,"column":null}},"loc":{"start":{"line":497,"column":0},"end":{"line":500,"column":null}}}},"branchMap":{"0":{"loc":{"start":{"line":136,"column":0},"end":{"line":155,"column":null}},"type":"if","locations":[{"start":{"line":136,"column":0},"end":{"line":155,"column":null}},{"start":{"line":136,"column":0},"end":{"line":155,"column":null}}]},"1":{"loc":{"start":{"line":157,"column":0},"end":{"line":170,"column":null}},"type":"if","locations":[{"start":{"line":157,"column":0},"end":{"line":170,"column":null}},{"start":{"line":157,"column":0},"end":{"line":170,"column":null}}]},"2":{"loc":{"start":{"line":157,"column":0},"end":{"line":157,"column":null}},"type":"binary-expr","locations":[{"start":{"line":157,"column":0},"end":{"line":157,"column":null}},{"start":{"line":157,"column":0},"end":{"line":157,"column":null}}]},"3":{"loc":{"start":{"line":372,"column":0},"end":{"line":374,"column":null}},"type":"if","locations":[{"start":{"line":372,"column":0},"end":{"line":374,"column":null}},{"start":{"line":372,"column":0},"end":{"line":374,"column":null}}]},"4":{"loc":{"start":{"line":379,"column":0},"end":{"line":379,"column":null}},"type":"binary-expr","locations":[{"start":{"line":379,"column":0},"end":{"line":379,"column":null}},{"start":{"line":379,"column":0},"end":{"line":380,"column":null}}]},"5":{"loc":{"start":{"line":407,"column":0},"end":{"line":410,"column":null}},"type":"if","locations":[{"start":{"line":407,"column":0},"end":{"line":410,"column":null}},{"start":{"line":407,"column":0},"end":{"line":410,"column":null}}]},"6":{"loc":{"start":{"line":415,"column":0},"end":{"line":417,"column":null}},"type":"if","locations":[{"start":{"line":415,"column":0},"end":{"line":417,"column":null}},{"start":{"line":415,"column":0},"end":{"line":417,"column":null}}]},"7":{"loc":{"start":{"line":429,"column":0},"end":{"line":431,"column":null}},"type":"if","locations":[{"start":{"line":429,"column":0},"end":{"line":431,"column":null}},{"start":{"line":429,"column":0},"end":{"line":431,"column":null}}]},"8":{"loc":{"start":{"line":450,"column":0},"end":{"line":450,"column":null}},"type":"binary-expr","locations":[{"start":{"line":450,"column":0},"end":{"line":450,"column":null}},{"start":{"line":450,"column":0},"end":{"line":450,"column":null}}]},"9":{"loc":{"start":{"line":468,"column":0},"end":{"line":468,"column":null}},"type":"binary-expr","locations":[{"start":{"line":468,"column":0},"end":{"line":468,"column":null}},{"start":{"line":468,"column":0},"end":{"line":468,"column":null}}]},"10":{"loc":{"start":{"line":473,"column":0},"end":{"line":473,"column":null}},"type":"binary-expr","locations":[{"start":{"line":473,"column":0},"end":{"line":473,"column":null}},{"start":{"line":473,"column":0},"end":{"line":473,"column":null}}]}},"s":{"0":0,"1":0,"2":0,"3":0,"4":0,"5":0,"6":0,"7":0,"8":0,"9":0,"10":0,"11":0,"12":0,"13":0,"14":0,"15":0,"16":0,"17":0,"18":0,"19":0,"20":0,"21":0,"22":0,"23":0,"24":0,"25":0,"26":0,"27":0,"28":0,"29":0,"30":0,"31":0,"32":0,"33":0,"34":0,"35":0,"36":0,"37":0,"38":0,"39":0,"40":0,"41":0,"42":0,"43":0,"44":0,"45":0,"46":0,"47":0,"48":0,"49":0,"50":0,"51":0,"52":0,"53":0,"54":0,"55":0,"56":0,"57":0,"58":0,"59":0,"60":0,"61":0,"62":0,"63":0,"64":0,"65":0,"66":0,"67":0,"68":0,"69":0,"70":0,"71":0,"72":0,"73":0},"f":{"0":0,"1":0,"2":0,"3":0,"4":0,"5":0,"6":0,"7":0,"8":0,"9":0,"10":0,"11":0,"12":0,"13":0,"14":0,"15":0,"16":0,"17":0,"18":0,"19":0,"20":0,"21":0,"22":0,"23":0,"24":0,"25":0,"26":0,"27":0,"28":0,"29":0,"30":0,"31":0,"32":0,"33":0,"34":0,"35":0,"36":0},"b":{"0":[0,0],"1":[0,0],"2":[0,0],"3":[0,0],"4":[0,0],"5":[0,0],"6":[0,0],"7":[0,0],"8":[0,0],"9":[0,0],"10":[0,0]}}
,"D:\\www\\web\\shop2-web\\src\\Layout\\components\\ScrollBar.vue": {"path":"D:\\www\\web\\shop2-web\\src\\Layout\\components\\ScrollBar.vue","statementMap":{"0":{"start":{"line":10,"column":0},"end":{"line":10,"column":null}},"1":{"start":{"line":15,"column":0},"end":{"line":15,"column":null}},"2":{"start":{"line":21,"column":0},"end":{"line":21,"column":null}},"3":{"start":{"line":22,"column":0},"end":{"line":22,"column":null}},"4":{"start":{"line":23,"column":0},"end":{"line":23,"column":null}},"5":{"start":{"line":24,"column":0},"end":{"line":24,"column":null}},"6":{"start":{"line":25,"column":0},"end":{"line":25,"column":null}},"7":{"start":{"line":26,"column":0},"end":{"line":28,"column":null}},"8":{"start":{"line":27,"column":0},"end":{"line":27,"column":null}},"9":{"start":{"line":29,"column":0},"end":{"line":42,"column":null}},"10":{"start":{"line":30,"column":0},"end":{"line":30,"column":null}},"11":{"start":{"line":31,"column":0},"end":{"line":42,"column":null}},"12":{"start":{"line":32,"column":0},"end":{"line":39,"column":null}},"13":{"start":{"line":33,"column":0},"end":{"line":33,"column":null}},"14":{"start":{"line":35,"column":0},"end":{"line":35,"column":null}},"15":{"start":{"line":41,"column":0},"end":{"line":41,"column":null}}},"fnMap":{"0":{"name":"(anonymous_1)","decl":{"start":{"line":14,"column":0},"end":{"line":14,"column":null}},"loc":{"start":{"line":14,"column":0},"end":{"line":18,"column":null}}},"1":{"name":"(anonymous_2)","decl":{"start":{"line":20,"column":0},"end":{"line":20,"column":null}},"loc":{"start":{"line":20,"column":0},"end":{"line":43,"column":null}}}},"branchMap":{"0":{"loc":{"start":{"line":21,"column":0},"end":{"line":21,"column":null}},"type":"binary-expr","locations":[{"start":{"line":21,"column":0},"end":{"line":21,"column":null}},{"start":{"line":21,"column":0},"end":{"line":21,"column":null}}]},"1":{"loc":{"start":{"line":26,"column":0},"end":{"line":28,"column":null}},"type":"if","locations":[{"start":{"line":26,"column":0},"end":{"line":28,"column":null}},{"start":{"line":26,"column":0},"end":{"line":28,"column":null}}]},"2":{"loc":{"start":{"line":29,"column":0},"end":{"line":42,"column":null}},"type":"if","locations":[{"start":{"line":29,"column":0},"end":{"line":42,"column":null}},{"start":{"line":29,"column":0},"end":{"line":42,"column":null}}]},"3":{"loc":{"start":{"line":31,"column":0},"end":{"line":42,"column":null}},"type":"if","locations":[{"start":{"line":31,"column":0},"end":{"line":42,"column":null}},{"start":{"line":31,"column":0},"end":{"line":42,"column":null}}]},"4":{"loc":{"start":{"line":32,"column":0},"end":{"line":39,"column":null}},"type":"if","locations":[{"start":{"line":32,"column":0},"end":{"line":39,"column":null}},{"start":{"line":32,"column":0},"end":{"line":39,"column":null}}]}},"s":{"0":0,"1":0,"2":0,"3":0,"4":0,"5":0,"6":0,"7":0,"8":0,"9":0,"10":0,"11":0,"12":0,"13":0,"14":0,"15":0},"f":{"0":0,"1":0},"b":{"0":[0,0],"1":[0,0],"2":[0,0],"3":[0,0],"4":[0,0]}}
,"D:\\www\\web\\shop2-web\\src\\Layout\\components\\SubNav.vue": {"path":"D:\\www\\web\\shop2-web\\src\\Layout\\components\\SubNav.vue","statementMap":{"0":{"start":{"line":12,"column":0},"end":{"line":12,"column":null}},"1":{"start":{"line":17,"column":0},"end":{"line":17,"column":null}}},"fnMap":{"0":{"name":"(anonymous_1)","decl":{"start":{"line":11,"column":0},"end":{"line":11,"column":null}},"loc":{"start":{"line":11,"column":0},"end":{"line":13,"column":null}}},"1":{"name":"(anonymous_2)","decl":{"start":{"line":12,"column":0},"end":{"line":12,"column":null}},"loc":{"start":{"line":12,"column":0},"end":{"line":12,"column":null}}},"2":{"name":"(anonymous_3)","decl":{"start":{"line":16,"column":0},"end":{"line":16,"column":null}},"loc":{"start":{"line":16,"column":0},"end":{"line":18,"column":null}}}},"branchMap":{},"s":{"0":0,"1":0},"f":{"0":0,"1":0,"2":0},"b":{}}
,"D:\\www\\web\\shop2-web\\src\\Layout\\components\\index.js": {"path":"D:\\www\\web\\shop2-web\\src\\Layout\\components\\index.js","statementMap":{},"fnMap":{},"branchMap":{},"s":{},"f":{},"b":{},"hash":"58988cc0cfb07c9337890f9823b9f813b1d8a426"}
,"D:\\www\\web\\shop2-web\\src\\components\\index.js": {"path":"D:\\www\\web\\shop2-web\\src\\components\\index.js","statementMap":{"0":{"start":{"line":4,"column":25},"end":{"line":11,"column":1}},"1":{"start":{"line":12,"column":0},"end":{"line":15,"column":2}},"2":{"start":{"line":13,"column":20},"end":{"line":13,"column":46}},"3":{"start":{"line":14,"column":2},"end":{"line":14,"column":41}}},"fnMap":{"0":{"name":"(anonymous_0)","decl":{"start":{"line":12,"column":32},"end":{"line":12,"column":33}},"loc":{"start":{"line":12,"column":44},"end":{"line":15,"column":1}},"line":12}},"branchMap":{"0":{"loc":{"start":{"line":14,"column":10},"end":{"line":14,"column":40}},"type":"binary-expr","locations":[{"start":{"line":14,"column":10},"end":{"line":14,"column":27}},{"start":{"line":14,"column":31},"end":{"line":14,"column":40}}],"line":14}},"s":{"0":0,"1":0,"2":0,"3":0},"f":{"0":0},"b":{"0":[0,0]},"hash":"deab6df546428da474ae4d8d5131ed49f5a77bc3"}
,"D:\\www\\web\\shop2-web\\src\\components\\DataTable\\index.js": {"path":"D:\\www\\web\\shop2-web\\src\\components\\DataTable\\index.js","statementMap":{"0":{"start":{"line":3,"column":0},"end":{"line":5,"column":1}},"1":{"start":{"line":4,"column":2},"end":{"line":4,"column":42}}},"fnMap":{"0":{"name":"(anonymous_0)","decl":{"start":{"line":3,"column":20},"end":{"line":3,"column":21}},"loc":{"start":{"line":3,"column":34},"end":{"line":5,"column":1}},"line":3}},"branchMap":{},"s":{"0":0,"1":0},"f":{"0":0},"b":{},"hash":"6e43536b2d8ee3e97ef6e976cf4479e4d1ff4e8e"}
,"D:\\www\\web\\shop2-web\\src\\components\\DataTable\\src\\DataTable.vue": {"path":"D:\\www\\web\\shop2-web\\src\\components\\DataTable\\src\\DataTable.vue","statementMap":{"0":{"start":{"line":78,"column":0},"end":{"line":78,"column":null}},"1":{"start":{"line":82,"column":0},"end":{"line":83,"column":null}},"2":{"start":{"line":95,"column":0},"end":{"line":95,"column":null}},"3":{"start":{"line":106,"column":0},"end":{"line":106,"column":null}},"4":{"start":{"line":118,"column":0},"end":{"line":124,"column":null}},"5":{"start":{"line":119,"column":0},"end":{"line":119,"column":null}},"6":{"start":{"line":120,"column":0},"end":{"line":124,"column":null}},"7":{"start":{"line":121,"column":0},"end":{"line":121,"column":null}},"8":{"start":{"line":123,"column":0},"end":{"line":123,"column":null}},"9":{"start":{"line":127,"column":0},"end":{"line":127,"column":null}},"10":{"start":{"line":132,"column":0},"end":{"line":134,"column":null}},"11":{"start":{"line":133,"column":0},"end":{"line":133,"column":null}},"12":{"start":{"line":135,"column":0},"end":{"line":137,"column":null}},"13":{"start":{"line":136,"column":0},"end":{"line":136,"column":null}},"14":{"start":{"line":138,"column":0},"end":{"line":140,"column":null}},"15":{"start":{"line":139,"column":0},"end":{"line":139,"column":null}},"16":{"start":{"line":141,"column":0},"end":{"line":143,"column":null}},"17":{"start":{"line":142,"column":0},"end":{"line":142,"column":null}}},"fnMap":{"0":{"name":"(anonymous_1)","decl":{"start":{"line":78,"column":0},"end":{"line":78,"column":null}},"loc":{"start":{"line":78,"column":0},"end":{"line":78,"column":null}}},"1":{"name":"(anonymous_2)","decl":{"start":{"line":82,"column":0},"end":{"line":82,"column":null}},"loc":{"start":{"line":82,"column":0},"end":{"line":83,"column":null}}},"2":{"name":"(anonymous_3)","decl":{"start":{"line":94,"column":0},"end":{"line":94,"column":null}},"loc":{"start":{"line":94,"column":0},"end":{"line":103,"column":null}}},"3":{"name":"(anonymous_4)","decl":{"start":{"line":105,"column":0},"end":{"line":105,"column":null}},"loc":{"start":{"line":105,"column":0},"end":{"line":115,"column":null}}},"4":{"name":"(anonymous_5)","decl":{"start":{"line":116,"column":0},"end":{"line":116,"column":null}},"loc":{"start":{"line":116,"column":0},"end":{"line":125,"column":null}}},"5":{"name":"(anonymous_6)","decl":{"start":{"line":126,"column":0},"end":{"line":126,"column":null}},"loc":{"start":{"line":126,"column":0},"end":{"line":128,"column":null}}},"6":{"name":"(anonymous_7)","decl":{"start":{"line":131,"column":0},"end":{"line":131,"column":null}},"loc":{"start":{"line":131,"column":0},"end":{"line":144,"column":null}}},"7":{"name":"(anonymous_8)","decl":{"start":{"line":139,"column":0},"end":{"line":139,"column":null}},"loc":{"start":{"line":139,"column":0},"end":{"line":139,"column":null}}},"8":{"name":"(anonymous_9)","decl":{"start":{"line":142,"column":0},"end":{"line":142,"column":null}},"loc":{"start":{"line":142,"column":0},"end":{"line":142,"column":null}}}},"branchMap":{"0":{"loc":{"start":{"line":118,"column":0},"end":{"line":124,"column":null}},"type":"if","locations":[{"start":{"line":118,"column":0},"end":{"line":124,"column":null}},{"start":{"line":118,"column":0},"end":{"line":124,"column":null}}]},"1":{"loc":{"start":{"line":120,"column":0},"end":{"line":124,"column":null}},"type":"if","locations":[{"start":{"line":120,"column":0},"end":{"line":124,"column":null}},{"start":{"line":120,"column":0},"end":{"line":124,"column":null}}]},"2":{"loc":{"start":{"line":132,"column":0},"end":{"line":134,"column":null}},"type":"if","locations":[{"start":{"line":132,"column":0},"end":{"line":134,"column":null}},{"start":{"line":132,"column":0},"end":{"line":134,"column":null}}]},"3":{"loc":{"start":{"line":135,"column":0},"end":{"line":137,"column":null}},"type":"if","locations":[{"start":{"line":135,"column":0},"end":{"line":137,"column":null}},{"start":{"line":135,"column":0},"end":{"line":137,"column":null}}]},"4":{"loc":{"start":{"line":138,"column":0},"end":{"line":140,"column":null}},"type":"if","locations":[{"start":{"line":138,"column":0},"end":{"line":140,"column":null}},{"start":{"line":138,"column":0},"end":{"line":140,"column":null}}]},"5":{"loc":{"start":{"line":141,"column":0},"end":{"line":143,"column":null}},"type":"if","locations":[{"start":{"line":141,"column":0},"end":{"line":143,"column":null}},{"start":{"line":141,"column":0},"end":{"line":143,"column":null}}]}},"s":{"0":0,"1":0,"2":0,"3":0,"4":0,"5":0,"6":0,"7":0,"8":0,"9":0,"10":0,"11":0,"12":0,"13":0,"14":0,"15":0,"16":0,"17":0},"f":{"0":0,"1":0,"2":0,"3":0,"4":0,"5":0,"6":0,"7":0,"8":0},"b":{"0":[0,0],"1":[0,0],"2":[0,0],"3":[0,0],"4":[0,0],"5":[0,0]}}
,"D:\\www\\web\\shop2-web\\src\\components\\Import\\index.js": {"path":"D:\\www\\web\\shop2-web\\src\\components\\Import\\index.js","statementMap":{"0":{"start":{"line":3,"column":0},"end":{"line":5,"column":1}},"1":{"start":{"line":4,"column":2},"end":{"line":4,"column":46}}},"fnMap":{"0":{"name":"(anonymous_0)","decl":{"start":{"line":3,"column":22},"end":{"line":3,"column":23}},"loc":{"start":{"line":3,"column":36},"end":{"line":5,"column":1}},"line":3}},"branchMap":{},"s":{"0":0,"1":0},"f":{"0":0},"b":{},"hash":"60636007f462414efca988327468c13ece61293b"}
,"D:\\www\\web\\shop2-web\\src\\components\\Import\\src\\ImportFile.vue": {"path":"D:\\www\\web\\shop2-web\\src\\components\\Import\\src\\ImportFile.vue","statementMap":{"0":{"start":{"line":42,"column":0},"end":{"line":42,"column":null}},"1":{"start":{"line":77,"column":0},"end":{"line":77,"column":null}},"2":{"start":{"line":94,"column":0},"end":{"line":96,"column":null}},"3":{"start":{"line":95,"column":0},"end":{"line":95,"column":null}},"4":{"start":{"line":100,"column":0},"end":{"line":100,"column":null}},"5":{"start":{"line":103,"column":0},"end":{"line":103,"column":null}},"6":{"start":{"line":104,"column":0},"end":{"line":114,"column":null}},"7":{"start":{"line":106,"column":0},"end":{"line":106,"column":null}},"8":{"start":{"line":107,"column":0},"end":{"line":109,"column":null}},"9":{"start":{"line":108,"column":0},"end":{"line":108,"column":null}},"10":{"start":{"line":110,"column":0},"end":{"line":110,"column":null}},"11":{"start":{"line":113,"column":0},"end":{"line":113,"column":null}},"12":{"start":{"line":118,"column":0},"end":{"line":118,"column":null}},"13":{"start":{"line":121,"column":0},"end":{"line":121,"column":null}},"14":{"start":{"line":125,"column":0},"end":{"line":125,"column":null}},"15":{"start":{"line":126,"column":0},"end":{"line":126,"column":null}},"16":{"start":{"line":129,"column":0},"end":{"line":129,"column":null}},"17":{"start":{"line":130,"column":0},"end":{"line":130,"column":null}},"18":{"start":{"line":131,"column":0},"end":{"line":131,"column":null}},"19":{"start":{"line":134,"column":0},"end":{"line":134,"column":null}},"20":{"start":{"line":136,"column":0},"end":{"line":136,"column":null}},"21":{"start":{"line":141,"column":0},"end":{"line":141,"column":null}},"22":{"start":{"line":144,"column":0},"end":{"line":146,"column":null}},"23":{"start":{"line":145,"column":0},"end":{"line":145,"column":null}},"24":{"start":{"line":147,"column":0},"end":{"line":149,"column":null}},"25":{"start":{"line":148,"column":0},"end":{"line":148,"column":null}},"26":{"start":{"line":150,"column":0},"end":{"line":150,"column":null}},"27":{"start":{"line":154,"column":0},"end":{"line":156,"column":null}},"28":{"start":{"line":155,"column":0},"end":{"line":155,"column":null}},"29":{"start":{"line":157,"column":0},"end":{"line":157,"column":null}}},"fnMap":{"0":{"name":"(anonymous_1)","decl":{"start":{"line":55,"column":0},"end":{"line":55,"column":null}},"loc":{"start":{"line":55,"column":0},"end":{"line":55,"column":null}}},"1":{"name":"(anonymous_2)","decl":{"start":{"line":58,"column":0},"end":{"line":58,"column":null}},"loc":{"start":{"line":58,"column":0},"end":{"line":58,"column":null}}},"2":{"name":"(anonymous_3)","decl":{"start":{"line":76,"column":0},"end":{"line":76,"column":null}},"loc":{"start":{"line":76,"column":0},"end":{"line":92,"column":null}}},"3":{"name":"(anonymous_4)","decl":{"start":{"line":93,"column":0},"end":{"line":93,"column":null}},"loc":{"start":{"line":93,"column":0},"end":{"line":97,"column":null}}},"4":{"name":"(anonymous_5)","decl":{"start":{"line":99,"column":0},"end":{"line":99,"column":null}},"loc":{"start":{"line":99,"column":0},"end":{"line":101,"column":null}}},"5":{"name":"(anonymous_6)","decl":{"start":{"line":102,"column":0},"end":{"line":102,"column":null}},"loc":{"start":{"line":102,"column":0},"end":{"line":115,"column":null}}},"6":{"name":"(anonymous_7)","decl":{"start":{"line":104,"column":0},"end":{"line":104,"column":null}},"loc":{"start":{"line":104,"column":0},"end":{"line":111,"column":null}}},"7":{"name":"(anonymous_8)","decl":{"start":{"line":111,"column":0},"end":{"line":111,"column":null}},"loc":{"start":{"line":111,"column":0},"end":{"line":114,"column":null}}},"8":{"name":"(anonymous_9)","decl":{"start":{"line":117,"column":0},"end":{"line":117,"column":null}},"loc":{"start":{"line":117,"column":0},"end":{"line":119,"column":null}}},"9":{"name":"(anonymous_10)","decl":{"start":{"line":120,"column":0},"end":{"line":120,"column":null}},"loc":{"start":{"line":120,"column":0},"end":{"line":127,"column":null}}},"10":{"name":"(anonymous_11)","decl":{"start":{"line":128,"column":0},"end":{"line":128,"column":null}},"loc":{"start":{"line":128,"column":0},"end":{"line":132,"column":null}}},"11":{"name":"(anonymous_12)","decl":{"start":{"line":133,"column":0},"end":{"line":133,"column":null}},"loc":{"start":{"line":133,"column":0},"end":{"line":151,"column":null}}},"12":{"name":"(anonymous_13)","decl":{"start":{"line":152,"column":0},"end":{"line":152,"column":null}},"loc":{"start":{"line":152,"column":0},"end":{"line":158,"column":null}}}},"branchMap":{"0":{"loc":{"start":{"line":94,"column":0},"end":{"line":96,"column":null}},"type":"if","locations":[{"start":{"line":94,"column":0},"end":{"line":96,"column":null}},{"start":{"line":94,"column":0},"end":{"line":96,"column":null}}]},"1":{"loc":{"start":{"line":107,"column":0},"end":{"line":109,"column":null}},"type":"if","locations":[{"start":{"line":107,"column":0},"end":{"line":109,"column":null}},{"start":{"line":107,"column":0},"end":{"line":109,"column":null}}]},"2":{"loc":{"start":{"line":107,"column":0},"end":{"line":107,"column":null}},"type":"binary-expr","locations":[{"start":{"line":107,"column":0},"end":{"line":107,"column":null}},{"start":{"line":107,"column":0},"end":{"line":107,"column":null}}]},"3":{"loc":{"start":{"line":110,"column":0},"end":{"line":110,"column":null}},"type":"binary-expr","locations":[{"start":{"line":110,"column":0},"end":{"line":110,"column":null}},{"start":{"line":110,"column":0},"end":{"line":110,"column":null}}]},"4":{"loc":{"start":{"line":136,"column":0},"end":{"line":136,"column":null}},"type":"cond-expr","locations":[{"start":{"line":136,"column":0},"end":{"line":136,"column":null}},{"start":{"line":136,"column":0},"end":{"line":136,"column":null}}]},"5":{"loc":{"start":{"line":144,"column":0},"end":{"line":146,"column":null}},"type":"if","locations":[{"start":{"line":144,"column":0},"end":{"line":146,"column":null}},{"start":{"line":144,"column":0},"end":{"line":146,"column":null}}]},"6":{"loc":{"start":{"line":145,"column":0},"end":{"line":145,"column":null}},"type":"cond-expr","locations":[{"start":{"line":145,"column":0},"end":{"line":145,"column":null}},{"start":{"line":145,"column":0},"end":{"line":145,"column":null}}]},"7":{"loc":{"start":{"line":147,"column":0},"end":{"line":149,"column":null}},"type":"if","locations":[{"start":{"line":147,"column":0},"end":{"line":149,"column":null}},{"start":{"line":147,"column":0},"end":{"line":149,"column":null}}]},"8":{"loc":{"start":{"line":154,"column":0},"end":{"line":156,"column":null}},"type":"if","locations":[{"start":{"line":154,"column":0},"end":{"line":156,"column":null}},{"start":{"line":154,"column":0},"end":{"line":156,"column":null}}]},"9":{"loc":{"start":{"line":154,"column":0},"end":{"line":154,"column":null}},"type":"binary-expr","locations":[{"start":{"line":154,"column":0},"end":{"line":154,"column":null}},{"start":{"line":154,"column":0},"end":{"line":154,"column":null}}]}},"s":{"0":0,"1":0,"2":0,"3":0,"4":0,"5":0,"6":0,"7":0,"8":0,"9":0,"10":0,"11":0,"12":0,"13":0,"14":0,"15":0,"16":0,"17":0,"18":0,"19":0,"20":0,"21":0,"22":0,"23":0,"24":0,"25":0,"26":0,"27":0,"28":0,"29":0},"f":{"0":0,"1":0,"2":0,"3":0,"4":0,"5":0,"6":0,"7":0,"8":0,"9":0,"10":0,"11":0,"12":0},"b":{"0":[0,0],"1":[0,0],"2":[0,0],"3":[0,0],"4":[0,0],"5":[0,0],"6":[0,0],"7":[0,0],"8":[0,0],"9":[0,0]}}
[...]
":{"line":335,"column":null}},{"start":{"line":332,"column":0},"end":{"line":335,"column":null}}]},"16":{"loc":{"start":{"line":351,"column":0},"end":{"line":355,"column":null}},"type":"if","locations":[{"start":{"line":351,"column":0},"end":{"line":355,"column":null}},{"start":{"line":351,"column":0},"end":{"line":355,"column":null}}]},"17":{"loc":{"start":{"line":365,"column":0},"end":{"line":365,"column":null}},"type":"binary-expr","locations":[{"start":{"line":365,"column":0},"end":{"line":365,"column":null}},{"start":{"line":365,"column":0},"end":{"line":365,"column":null}}]},"18":{"loc":{"start":{"line":366,"column":0},"end":{"line":366,"column":null}},"type":"binary-expr","locations":[{"start":{"line":366,"column":0},"end":{"line":366,"column":null}},{"start":{"line":366,"column":0},"end":{"line":366,"column":null}}]},"19":{"loc":{"start":{"line":382,"column":0},"end":{"line":382,"column":null}},"type":"if","locations":[{"start":{"line":382,"column":0},"end":{"line":382,"column":null}},{"start":{"line":382,"column":0},"end":{"line":382,"column":null}}]},"20":{"loc":{"start":{"line":398,"column":0},"end":{"line":401,"column":null}},"type":"if","locations":[{"start":{"line":398,"column":0},"end":{"line":401,"column":null}},{"start":{"line":398,"column":0},"end":{"line":401,"column":null}}]},"21":{"loc":{"start":{"line":398,"column":0},"end":{"line":398,"column":null}},"type":"binary-expr","locations":[{"start":{"line":398,"column":0},"end":{"line":398,"column":null}},{"start":{"line":398,"column":0},"end":{"line":398,"column":null}}]},"22":{"loc":{"start":{"line":403,"column":0},"end":{"line":410,"column":null}},"type":"if","locations":[{"start":{"line":403,"column":0},"end":{"line":410,"column":null}},{"start":{"line":403,"column":0},"end":{"line":410,"column":null}}]},"23":{"loc":{"start":{"line":415,"column":0},"end":{"line":419,"column":null}},"type":"if","locations":[{"start":{"line":415,"column":0},"end":{"line":419,"column":null}},{"start":{"line":415,"column":0},"end":{"line":419,"column":null}}]},"24":{"loc":{"start":{"line":428,"column":0},"end":{"line":428,"column":null}},"type":"cond-expr","locations":[{"start":{"line":428,"column":0},"end":{"line":428,"column":null}},{"start":{"line":428,"column":0},"end":{"line":444,"column":null}}]},"25":{"loc":{"start":{"line":434,"column":0},"end":{"line":434,"column":null}},"type":"cond-expr","locations":[{"start":{"line":434,"column":0},"end":{"line":434,"column":null}},{"start":{"line":434,"column":0},"end":{"line":434,"column":null}}]},"26":{"loc":{"start":{"line":440,"column":0},"end":{"line":442,"column":null}},"type":"if","locations":[{"start":{"line":440,"column":0},"end":{"line":442,"column":null}},{"start":{"line":440,"column":0},"end":{"line":442,"column":null}}]},"27":{"loc":{"start":{"line":440,"column":0},"end":{"line":440,"column":null}},"type":"binary-expr","locations":[{"start":{"line":440,"column":0},"end":{"line":440,"column":null}},{"start":{"line":440,"column":0},"end":{"line":440,"column":null}}]},"28":{"loc":{"start":{"line":454,"column":0},"end":{"line":454,"column":null}},"type":"binary-expr","locations":[{"start":{"line":454,"column":0},"end":{"line":454,"column":null}},{"start":{"line":454,"column":0},"end":{"line":454,"column":null}}]},"29":{"loc":{"start":{"line":456,"column":0},"end":{"line":460,"column":null}},"type":"if","locations":[{"start":{"line":456,"column":0},"end":{"line":460,"column":null}},{"start":{"line":456,"column":0},"end":{"line":460,"column":null}}]},"30":{"loc":{"start":{"line":467,"column":0},"end":{"line":467,"column":null}},"type":"binary-expr","locations":[{"start":{"line":467,"column":0},"end":{"line":467,"column":null}},{"start":{"line":467,"column":0},"end":{"line":467,"column":null}}]},"31":{"loc":{"start":{"line":478,"column":0},"end":{"line":480,"column":null}},"type":"if","locations":[{"start":{"line":478,"column":0},"end":{"line":480,"column":null}},{"start":{"line":478,"column":0},"end":{"line":480,"column":null}}]},"32":{"loc":{"start":{"line":481,"column":0},"end":{"line":483,"column":null}},"type":"if","locations":[{"start":{"line":481,"column":0},"end":{"line":483,"column":null}},{"start":{"line":481,"column":0},"end":{"line":483,"column":null}}]},"33":{"loc":{"start":{"line":484,"column":0},"end":{"line":486,"column":null}},"type":"if","locations":[{"start":{"line":484,"column":0},"end":{"line":486,"column":null}},{"start":{"line":484,"column":0},"end":{"line":486,"column":null}}]},"34":{"loc":{"start":{"line":493,"column":0},"end":{"line":502,"column":null}},"type":"if","locations":[{"start":{"line":493,"column":0},"end":{"line":502,"column":null}},{"start":{"line":493,"column":0},"end":{"line":502,"column":null}}]},"35":{"loc":{"start":{"line":496,"column":0},"end":{"line":498,"column":null}},"type":"if","locations":[{"start":{"line":496,"column":0},"end":{"line":498,"column":null}},{"start":{"line":496,"column":0},"end":{"line":498,"column":null}}]}},"s":{"0":0,"1":0,"2":0,"3":0,"4":0,"5":0,"6":0,"7":0,"8":0,"9":0,"10":0,"11":0,"12":0,"13":0,"14":0,"15":0,"16":0,"17":0,"18":0,"19":0,"20":0,"21":0,"22":0,"23":0,"24":0,"25":0,"26":0,"27":0,"28":0,"29":0,"30":0,"31":0,"32":0,"33":0,"34":0,"35":0,"36":0,"37":0,"38":0,"39":0,"40":0,"41":0,"42":0,"43":0,"44":0,"45":0,"46":0,"47":0,"48":0,"49":0,"50":0,"51":0,"52":0,"53":0,"54":0,"55":0,"56":0,"57":0,"58":0,"59":0,"60":0,"61":0,"62":0,"63":0,"64":0,"65":0,"66":0,"67":0,"68":0,"69":0,"70":0,"71":0,"72":0,"73":0,"74":0,"75":0,"76":0,"77":0,"78":0,"79":0,"80":0,"81":0,"82":0,"83":0,"84":0,"85":0,"86":0,"87":0,"88":0,"89":0,"90":0,"91":0,"92":0,"93":0,"94":0,"95":0,"96":0,"97":0,"98":0,"99":0,"100":0,"101":0,"102":0,"103":0,"104":0,"105":0,"106":0,"107":0,"108":0,"109":0,"110":0,"111":0,"112":0,"113":0,"114":0,"115":0,"116":0,"117":0,"118":0,"119":0,"120":0,"121":0,"122":0,"123":0,"124":0,"125":0,"126":0,"127":0,"128":0,"129":0,"130":0,"131":0,"132":0,"133":0,"134":0,"135":0,"136":0},"f":{"0":0,"1":0,"2":0,"3":0,"4":0,"5":0,"6":0,"7":0,"8":0,"9":0,"10":0,"11":0,"12":0,"13":0,"14":0,"15":0,"16":0,"17":0,"18":0,"19":0,"20":0,"21":0,"22":0,"23":0,"24":0,"25":0,"26":0,"27":0,"28":0,"29":0,"30":0,"31":0,"32":0,"33":0,"34":0,"35":0,"36":0,"37":0,"38":0,"39":0,"40":0,"41":0},"b":{"0":[0,0],"1":[0,0,0],"2":[0,0],"3":[0,0],"4":[0,0],"5":[0,0],"6":[0,0],"7":[0,0],"8":[0,0],"9":[0,0],"10":[0,0],"11":[0,0],"12":[0,0],"13":[0,0],"14":[0,0],"15":[0,0],"16":[0,0],"17":[0,0],"18":[0,0],"19":[0,0],"20":[0,0],"21":[0,0],"22":[0,0],"23":[0,0],"24":[0,0],"25":[0,0],"26":[0,0],"27":[0,0],"28":[0,0],"29":[0,0],"30":[0,0],"31":[0,0],"32":[0,0],"33":[0,0],"34":[0,0],"35":[0,0]}}
,"D:\\www\\web\\shop2-web\\src\\views\\modules\\Product\\productTrendAnalysis\\dialogs\\table.vue": {"path":"D:\\www\\web\\shop2-web\\src\\views\\modules\\Product\\productTrendAnalysis\\dialogs\\table.vue","statementMap":{"0":{"start":{"line":12,"column":0},"end":{"line":12,"column":null}},"1":{"start":{"line":13,"column":0},"end":{"line":13,"column":null}},"2":{"start":{"line":14,"column":0},"end":{"line":14,"column":null}},"3":{"start":{"line":20,"column":0},"end":{"line":20,"column":null}},"4":{"start":{"line":21,"column":0},"end":{"line":21,"column":null}},"5":{"start":{"line":39,"column":0},"end":{"line":39,"column":null}},"6":{"start":{"line":43,"column":0},"end":{"line":49,"column":null}},"7":{"start":{"line":44,"column":0},"end":{"line":44,"column":null}}},"fnMap":{"0":{"name":"(anonymous_1)","decl":{"start":{"line":12,"column":0},"end":{"line":12,"column":null}},"loc":{"start":{"line":12,"column":0},"end":{"line":37,"column":null}}},"1":{"name":"(anonymous_2)","decl":{"start":{"line":19,"column":0},"end":{"line":19,"column":null}},"loc":{"start":{"line":19,"column":0},"end":{"line":22,"column":null}}},"2":{"name":"(anonymous_3)","decl":{"start":{"line":38,"column":0},"end":{"line":38,"column":null}},"loc":{"start":{"line":38,"column":0},"end":{"line":50,"column":null}}},"3":{"name":"(anonymous_4)","decl":{"start":{"line":43,"column":0},"end":{"line":43,"column":null}},"loc":{"start":{"line":43,"column":0},"end":{"line":49,"column":null}}},"4":{"name":"(anonymous_5)","decl":{"start":{"line":44,"column":0},"end":{"line":44,"column":null}},"loc":{"start":{"line":44,"column":0},"end":{"line":44,"column":null}}}},"branchMap":{},"s":{"0":0,"1":0,"2":0,"3":0,"4":0,"5":0,"6":0,"7":0},"f":{"0":0,"1":0,"2":0,"3":0,"4":0},"b":{}}
,"D:\\www\\web\\shop2-web\\src\\views\\modules\\shopManage\\leftMenu\\productHealthy\\index.vue": {"path":"D:\\www\\web\\shop2-web\\src\\views\\modules\\shopManage\\leftMenu\\productHealthy\\index.vue","statementMap":{"0":{"start":{"line":16,"column":0},"end":{"line":16,"column":null}},"1":{"start":{"line":17,"column":0},"end":{"line":17,"column":null}},"2":{"start":{"line":142,"column":0},"end":{"line":142,"column":null}},"3":{"start":{"line":144,"column":0},"end":{"line":144,"column":null}},"4":{"start":{"line":146,"column":0},"end":{"line":146,"column":null}},"5":{"start":{"line":149,"column":0},"end":{"line":149,"column":null}},"6":{"start":{"line":155,"column":0},"end":{"line":155,"column":null}}},"fnMap":{"0":{"name":"(anonymous_1)","decl":{"start":{"line":15,"column":0},"end":{"line":15,"column":null}},"loc":{"start":{"line":15,"column":0},"end":{"line":139,"column":null}}},"1":{"name":"(anonymous_2)","decl":{"start":{"line":36,"column":0},"end":{"line":36,"column":null}},"loc":{"start":{"line":36,"column":0},"end":{"line":36,"column":null}}},"2":{"name":"(anonymous_3)","decl":{"start":{"line":44,"column":0},"end":{"line":44,"column":null}},"loc":{"start":{"line":44,"column":0},"end":{"line":44,"column":null}}},"3":{"name":"(anonymous_4)","decl":{"start":{"line":141,"column":0},"end":{"line":141,"column":null}},"loc":{"start":{"line":141,"column":0},"end":{"line":151,"column":null}}},"4":{"name":"(anonymous_5)","decl":{"start":{"line":144,"column":0},"end":{"line":144,"column":null}},"loc":{"start":{"line":144,"column":0},"end":{"line":144,"column":null}}},"5":{"name":"(anonymous_6)","decl":{"start":{"line":154,"column":0},"end":{"line":154,"column":null}},"loc":{"start":{"line":154,"column":0},"end":{"line":158,"column":null}}}},"branchMap":{"0":{"loc":{"start":{"line":147,"column":0},"end":{"line":149,"column":null}},"type":"switch","locations":[{"start":{"line":147,"column":0},"end":{"line":149,"column":null}}]}},"s":{"0":0,"1":0,"2":0,"3":0,"4":0,"5":0,"6":0},"f":{"0":0,"1":0,"2":0,"3":0,"4":0,"5":0},"b":{"0":[0]}}
,"D:\\www\\web\\shop2-web\\src\\views\\modules\\shopManage\\leftMenu\\productHealthy\\dialogs\\table.vue": {"path":"D:\\www\\web\\shop2-web\\src\\views\\modules\\shopManage\\leftMenu\\productHealthy\\dialogs\\table.vue","statementMap":{"0":{"start":{"line":13,"column":0},"end":{"line":13,"column":null}},"1":{"start":{"line":14,"column":0},"end":{"line":14,"column":null}}},"fnMap":{"0":{"name":"(anonymous_1)","decl":{"start":{"line":12,"column":0},"end":{"line":12,"column":null}},"loc":{"start":{"line":12,"column":0},"end":{"line":31,"column":null}}},"1":{"name":"(anonymous_2)","decl":{"start":{"line":32,"column":0},"end":{"line":32,"column":null}},"loc":{"start":{"line":32,"column":0},"end":{"line":44,"column":null}}}},"branchMap":{},"s":{"0":0,"1":0},"f":{"0":0,"1":0},"b":{}}
,"D:\\www\\web\\shop2-web\\src\\views\\modules\\shopManage\\leftMenu\\warningMessage\\index.vue": {"path":"D:\\www\\web\\shop2-web\\src\\views\\modules\\shopManage\\leftMenu\\warningMessage\\index.vue","statementMap":{"0":{"start":{"line":19,"column":0},"end":{"line":19,"column":null}},"1":{"start":{"line":37,"column":0},"end":{"line":37,"column":null}}},"fnMap":{"0":{"name":"(anonymous_1)","decl":{"start":{"line":18,"column":0},"end":{"line":18,"column":null}},"loc":{"start":{"line":18,"column":0},"end":{"line":34,"column":null}}},"1":{"name":"(anonymous_2)","decl":{"start":{"line":36,"column":0},"end":{"line":36,"column":null}},"loc":{"start":{"line":36,"column":0},"end":{"line":43,"column":null}}}},"branchMap":{},"s":{"0":0,"1":0},"f":{"0":0,"1":0},"b":{}}
,"D:\\www\\web\\shop2-web\\src\\views\\modules\\shopManage\\leftMenu\\warningMessage\\detail\\index.vue": {"path":"D:\\www\\web\\shop2-web\\src\\views\\modules\\shopManage\\leftMenu\\warningMessage\\detail\\index.vue","statementMap":{"0":{"start":{"line":17,"column":0},"end":{"line":17,"column":null}},"1":{"start":{"line":18,"column":0},"end":{"line":18,"column":null}},"2":{"start":{"line":147,"column":0},"end":{"line":147,"column":null}},"3":{"start":{"line":149,"column":0},"end":{"line":149,"column":null}},"4":{"start":{"line":151,"column":0},"end":{"line":151,"column":null}},"5":{"start":{"line":154,"column":0},"end":{"line":154,"column":null}},"6":{"start":{"line":157,"column":0},"end":{"line":157,"column":null}},"7":{"start":{"line":160,"column":0},"end":{"line":160,"column":null}},"8":{"start":{"line":163,"column":0},"end":{"line":163,"column":null}},"9":{"start":{"line":166,"column":0},"end":{"line":166,"column":null}},"10":{"start":{"line":170,"column":0},"end":{"line":170,"column":null}},"11":{"start":{"line":173,"column":0},"end":{"line":173,"column":null}},"12":{"start":{"line":174,"column":0},"end":{"line":174,"column":null}},"13":{"start":{"line":176,"column":0},"end":{"line":176,"column":null}},"14":{"start":{"line":177,"column":0},"end":{"line":177,"column":null}},"15":{"start":{"line":184,"column":0},"end":{"line":184,"column":null}},"16":{"start":{"line":186,"column":0},"end":{"line":186,"column":null}},"17":{"start":{"line":187,"column":0},"end":{"line":187,"column":null}},"18":{"start":{"line":194,"column":0},"end":{"line":194,"column":null}},"19":{"start":{"line":201,"column":0},"end":{"line":201,"column":null}},"20":{"start":{"line":205,"column":0},"end":{"line":205,"column":null}}},"fnMap":{"0":{"name":"(anonymous_1)","decl":{"start":{"line":16,"column":0},"end":{"line":16,"column":null}},"loc":{"start":{"line":16,"column":0},"end":{"line":144,"column":null}}},"1":{"name":"(anonymous_2)","decl":{"start":{"line":146,"column":0},"end":{"line":146,"column":null}},"loc":{"start":{"line":146,"column":0},"end":{"line":168,"column":null}}},"2":{"name":"(anonymous_3)","decl":{"start":{"line":149,"column":0},"end":{"line":149,"column":null}},"loc":{"start":{"line":149,"column":0},"end":{"line":149,"column":null}}},"3":{"name":"(anonymous_4)","decl":{"start":{"line":169,"column":0},"end":{"line":169,"column":null}},"loc":{"start":{"line":169,"column":0},"end":{"line":171,"column":null}}},"4":{"name":"(anonymous_5)","decl":{"start":{"line":172,"column":0},"end":{"line":172,"column":null}},"loc":{"start":{"line":172,"column":0},"end":{"line":190,"column":null}}},"5":{"name":"(anonymous_6)","decl":{"start":{"line":179,"column":0},"end":{"line":179,"column":null}},"loc":{"start":{"line":179,"column":0},"end":{"line":182,"column":null}}},"6":{"name":"(anonymous_7)","decl":{"start":{"line":193,"column":0},"end":{"line":193,"column":null}},"loc":{"start":{"line":193,"column":0},"end":{"line":197,"column":null}}},"7":{"name":"(anonymous_8)","decl":{"start":{"line":199,"column":0},"end":{"line":199,"column":null}},"loc":{"start":{"line":199,"column":0},"end":{"line":202,"column":null}}},"8":{"name":"(anonymous_9)","decl":{"start":{"line":203,"column":0},"end":{"line":203,"column":null}},"loc":{"start":{"line":203,"column":0},"end":{"line":206,"column":null}}}},"branchMap":{"0":{"loc":{"start":{"line":77,"column":0},"end":{"line":77,"column":null}},"type":"cond-expr","locations":[{"start":{"line":77,"column":0},"end":{"line":77,"column":null}},{"start":{"line":77,"column":0},"end":{"line":77,"column":null}}]},"1":{"loc":{"start":{"line":82,"column":0},"end":{"line":82,"column":null}},"type":"cond-expr","locations":[{"start":{"line":82,"column":0},"end":{"line":82,"column":null}},{"start":{"line":82,"column":0},"end":{"line":82,"column":null}}]},"2":{"loc":{"start":{"line":87,"column":0},"end":{"line":87,"column":null}},"type":"cond-expr","locations":[{"start":{"line":87,"column":0},"end":{"line":87,"column":null}},{"start":{"line":87,"column":0},"end":{"line":87,"column":null}}]},"3":{"loc":{"start":{"line":96,"column":0},"end":{"line":96,"column":null}},"type":"cond-expr","locations":[{"start":{"line":96,"column":0},"end":{"line":96,"column":null}},{"start":{"line":96,"column":0},"end":{"line":96,"column":null}}]},"4":{"loc":{"start":{"line":101,"column":0},"end":{"line":101,"column":null}},"type":"cond-expr","locations":[{"start":{"line":101,"column":0},"end":{"line":101,"column":null}},{"start":{"line":101,"column":0},"end":{"line":101,"column":null}}]},"5":{"loc":{"start":{"line":106,"column":0},"end":{"line":106,"column":null}},"type":"cond-expr","locations":[{"start":{"line":106,"column":0},"end":{"line":106,"column":null}},{"start":{"line":106,"column":0},"end":{"line":106,"column":null}}]},"6":{"loc":{"start":{"line":111,"column":0},"end":{"line":111,"column":null}},"type":"cond-expr","locations":[{"start":{"line":111,"column":0},"end":{"line":111,"column":null}},{"start":{"line":111,"column":0},"end":{"line":111,"column":null}}]},"7":{"loc":{"start":{"line":114,"column":0},"end":{"line":114,"column":null}},"type":"cond-expr","locations":[{"start":{"line":114,"column":0},"end":{"line":114,"column":null}},{"start":{"line":114,"column":0},"end":{"line":114,"column":null}}]},"8":{"loc":{"start":{"line":117,"column":0},"end":{"line":117,"column":null}},"type":"cond-expr","locations":[{"start":{"line":117,"column":0},"end":{"line":117,"column":null}},{"start":{"line":117,"column":0},"end":{"line":117,"column":null}}]},"9":{"loc":{"start":{"line":117,"column":0},"end":{"line":117,"column":null}},"type":"binary-expr","locations":[{"start":{"line":117,"column":0},"end":{"line":117,"column":null}},{"start":{"line":117,"column":0},"end":{"line":117,"column":null}},{"start":{"line":117,"column":0},"end":{"line":117,"column":null}}]},"10":{"loc":{"start":{"line":122,"column":0},"end":{"line":122,"column":null}},"type":"cond-expr","locations":[{"start":{"line":122,"column":0},"end":{"line":122,"column":null}},{"start":{"line":122,"column":0},"end":{"line":122,"column":null}}]},"11":{"loc":{"start":{"line":127,"column":0},"end":{"line":127,"column":null}},"type":"cond-expr","locations":[{"start":{"line":127,"column":0},"end":{"line":127,"column":null}},{"start":{"line":127,"column":0},"end":{"line":127,"column":null}}]},"12":{"loc":{"start":{"line":140,"column":0},"end":{"line":140,"column":null}},"type":"cond-expr","locations":[{"start":{"line":140,"column":0},"end":{"line":140,"column":null}},{"start":{"line":140,"column":0},"end":{"line":140,"column":null}}]},"13":{"loc":{"start":{"line":140,"column":0},"end":{"line":140,"column":null}},"type":"binary-expr","locations":[{"start":{"line":140,"column":0},"end":{"line":140,"column":null}},{"start":{"line":140,"column":0},"end":{"line":140,"column":null}},{"start":{"line":140,"column":0},"end":{"line":140,"column":null}}]},"14":{"loc":{"start":{"line":152,"column":0},"end":{"line":154,"column":null}},"type":"switch","locations":[{"start":{"line":152,"column":0},"end":{"line":154,"column":null}},{"start":{"line":155,"column":0},"end":{"line":157,"column":null}},{"start":{"line":158,"column":0},"end":{"line":160,"column":null}},{"start":{"line":161,"column":0},"end":{"line":163,"column":null}},{"start":{"line":164,"column":0},"end":{"line":166,"column":null}}]},"15":{"loc":{"start":{"line":175,"column":0},"end":{"line":184,"column":null}},"type":"switch","locations":[{"start":{"line":175,"column":0},"end":{"line":184,"column":null}},{"start":{"line":185,"column":0},"end":{"line":187,"column":null}}]}},"s":{"0":0,"1":0,"2":0,"3":0,"4":0,"5":0,"6":0,"7":0,"8":0,"9":0,"10":0,"11":0,"12":0,"13":0,"14":0,"15":0,"16":0,"17":0,"18":0,"19":0,"20":0},"f":{"0":0,"1":0,"2":0,"3":0,"4":0,"5":0,"6":0,"7":0,"8":0},"b":{"0":[0,0],"1":[0,0],"2":[0,0],"3":[0,0],"4":[0,0],"5":[0,0],"6":[0,0],"7":[0,0],"8":[0,0],"9":[0,0,0],"10":[0,0],"11":[0,0],"12":[0,0],"13":[0,0,0],"14":[0,0,0,0,0],"15":[0,0]}}
}
