TN:
SF:D:\www\web\shop2-web\src\App.vue
FN:13,(anonymous_1)
FN:19,(anonymous_2)
FN:21,(anonymous_3)
FN:29,(anonymous_4)
FN:33,(anonymous_5)
FN:41,(anonymous_6)
FN:52,(anonymous_7)
FN:60,(anonymous_8)
FN:68,(anonymous_9)
FN:77,(anonymous_10)
FN:80,(anonymous_11)
FN:89,(anonymous_12)
FN:94,(anonymous_13)
FNF:13
FNH:0
FNDA:0,(anonymous_1)
FNDA:0,(anonymous_2)
FNDA:0,(anonymous_3)
FNDA:0,(anonymous_4)
FNDA:0,(anonymous_5)
FNDA:0,(anonymous_6)
FNDA:0,(anonymous_7)
FNDA:0,(anonymous_8)
FNDA:0,(anonymous_9)
FNDA:0,(anonymous_10)
FNDA:0,(anonymous_11)
FNDA:0,(anonymous_12)
FNDA:0,(anonymous_13)
DA:9,0
DA:14,0
DA:21,0
DA:22,0
DA:23,0
DA:29,0
DA:30,0
DA:31,0
DA:32,0
DA:33,0
DA:34,0
DA:36,0
DA:39,0
DA:40,0
DA:41,0
DA:42,0
DA:45,0
DA:52,0
DA:54,0
DA:60,0
DA:62,0
DA:68,0
DA:70,0
DA:77,0
DA:80,0
DA:82,0
DA:91,0
DA:96,0
LF:28
LH:0
BRDA:31,0,0,0
BRDA:31,0,1,0
BRDA:31,1,0,0
BRDA:31,1,1,0
BRDA:36,2,0,0
BRDA:36,2,1,0
BRDA:39,3,0,0
BRDA:39,3,1,0
BRDA:39,4,0,0
BRDA:39,4,1,0
BRDA:57,5,0,0
BRDA:57,5,1,0
BRF:12
BRH:0
end_of_record
TN:
SF:D:\www\web\shop2-web\src\functions.js
FN:3,(anonymous_0)
FN:16,(anonymous_1)
FN:26,(anonymous_2)
FN:47,(anonymous_3)
FN:57,(anonymous_4)
FN:71,(anonymous_5)
FN:73,(anonymous_6)
FN:82,(anonymous_7)
FN:92,toRgb
FNF:9
FNH:0
FNDA:0,(anonymous_0)
FNDA:0,(anonymous_1)
FNDA:0,(anonymous_2)
FNDA:0,(anonymous_3)
FNDA:0,(anonymous_4)
FNDA:0,(anonymous_5)
FNDA:0,(anonymous_6)
FNDA:0,(anonymous_7)
FNDA:0,toRgb
DA:2,0
DA:3,0
DA:4,0
DA:7,0
DA:9,0
DA:10,0
DA:11,0
DA:13,0
DA:14,0
DA:15,0
DA:16,0
DA:17,0
DA:18,0
DA:19,0
DA:21,0
DA:22,0
DA:23,0
DA:26,0
DA:27,0
DA:28,0
DA:29,0
DA:31,0
DA:32,0
DA:33,0
DA:36,0
DA:37,0
DA:38,0
DA:47,0
DA:49,0
DA:57,0
DA:58,0
DA:59,0
DA:60,0
DA:61,0
DA:62,0
DA:64,0
DA:71,0
DA:72,0
DA:73,0
DA:75,0
DA:76,0
DA:79,0
DA:82,0
DA:85,0
DA:89,0
DA:93,0
DA:94,0
DA:95,0
DA:96,0
DA:97,0
DA:98,0
DA:100,0
DA:103,0
DA:104,0
DA:105,0
DA:107,0
DA:108,0
DA:110,0
DA:114,0
DA:117,0
LF:60
LH:0
BRDA:7,0,0,0
BRDA:7,0,1,0
BRDA:17,1,0,0
BRDA:17,1,1,0
BRDA:17,2,0,0
BRDA:17,2,1,0
BRDA:21,3,0,0
BRDA:21,3,1,0
BRDA:21,4,0,0
BRDA:21,4,1,0
BRDA:27,5,0,0
BRDA:27,5,1,0
BRDA:27,6,0,0
BRDA:27,6,1,0
BRDA:31,7,0,0
BRDA:31,7,1,0
BRDA:31,8,0,0
BRDA:31,8,1,0
BRDA:73,9,0,0
BRDA:73,9,1,0
BRDA:73,9,2,0
BRDA:73,9,3,0
BRDA:75,10,0,0
BRDA:75,10,1,0
BRDA:82,11,0,0
BRDA:82,11,1,0
BRDA:94,12,0,0
BRDA:94,12,1,0
BRDA:94,13,0,0
BRDA:94,13,1,0
BRDA:95,14,0,0
BRDA:95,14,1,0
BRDA:107,15,0,0
BRDA:107,15,1,0
BRF:34
BRH:0
end_of_record
TN:
SF:D:\www\web\shop2-web\src\main.js
FN:44,(anonymous_0)
FN:48,(anonymous_1)
FN:61,(anonymous_2)
FNF:3
FNH:0
FNDA:0,(anonymous_0)
FNDA:0,(anonymous_1)
FNDA:0,(anonymous_2)
DA:24,0
DA:26,0
DA:29,0
DA:30,0
DA:31,0
DA:32,0
DA:41,0
DA:42,0
DA:44,0
DA:46,0
DA:48,0
DA:50,0
DA:53,0
DA:58,0
DA:61,0
LF:15
LH:0
BRDA:46,0,0,0
BRDA:46,0,1,0
BRF:2
BRH:0
end_of_record
TN:
SF:D:\www\web\shop2-web\src\mixins.js
FN:6,_fbpFlagAmazon
FN:18,(anonymous_1)
FN:25,(anonymous_2)
FN:26,close
FN:28,(anonymous_4)
FN:38,(anonymous_5)
FN:44,(anonymous_6)
FN:53,(anonymous_7)
FN:54,(anonymous_8)
FN:62,(anonymous_9)
FN:68,(anonymous_10)
FN:89,(anonymous_11)
FN:92,(anonymous_12)
FN:93,(anonymous_13)
FN:109,(anonymous_14)
FN:125,(anonymous_15)
FN:126,(anonymous_16)
FN:127,(anonymous_17)
FN:138,(anonymous_18)
FN:144,(anonymous_19)
FN:157,(anonymous_20)
FN:171,(anonymous_21)
FN:175,(anonymous_22)
FN:184,(anonymous_23)
FN:195,(anonymous_24)
FN:199,(anonymous_25)
FN:230,(anonymous_26)
FN:233,(anonymous_27)
FN:237,(anonymous_28)
FN:238,(anonymous_29)
FN:241,(anonymous_30)
FN:243,(anonymous_31)
FN:257,(anonymous_32)
FN:258,(anonymous_33)
FN:258,(anonymous_34)
FN:262,(anonymous_35)
FN:265,(anonymous_36)
FN:268,(anonymous_37)
FN:273,(anonymous_38)
FNF:39
FNH:0
FNDA:0,_fbpFlagAmazon
FNDA:0,(anonymous_1)
FNDA:0,(anonymous_2)
FNDA:0,close
FNDA:0,(anonymous_4)
FNDA:0,(anonymous_5)
FNDA:0,(anonymous_6)
FNDA:0,(anonymous_7)
FNDA:0,(anonymous_8)
FNDA:0,(anonymous_9)
FNDA:0,(anonymous_10)
FNDA:0,(anonymous_11)
FNDA:0,(anonymous_12)
FNDA:0,(anonymous_13)
FNDA:0,(anonymous_14)
FNDA:0,(anonymous_15)
FNDA:0,(anonymous_16)
FNDA:0,(anonymous_17)
FNDA:0,(anonymous_18)
FNDA:0,(anonymous_19)
FNDA:0,(anonymous_20)
FNDA:0,(anonymous_21)
FNDA:0,(anonymous_22)
FNDA:0,(anonymous_23)
FNDA:0,(anonymous_24)
FNDA:0,(anonymous_25)
FNDA:0,(anonymous_26)
FNDA:0,(anonymous_27)
FNDA:0,(anonymous_28)
FNDA:0,(anonymous_29)
FNDA:0,(anonymous_30)
FNDA:0,(anonymous_31)
FNDA:0,(anonymous_32)
FNDA:0,(anonymous_33)
FNDA:0,(anonymous_34)
FNDA:0,(anonymous_35)
FNDA:0,(anonymous_36)
FNDA:0,(anonymous_37)
FNDA:0,(anonymous_38)
DA:7,0
DA:8,0
DA:9,0
DA:10,0
DA:11,0
DA:12,0
DA:19,0
DA:20,0
DA:27,0
DA:28,0
DA:29,0
DA:32,0
DA:33,0
DA:35,0
DA:36,0
DA:37,0
DA:40,0
DA:41,0
DA:45,0
DA:48,0
DA:56,0
DA:57,0
DA:63,0
DA:64,0
DA:85,0
DA:89,0
DA:93,0
DA:95,0
DA:96,0
DA:97,0
DA:98,0
DA:99,0
DA:100,0
DA:101,0
DA:102,0
DA:103,0
DA:104,0
DA:105,0
DA:106,0
DA:110,0
DA:111,0
DA:126,0
DA:127,0
DA:129,0
DA:130,0
DA:131,0
DA:134,0
DA:140,0
DA:142,0
DA:145,0
DA:149,0
DA:150,0
DA:152,0
DA:153,0
DA:154,0
DA:157,0
DA:158,0
DA:159,0
DA:161,0
DA:162,0
DA:172,0
DA:176,0
DA:177,0
DA:179,0
DA:180,0
DA:181,0
DA:182,0
DA:185,0
DA:196,0
DA:197,0
DA:199,0
DA:200,0
DA:221,0
DA:225,0
DA:226,0
DA:228,0
DA:231,0
DA:237,0
DA:238,0
DA:239,0
DA:252,0
DA:258,0
DA:263,0
DA:266,0
DA:269,0
DA:274,0
LF:86
LH:0
BRDA:7,0,0,0
BRDA:7,0,1,0
BRDA:9,1,0,0
BRDA:9,1,1,0
BRDA:11,2,0,0
BRDA:11,2,1,0
BRDA:32,3,0,0
BRDA:32,3,1,0
BRDA:40,4,0,0
BRDA:40,4,1,0
BRDA:56,5,0,0
BRDA:56,5,1,0
BRDA:63,6,0,0
BRDA:63,6,1,0
BRDA:63,7,0,0
BRDA:63,7,1,0
BRDA:75,8,0,0
BRDA:81,9,0,0
BRDA:82,10,0,0
BRDA:130,11,0,0
BRDA:130,11,1,0
BRDA:134,12,0,0
BRDA:134,12,1,0
BRDA:134,12,2,0
BRDA:142,13,0,0
BRDA:142,13,1,0
BRDA:142,13,2,0
BRDA:149,14,0,0
BRDA:149,14,1,0
BRDA:153,15,0,0
BRDA:153,15,1,0
BRDA:158,16,0,0
BRDA:158,16,1,0
BRDA:158,17,0,0
BRDA:158,17,1,0
BRDA:161,18,0,0
BRDA:161,18,1,0
BRDA:176,19,0,0
BRDA:176,19,1,0
BRDA:190,20,0,0
BRDA:190,20,1,0
BRDA:196,21,0,0
BRDA:196,21,1,0
BRDA:207,22,0,0
BRDA:207,22,1,0
BRDA:243,23,0,0
BRDA:243,24,0,0
BRDA:243,25,0,0
BRDA:243,26,0,0
BRDA:243,27,0,0
BRDA:253,28,0,0
BRDA:253,28,1,0
BRDA:274,29,0,0
BRDA:274,29,1,0
BRDA:274,30,0,0
BRDA:274,30,1,0
BRDA:274,30,2,0
BRF:57
BRH:0
end_of_record
TN:
SF:D:\www\web\shop2-web\src\Layout\Layout.vue
FN:52,(anonymous_1)
FN:62,(anonymous_2)
FN:67,(anonymous_3)
FN:70,(anonymous_4)
FN:71,(anonymous_5)
FN:73,(anonymous_6)
FNF:6
FNH:0
FNDA:0,(anonymous_1)
FNDA:0,(anonymous_2)
FNDA:0,(anonymous_3)
FNDA:0,(anonymous_4)
FNDA:0,(anonymous_5)
FNDA:0,(anonymous_6)
DA:41,0
DA:53,0
DA:63,0
DA:68,0
DA:71,0
DA:74,0
LF:6
LH:0
BRF:0
BRH:0
end_of_record
TN:
SF:D:\www\web\shop2-web\src\Layout\w1100.vue
FN:12,(anonymous_1)
FNF:1
FNH:0
FNDA:0,(anonymous_1)
DA:13,0
LF:1
LH:0
BRF:0
BRH:0
end_of_record
TN:
SF:D:\www\web\shop2-web\src\Layout\components\AppMain.vue
FN:28,(anonymous_1)
FN:42,(anonymous_2)
FN:51,(anonymous_3)
FN:55,(anonymous_4)
FN:58,(anonymous_5)
FN:62,(anonymous_6)
FN:66,(anonymous_7)
FN:69,(anonymous_8)
FN:74,(anonymous_9)
FN:77,(anonymous_10)
FNF:10
FNH:0
FNDA:0,(anonymous_1)
FNDA:0,(anonymous_2)
FNDA:0,(anonymous_3)
FNDA:0,(anonymous_4)
FNDA:0,(anonymous_5)
FNDA:0,(anonymous_6)
FNDA:0,(anonymous_7)
FNDA:0,(anonymous_8)
FNDA:0,(anonymous_9)
FNDA:0,(anonymous_10)
DA:29,0
DA:43,0
DA:51,0
DA:52,0
DA:56,0
DA:59,0
DA:76,0
DA:77,0
DA:78,0
LF:9
LH:0
BRDA:51,0,0,0
BRDA:51,0,1,0
BRF:2
BRH:0
end_of_record
TN:
SF:D:\www\web\shop2-web\src\Layout\components\NavBar.vue
FN:133,getPlatformInfo
FN:137,(anonymous_3)
FN:158,(anonymous_4)
FN:162,(anonymous_5)
FN:201,(anonymous_6)
FN:340,(anonymous_7)
FN:350,(anonymous_8)
FN:351,(anonymous_9)
FN:354,(anonymous_11)
FN:361,(anonymous_13)
FN:363,(anonymous_14)
FN:368,(anonymous_15)
FN:371,(anonymous_16)
FN:377,(anonymous_17)
FN:386,(anonymous_18)
FN:391,(anonymous_19)
FN:394,(anonymous_20)
FN:402,(anonymous_21)
FN:414,(anonymous_22)
FN:418,(anonymous_23)
FN:419,(anonymous_24)
FN:426,(anonymous_25)
FN:433,(anonymous_26)
FN:436,(anonymous_27)
FN:440,(anonymous_28)
FN:444,(anonymous_29)
FN:449,(anonymous_30)
FN:453,(anonymous_31)
FN:454,(anonymous_32)
FN:460,(anonymous_33)
FN:462,(anonymous_34)
FN:467,(anonymous_35)
FN:471,(anonymous_36)
FN:477,(anonymous_37)
FN:481,(anonymous_38)
FN:482,(anonymous_39)
FN:497,(anonymous_40)
FNF:37
FNH:0
FNDA:0,getPlatformInfo
FNDA:0,(anonymous_3)
FNDA:0,(anonymous_4)
FNDA:0,(anonymous_5)
FNDA:0,(anonymous_6)
FNDA:0,(anonymous_7)
FNDA:0,(anonymous_8)
FNDA:0,(anonymous_9)
FNDA:0,(anonymous_11)
FNDA:0,(anonymous_13)
FNDA:0,(anonymous_14)
FNDA:0,(anonymous_15)
FNDA:0,(anonymous_16)
FNDA:0,(anonymous_17)
FNDA:0,(anonymous_18)
FNDA:0,(anonymous_19)
FNDA:0,(anonymous_20)
FNDA:0,(anonymous_21)
FNDA:0,(anonymous_22)
FNDA:0,(anonymous_23)
FNDA:0,(anonymous_24)
FNDA:0,(anonymous_25)
FNDA:0,(anonymous_26)
FNDA:0,(anonymous_27)
FNDA:0,(anonymous_28)
FNDA:0,(anonymous_29)
FNDA:0,(anonymous_30)
FNDA:0,(anonymous_31)
FNDA:0,(anonymous_32)
FNDA:0,(anonymous_33)
FNDA:0,(anonymous_34)
FNDA:0,(anonymous_35)
FNDA:0,(anonymous_36)
FNDA:0,(anonymous_37)
FNDA:0,(anonymous_38)
FNDA:0,(anonymous_39)
FNDA:0,(anonymous_40)
DA:131,0
DA:132,0
DA:134,0
DA:136,0
DA:137,0
DA:141,0
DA:144,0
DA:150,0
DA:157,0
DA:158,0
DA:159,0
DA:163,0
DA:171,0
DA:202,0
DA:342,0
DA:348,0
DA:349,0
DA:350,0
DA:351,0
DA:354,0
DA:359,0
DA:362,0
DA:363,0
DA:364,0
DA:365,0
DA:369,0
DA:372,0
DA:373,0
DA:375,0
DA:378,0
DA:379,0
DA:384,0
DA:387,0
DA:388,0
DA:395,0
DA:396,0
DA:397,0
DA:398,0
DA:400,0
DA:403,0
DA:404,0
DA:405,0
DA:406,0
DA:407,0
DA:408,0
DA:409,0
DA:412,0
DA:415,0
DA:416,0
DA:418,0
DA:419,0
DA:420,0
DA:422,0
DA:429,0
DA:430,0
DA:434,0
DA:437,0
DA:441,0
DA:442,0
DA:445,0
DA:450,0
DA:454,0
DA:461,0
DA:462,0
DA:463,0
DA:465,0
DA:468,0
DA:473,0
DA:478,0
DA:482,0
DA:488,0
DA:492,0
DA:498,0
DA:499,0
LF:74
LH:0
BRDA:136,0,0,0
BRDA:136,0,1,0
BRDA:157,1,0,0
BRDA:157,1,1,0
BRDA:157,2,0,0
BRDA:157,2,1,0
BRDA:372,3,0,0
BRDA:372,3,1,0
BRDA:379,4,0,0
BRDA:379,4,1,0
BRDA:407,5,0,0
BRDA:407,5,1,0
BRDA:415,6,0,0
BRDA:415,6,1,0
BRDA:429,7,0,0
BRDA:429,7,1,0
BRDA:450,8,0,0
BRDA:450,8,1,0
BRDA:468,9,0,0
BRDA:468,9,1,0
BRDA:473,10,0,0
BRDA:473,10,1,0
BRF:22
BRH:0
end_of_record
TN:
SF:D:\www\web\shop2-web\src\Layout\components\ScrollBar.vue
FN:14,(anonymous_1)
FN:20,(anonymous_2)
FNF:2
FNH:0
FNDA:0,(anonymous_1)
FNDA:0,(anonymous_2)
DA:10,0
DA:15,0
DA:21,0
DA:22,0
DA:23,0
DA:24,0
DA:25,0
DA:26,0
DA:27,0
DA:29,0
DA:30,0
DA:31,0
DA:32,0
DA:33,0
DA:35,0
DA:41,0
LF:16
LH:0
BRDA:21,0,0,0
BRDA:21,0,1,0
BRDA:26,1,0,0
BRDA:26,1,1,0
BRDA:29,2,0,0
BRDA:29,2,1,0
BRDA:31,3,0,0
BRDA:31,3,1,0
BRDA:32,4,0,0
BRDA:32,4,1,0
BRF:10
BRH:0
end_of_record
TN:
SF:D:\www\web\shop2-web\src\Layout\components\SubNav.vue
FN:11,(anonymous_1)
FN:12,(anonymous_2)
FN:16,(anonymous_3)
FNF:3
FNH:0
FNDA:0,(anonymous_1)
FNDA:0,(anonymous_2)
FNDA:0,(anonymous_3)
DA:12,0
DA:17,0
LF:2
LH:0
BRF:0
BRH:0
end_of_record
TN:
SF:D:\www\web\shop2-web\src\Layout\components\index.js
FNF:0
FNH:0
LF:0
LH:0
BRF:0
BRH:0
end_of_record
TN:
SF:D:\www\web\shop2-web\src\components\index.js
FN:12,(anonymous_0)
FNF:1
FNH:0
FNDA:0,(anonymous_0)
DA:4,0
DA:12,0
DA:13,0
DA:14,0
LF:4
LH:0
BRDA:14,0,0,0
BRDA:14,0,1,0
BRF:2
BRH:0
end_of_record
TN:
SF:D:\www\web\shop2-web\src\components\DataTable\index.js
FN:3,(anonymous_0)
FNF:1
FNH:0
FNDA:0,(anonymous_0)
DA:3,0
DA:4,0
LF:2
LH:0
BRF:0
BRH:0
end_of_record
TN:
SF:D:\www\web\shop2-web\src\components\DataTable\src\DataTable.vue
FN:78,(anonymous_1)
FN:82,(anonymous_2)
FN:94,(anonymous_3)
FN:105,(anonymous_4)
FN:116,(anonymous_5)
FN:126,(anonymous_6)
FN:131,(anonymous_7)
FN:139,(anonymous_8)
FN:142,(anonymous_9)
FNF:9
FNH:0
FNDA:0,(anonymous_1)
FNDA:0,(anonymous_2)
FNDA:0,(anonymous_3)
FNDA:0,(anonymous_4)
FNDA:0,(anonymous_5)
FNDA:0,(anonymous_6)
FNDA:0,(anonymous_7)
FNDA:0,(anonymous_8)
FNDA:0,(anonymous_9)
DA:78,0
DA:82,0
DA:95,0
DA:106,0
DA:118,0
DA:119,0
DA:120,0
DA:121,0
DA:123,0
DA:127,0
DA:132,0
DA:133,0
DA:135,0
DA:136,0
DA:138,0
DA:139,0
DA:141,0
DA:142,0
LF:18
LH:0
BRDA:118,0,0,0
BRDA:118,0,1,0
BRDA:120,1,0,0
BRDA:120,1,1,0
BRDA:132,2,0,0
BRDA:132,2,1,0
BRDA:135,3,0,0
BRDA:135,3,1,0
BRDA:138,4,0,0
BRDA:138,4,1,0
BRDA:141,5,0,0
BRDA:141,5,1,0
BRF:12
BRH:0
end_of_record
TN:
SF:D:\www\web\shop2-web\src\components\Import\index.js
FN:3,(anonymous_0)
FNF:1
FNH:0
FNDA:0,(anonymous_0)
DA:3,0
DA:4,0
LF:2
LH:0
BRF:0
BRH:0
end_of_record
TN:
SF:D:\www\web\shop2-web\src\components\Import\src\ImportFile.vue
FN:55,(anonymous_1)
FN:58,(anonymous_2)
FN:76,(anonymous_3)
FN:93,(anonymous_4)
FN:99,(anonymous_5)
FN:102,(anonymous_6)
FN:104,(anonymous_7)
FN:111,(anonymous_8)
FN:117,(anonymous_9)
FN:120,(anonymous_10)
FN:128,(anonymous_11)
FN:133,(anonymous_12)
FN:152,(anonymous_13)
FNF:13
FNH:0
FNDA:0,(anonymous_1)
FNDA:0,(anonymous_2)
FNDA:0,(anonymous_3)
FNDA:0,(anonymous_4)
FNDA:0,(anonymous_5)
FNDA:0,(anonymous_6)
FNDA:0,(anonymous_7)
FNDA:0,(anonymous_8)
FNDA:0,(anonymous_9)
FNDA:0,(anonymous_10)
FNDA:0,(anonymous_11)
FNDA:0,(anonymous_12)
FNDA:0,(anonymous_13)
DA:42,0
DA:77,0
DA:94,0
DA:95,0
DA:100,0
DA:103,0
DA:104,0
DA:106,0
DA:107,0
DA:108,0
DA:110,0
DA:113,0
DA:118,0
DA:121,0
DA:125,0
DA:126,0
DA:129,0
DA:130,0
DA:131,0
DA:134,0
DA:136,0
DA:141,0
DA:144,0
DA:145,0
DA:147,0
DA:148,0
DA:150,0
DA:154,0
DA:155,0
DA:157,0
LF:30
LH:0
BRDA:94,0,0,0
BRDA:94,0,1,0
BRDA:107,1,0,0
BRDA:107,1,1,0
BRDA:107,2,0,0
BRDA:107,2,1,0
BRDA:110,3,0,0
BRDA:110,3,1,0
BRDA:136,4,0,0
BRDA:136,4,1,0
BRDA:144,5,0,0
BRDA:144,5,1,0
BRDA:145,6,0,0
BRDA:145,6,1,0
BRDA:147,7,0,0
BRDA:147,7,1,0
BRDA:154,8,0,0
BRDA:154,8,1,0
BRDA:154,9,0,0
BRDA:154,9,1,0
BRF:20
BRH:0
end_of_record
TN:
SF:D:\www\web\shop2-web\src\components\MainLayout\index.js
FN:5,(anonymous_0)
FNF:1
FNH:0
FNDA:0,(anonymous_0)
DA:5,0
DA:6,0
DA:7,0
DA:8,0
LF:4
LH:0
BRF:0
BRH:0
end_of_record
TN:
SF:D:\www\web\shop2-web\src\components\MainLayout\src\CollapseWrapper.vue
FN:17,(anonymous_1)
FN:30,(anonymous_2)
FN:33,(anonymous_3)
FN:39,(anonymous_4)
FN:45,(anonymous_5)
FNF:5
FNH:0
FNDA:0,(anonymous_1)
FNDA:0,(anonymous_2)
FNDA:0,(anonymous_3)
FNDA:0,(anonymous_4)
FNDA:0,(anonymous_5)
DA:17,0
DA:31,0
DA:40,0
DA:41,0
DA:42,0
DA:43,0
DA:44,0
DA:45,0
DA:46,0
DA:47,0
DA:50,0
DA:60,0
LF:12
LH:0
BRDA:31,0,0,0
BRDA:31,0,1,0
BRDA:52,1,0,0
BRDA:52,1,1,0
BRDA:57,2,0,0
BRDA:57,2,1,0
BRF:6
BRH:0
end_of_record
TN:
SF:D:\www\web\shop2-web\src\components\MainLayout\src\MainLayout.vue
FN:423,(anonymous_2)
FN:443,(anonymous_3)
FN:512,(anonymous_4)
FN:514,(anonymous_5)
FN:533,(anonymous_6)
FN:536,(anonymous_7)
FN:548,(anonymous_8)
FN:554,(anonymous_9)
FN:558,(anonymous_10)
FN:562,(anonymous_11)
FN:575,(anonymous_12)
FN:580,(anonymous_13)
FN:586,(anonymous_14)
FN:591,(anonymous_15)
FN:596,(anonymous_16)
FN:614,(anonymous_17)
FN:634,(anonymous_18)
FN:637,(anonymous_19)
FN:670,(anonymous_20)
FN:671,(anonymous_21)
FN:672,(anonymous_22)
FN:683,(anonymous_23)
FN:689,(anonymous_24)
FN:702,(anonymous_25)
FN:726,(anonymous_26)
FN:735,(anonymous_27)
FN:739,(anonymous_28)
FN:741,(anonymous_29)
FN:742,(anonymous_30)
FN:750,(anonymous_31)
FN:751,(anonymous_32)
FN:753,(anonymous_34)
FN:754,(anonymous_35)
FN:761,(anonymous_36)
FN:763,(anonymous_37)
FN:773,(anonymous_38)
FN:778,(anonymous_39)
FN:789,(anonymous_40)
FN:794,(anonymous_41)
FN:804,(anonymous_42)
FN:808,(anonymous_43)
FN:810,(anonymous_44)
FN:835,(anonymous_45)
FN:838,(anonymous_46)
FN:841,(anonymous_47)
FN:857,(anonymous_48)
FN:861,(anonymous_49)
FN:864,(anonymous_50)
FN:869,(anonymous_51)
FN:893,(anonymous_52)
FN:897,(anonymous_53)
FN:925,(anonymous_54)
FN:949,handler
FN:953,setTime
FN:957,(anonymous_57)
FN:988,(anonymous_58)
FN:991,(anonymous_59)
FN:999,(anonymous_60)
FN:1012,(anonymous_61)
FN:1034,(anonymous_62)
FN:1036,(anonymous_63)
FN:1040,(anonymous_64)
FN:1061,(anonymous_65)
FN:1071,(anonymous_66)
FN:1074,(anonymous_67)
FN:1089,(anonymous_68)
FN:1094,(anonymous_69)
FN:1095,(anonymous_70)
FN:1099,(anonymous_71)
FN:1102,(anonymous_72)
FN:1103,(anonymous_73)
FN:1108,(anonymous_74)
FN:1113,(anonymous_75)
FN:1116,(anonymous_76)
FN:1118,(anonymous_77)
FN:1129,(anonymous_78)
FN:1147,(anonymous_79)
FN:1181,(anonymous_80)
FN:1191,(anonymous_81)
FN:1195,(anonymous_82)
FN:1202,(anonymous_83)
FN:1213,(anonymous_84)
FN:1216,(anonymous_85)
FN:1241,(anonymous_86)
FN:1245,(anonymous_87)
FN:1272,(anonymous_88)
FN:1278,(anonymous_89)
FN:1285,(anonymous_90)
FN:1289,(anonymous_91)
FN:1294,(anonymous_92)
FN:1297,(anonymous_93)
FN:1304,(anonymous_94)
FN:1308,(anonymous_95)
FN:1312,(anonymous_96)
FN:1315,(anonymous_97)
FN:1320,(anonymous_98)
FN:1323,(anonymous_99)
FN:1326,(anonymous_100)
FN:1329,(anonymous_101)
FN:1332,(anonymous_102)
FN:1340,(anonymous_103)
FN:1341,(anonymous_104)
FN:1345,(anonymous_105)
FN:1355,(anonymous_106)
FN:1363,(anonymous_107)
FN:1369,(anonymous_108)
FN:1384,(anonymous_109)
FN:1399,(anonymous_110)
FN:1404,(anonymous_111)
FN:1408,(anonymous_112)
FN:1416,(anonymous_113)
FN:1422,(anonymous_114)
FN:1427,(anonymous_115)
FN:1432,(anonymous_116)
FN:1436,(anonymous_117)
FN:1440,(anonymous_118)
FN:1507,(anonymous_119)
FN:1514,(anonymous_120)
FN:1515,(anonymous_121)
FN:1517,(anonymous_122)
FN:1533,(anonymous_123)
FN:1552,(anonymous_124)
FN:1569,(anonymous_125)
FN:1589,(anonymous_126)
FN:1593,(anonymous_127)
FN:1598,(anonymous_128)
FN:1603,(anonymous_129)
FN:1604,(anonymous_130)
FN:1613,(anonymous_131)
FNF:129
FNH:0
FNDA:0,(anonymous_2)
FNDA:0,(anonymous_3)
FNDA:0,(anonymous_4)
FNDA:0,(anonymous_5)
FNDA:0,(anonymous_6)
FNDA:0,(anonymous_7)
FNDA:0,(anonymous_8)
FNDA:0,(anonymous_9)
FNDA:0,(anonymous_10)
FNDA:0,(anonymous_11)
FNDA:0,(anonymous_12)
FNDA:0,(anonymous_13)
FNDA:0,(anonymous_14)
FNDA:0,(anonymous_15)
FNDA:0,(anonymous_16)
FNDA:0,(anonymous_17)
FNDA:0,(anonymous_18)
FNDA:0,(anonymous_19)
FNDA:0,(anonymous_20)
FNDA:0,(anonymous_21)
FNDA:0,(anonymous_22)
FNDA:0,(anonymous_23)
FNDA:0,(anonymous_24)
FNDA:0,(anonymous_25)
FNDA:0,(anonymous_26)
FNDA:0,(anonymous_27)
FNDA:0,(anonymous_28)
FNDA:0,(anonymous_29)
FNDA:0,(anonymous_30)
FNDA:0,(anonymous_31)
FNDA:0,(anonymous_32)
FNDA:0,(anonymous_34)
FNDA:0,(anonymous_35)
FNDA:0,(anonymous_36)
FNDA:0,(anonymous_37)
FNDA:0,(anonymous_38)
FNDA:0,(anonymous_39)
FNDA:0,(anonymous_40)
FNDA:0,(anonymous_41)
FNDA:0,(anonymous_42)
FNDA:0,(anonymous_43)
FNDA:0,(anonymous_44)
FNDA:0,(anonymous_45)
FNDA:0,(anonymous_46)
FNDA:0,(anonymous_47)
FNDA:0,(anonymous_48)
FNDA:0,(anonymous_49)
FNDA:0,(anonymous_50)
FNDA:0,(anonymous_51)
FNDA:0,(anonymous_52)
FNDA:0,(anonymous_53)
FNDA:0,(anonymous_54)
FNDA:0,handler
FNDA:0,setTime
FNDA:0,(anonymous_57)
FNDA:0,(anonymous_58)
FNDA:0,(anonymous_59)
FNDA:0,(anonymous_60)
FNDA:0,(anonymous_61)
FNDA:0,(anonymous_62)
FNDA:0,(anonymous_63)
FNDA:0,(anonymous_64)
FNDA:0,(anonymous_65)
FNDA:0,(anonymous_66)
FNDA:0,(anonymous_67)
FNDA:0,(anonymous_68)
FNDA:0,(anonymous_69)
FNDA:0,(anonymous_70)
FNDA:0,(anonymous_71)
FNDA:0,(anonymous_72)
FNDA:0,(anonymous_73)
FNDA:0,(anonymous_74)
FNDA:0,(anonymous_75)
FNDA:0,(anonymous_76)
FNDA:0,(anonymous_77)
FNDA:0,(anonymous_78)
FNDA:0,(anonymous_79)
FNDA:0,(anonymous_80)
FNDA:0,(anonymous_81)
FNDA:0,(anonymous_82)
FNDA:0,(anonymous_83)
FNDA:0,(anonymous_84)
FNDA:0,(anonymous_85)
FNDA:0,(anonymous_86)
FNDA:0,(anonymous_87)
FNDA:0,(anonymous_88)
FNDA:0,(anonymous_89)
FNDA:0,(anonymous_90)
FNDA:0,(anonymous_91)
FNDA:0,(anonymous_92)
FNDA:0,(anonymous_93)
FNDA:0,(anonymous_94)
FNDA:0,(anonymous_95)
FNDA:0,(anonymous_96)
FNDA:0,(anonymous_97)
FNDA:0,(anonymous_98)
FNDA:0,(anonymous_99)
FNDA:0,(anonymous_100)
FNDA:0,(anonymous_101)
FNDA:0,(anonymous_102)
FNDA:0,(anonymous_103)
FNDA:0,(anonymous_104)
FNDA:0,(anonymous_105)
FNDA:0,(anonymous_106)
FNDA:0,(anonymous_107)
FNDA:0,(anonymous_108)
FNDA:0,(anonymous_109)
FNDA:0,(anonymous_110)
FNDA:0,(anonymous_111)
FNDA:0,(anonymous_112)
FNDA:0,(anonymous_113)
FNDA:0,(anonymous_114)
FNDA:0,(anonymous_115)
FNDA:0,(anonymous_116)
FNDA:0,(anonymous_117)
FNDA:0,(anonymous_118)
FNDA:0,(anonymous_119)
FNDA:0,(anonymous_120)
FNDA:0,(anonymous_121)
FNDA:0,(anonymous_122)
FNDA:0,(anonymous_123)
FNDA:0,(anonymous_124)
FNDA:0,(anonymous_125)
FNDA:0,(anonymous_126)
FNDA:0,(anonymous_127)
FNDA:0,(anonymous_128)
FNDA:0,(anonymous_129)
FNDA:0,(anonymous_130)
FNDA:0,(anonymous_131)
DA:324,0
DA:325,0
DA:326,0
DA:327,0
DA:328,0
DA:329,0
DA:331,0
DA:423,0
DA:443,0
DA:514,0
DA:517,0
DA:519,0
DA:533,0
DA:537,0
DA:548,0
DA:554,0
DA:558,0
DA:562,0
DA:575,0
DA:580,0
DA:586,0
DA:591,0
DA:596,0
DA:614,0
DA:634,0
DA:638,0
DA:639,0
DA:671,0
DA:672,0
DA:674,0
DA:675,0
DA:676,0
DA:679,0
DA:685,0
DA:687,0
DA:690,0
DA:694,0
DA:695,0
DA:697,0
DA:698,0
DA:699,0
DA:702,0
DA:703,0
DA:704,0
DA:705,0
DA:706,0
DA:708,0
DA:709,0
DA:727,0
DA:728,0
DA:729,0
DA:733,0
DA:736,0
DA:740,0
DA:741,0
DA:742,0
DA:751,0
DA:754,0
DA:755,0
DA:756,0
DA:758,0
DA:761,0
DA:762,0
DA:763,0
DA:764,0
DA:767,0
DA:774,0
DA:786,0
DA:790,0
DA:791,0
DA:793,0
DA:794,0
DA:795,0
DA:796,0
DA:797,0
DA:798,0
DA:802,0
DA:806,0
DA:808,0
DA:809,0
DA:810,0
DA:819,0
DA:820,0
DA:822,0
DA:823,0
DA:824,0
DA:826,0
DA:828,0
DA:829,0
DA:833,0
DA:836,0
DA:839,0
DA:842,0
DA:843,0
DA:847,0
DA:848,0
DA:851,0
DA:858,0
DA:862,0
DA:865,0
DA:871,0
DA:872,0
DA:873,0
DA:875,0
DA:879,0
DA:884,0
DA:889,0
DA:890,0
DA:892,0
DA:893,0
DA:894,0
DA:897,0
DA:906,0
DA:907,0
DA:909,0
DA:916,0
DA:919,0
DA:924,0
DA:925,0
DA:926,0
DA:928,0
DA:929,0
DA:930,0
DA:931,0
DA:935,0
DA:938,0
DA:941,0
DA:945,0
DA:946,0
DA:949,0
DA:952,0
DA:954,0
DA:955,0
DA:957,0
DA:960,0
DA:965,0
DA:969,0
DA:970,0
DA:973,0
DA:977,0
DA:986,0
DA:989,0
DA:990,0
DA:991,0
DA:992,0
DA:993,0
DA:994,0
DA:1000,0
DA:1001,0
DA:1004,0
DA:1005,0
DA:1008,0
DA:1009,0
DA:1013,0
DA:1035,0
DA:1036,0
DA:1037,0
DA:1041,0
DA:1042,0
DA:1043,0
DA:1044,0
DA:1045,0
DA:1046,0
DA:1047,0
DA:1049,0
DA:1050,0
DA:1051,0
DA:1052,0
DA:1055,0
DA:1059,0
DA:1062,0
DA:1067,0
DA:1073,0
DA:1074,0
DA:1075,0
DA:1076,0
DA:1077,0
DA:1079,0
DA:1082,0
DA:1083,0
DA:1087,0
DA:1090,0
DA:1091,0
DA:1092,0
DA:1095,0
DA:1096,0
DA:1100,0
DA:1103,0
DA:1104,0
DA:1108,0
DA:1109,0
DA:1114,0
DA:1117,0
DA:1118,0
DA:1119,0
DA:1120,0
DA:1121,0
DA:1123,0
DA:1125,0
DA:1127,0
DA:1130,0
DA:1131,0
DA:1132,0
DA:1133,0
DA:1134,0
DA:1139,0
DA:1140,0
DA:1142,0
DA:1143,0
DA:1148,0
DA:1150,0
DA:1151,0
DA:1153,0
DA:1154,0
DA:1156,0
DA:1162,0
DA:1167,0
DA:1168,0
DA:1169,0
DA:1171,0
DA:1172,0
DA:1173,0
DA:1174,0
DA:1177,0
DA:1182,0
DA:1183,0
DA:1185,0
DA:1187,0
DA:1192,0
DA:1193,0
DA:1195,0
DA:1203,0
DA:1205,0
DA:1214,0
DA:1215,0
DA:1216,0
DA:1223,0
DA:1229,0
DA:1230,0
DA:1231,0
DA:1233,0
DA:1234,0
DA:1235,0
DA:1242,0
DA:1243,0
DA:1244,0
DA:1245,0
DA:1249,0
DA:1250,0
DA:1256,0
DA:1258,0
DA:1260,0
DA:1262,0
DA:1266,0
DA:1267,0
DA:1268,0
DA:1270,0
DA:1273,0
DA:1274,0
DA:1276,0
DA:1279,0
DA:1280,0
DA:1281,0
DA:1283,0
DA:1286,0
DA:1287,0
DA:1289,0
DA:1290,0
DA:1292,0
DA:1293,0
DA:1294,0
DA:1296,0
DA:1299,0
DA:1302,0
DA:1305,0
DA:1310,0
DA:1313,0
DA:1317,0
DA:1321,0
DA:1324,0
DA:1327,0
DA:1330,0
DA:1334,0
DA:1336,0
DA:1338,0
DA:1341,0
DA:1342,0
DA:1346,0
DA:1347,0
DA:1348,0
DA:1349,0
DA:1356,0
DA:1357,0
DA:1359,0
DA:1360,0
DA:1361,0
DA:1364,0
DA:1365,0
DA:1366,0
DA:1383,0
DA:1384,0
DA:1386,0
DA:1387,0
DA:1388,0
DA:1389,0
DA:1390,0
DA:1391,0
DA:1392,0
DA:1393,0
DA:1394,0
DA:1395,0
DA:1396,0
DA:1397,0
DA:1398,0
DA:1399,0
DA:1400,0
DA:1405,0
DA:1409,0
DA:1412,0
DA:1413,0
DA:1417,0
DA:1418,0
DA:1419,0
DA:1423,0
DA:1424,0
DA:1428,0
DA:1429,0
DA:1433,0
DA:1434,0
DA:1437,0
DA:1442,0
DA:1444,0
DA:1445,0
DA:1455,0
DA:1457,0
DA:1458,0
DA:1459,0
DA:1465,0
DA:1478,0
DA:1480,0
DA:1481,0
DA:1482,0
DA:1491,0
DA:1493,0
DA:1503,0
DA:1504,0
DA:1505,0
DA:1506,0
DA:1507,0
DA:1509,0
DA:1510,0
DA:1512,0
DA:1513,0
DA:1514,0
DA:1515,0
DA:1516,0
DA:1517,0
DA:1522,0
DA:1528,0
DA:1529,0
DA:1530,0
DA:1531,0
DA:1532,0
DA:1533,0
DA:1534,0
DA:1538,0
DA:1539,0
DA:1540,0
DA:1541,0
DA:1542,0
DA:1543,0
DA:1545,0
DA:1547,0
DA:1548,0
DA:1549,0
DA:1550,0
DA:1551,0
DA:1552,0
DA:1557,0
DA:1564,0
DA:1565,0
DA:1568,0
DA:1571,0
DA:1575,0
DA:1576,0
DA:1577,0
DA:1579,0
DA:1580,0
DA:1581,0
DA:1583,0
DA:1584,0
DA:1590,0
DA:1591,0
DA:1592,0
DA:1593,0
DA:1594,0
DA:1599,0
DA:1604,0
DA:1605,0
DA:1606,0
DA:1608,0
DA:1614,0
DA:1615,0
DA:1616,0
LF:404
LH:0
BRDA:514,0,0,0
BRDA:514,0,1,0
BRDA:520,1,0,0
BRDA:520,1,1,0
BRDA:521,2,0,0
BRDA:521,2,1,0
BRDA:675,3,0,0
BRDA:675,3,1,0
BRDA:679,4,0,0
BRDA:679,4,1,0
BRDA:679,4,2,0
BRDA:687,5,0,0
BRDA:687,5,1,0
BRDA:687,5,2,0
BRDA:694,6,0,0
BRDA:694,6,1,0
BRDA:698,7,0,0
BRDA:698,7,1,0
BRDA:698,8,0,0
BRDA:698,8,1,0
BRDA:703,9,0,0
BRDA:703,9,1,0
BRDA:703,10,0,0
BRDA:703,10,1,0
BRDA:708,11,0,0
BRDA:708,11,1,0
BRDA:728,12,0,0
BRDA:728,12,1,0
BRDA:740,13,0,0
BRDA:740,13,1,0
BRDA:742,14,0,0
BRDA:742,14,1,0
BRDA:755,15,0,0
BRDA:755,15,1,0
BRDA:762,16,0,0
BRDA:762,16,1,0
BRDA:790,17,0,0
BRDA:790,17,1,0
BRDA:796,18,0,0
BRDA:796,18,1,0
BRDA:809,19,0,0
BRDA:809,19,1,0
BRDA:810,20,0,0
BRDA:810,20,1,0
BRDA:819,21,0,0
BRDA:819,21,1,0
BRDA:822,22,0,0
BRDA:822,22,1,0
BRDA:828,23,0,0
BRDA:828,23,1,0
BRDA:842,24,0,0
BRDA:842,24,1,0
BRDA:847,25,0,0
BRDA:847,25,1,0
BRDA:871,26,0,0
BRDA:871,26,1,0
BRDA:872,27,0,0
BRDA:872,27,1,0
BRDA:879,28,0,0
BRDA:879,28,1,0
BRDA:879,29,0,0
BRDA:879,29,1,0
BRDA:879,29,2,0
BRDA:884,30,0,0
BRDA:884,30,1,0
BRDA:889,31,0,0
BRDA:889,31,1,0
BRDA:890,32,0,0
BRDA:890,32,1,0
BRDA:892,33,0,0
BRDA:892,33,1,0
BRDA:897,34,0,0
BRDA:897,34,1,0
BRDA:897,35,0,0
BRDA:897,35,1,0
BRDA:897,35,2,0
BRDA:897,35,3,0
BRDA:897,35,4,0
BRDA:897,35,5,0
BRDA:897,35,6,0
BRDA:906,36,0,0
BRDA:906,36,1,0
BRDA:919,37,0,0
BRDA:919,37,1,0
BRDA:919,38,0,0
BRDA:919,38,1,0
BRDA:919,38,2,0
BRDA:929,39,0,0
BRDA:929,39,1,0
BRDA:930,40,0,0
BRDA:930,40,1,0
BRDA:938,41,0,0
BRDA:938,41,1,0
BRDA:941,42,0,0
BRDA:941,42,1,0
BRDA:945,43,0,0
BRDA:945,43,1,0
BRDA:946,44,0,0
BRDA:946,44,1,0
BRDA:954,45,0,0
BRDA:954,45,1,0
BRDA:961,46,0,0
BRDA:961,46,1,0
BRDA:965,47,0,0
BRDA:965,47,1,0
BRDA:965,48,0,0
BRDA:965,48,1,0
BRDA:973,49,0,0
BRDA:973,49,1,0
BRDA:973,50,0,0
BRDA:973,50,1,0
BRDA:989,51,0,0
BRDA:989,51,1,0
BRDA:993,52,0,0
BRDA:993,52,1,0
BRDA:1000,53,0,0
BRDA:1000,53,1,0
BRDA:1004,54,0,0
BRDA:1004,54,1,0
BRDA:1043,55,0,0
BRDA:1043,55,1,0
BRDA:1046,56,0,0
BRDA:1046,56,1,0
BRDA:1049,57,0,0
BRDA:1049,57,1,0
BRDA:1050,58,0,0
BRDA:1050,58,1,0
BRDA:1050,59,0,0
BRDA:1050,59,1,0
BRDA:1067,60,0,0
BRDA:1067,60,1,0
BRDA:1076,61,0,0
BRDA:1076,61,1,0
BRDA:1077,62,0,0
BRDA:1077,62,1,0
BRDA:1082,63,0,0
BRDA:1082,63,1,0
BRDA:1091,64,0,0
BRDA:1091,64,1,0
BRDA:1120,65,0,0
BRDA:1120,65,1,0
BRDA:1130,66,0,0
BRDA:1130,66,1,0
BRDA:1142,67,0,0
BRDA:1142,67,1,0
BRDA:1147,68,0,0
BRDA:1148,69,0,0
BRDA:1148,69,1,0
BRDA:1150,70,0,0
BRDA:1150,70,1,0
BRDA:1153,71,0,0
BRDA:1153,71,1,0
BRDA:1153,72,0,0
BRDA:1153,72,1,0
BRDA:1172,73,0,0
BRDA:1172,73,1,0
BRDA:1182,74,0,0
BRDA:1182,74,1,0
BRDA:1183,75,0,0
BRDA:1183,75,1,0
BRDA:1192,76,0,0
BRDA:1192,76,1,0
BRDA:1213,77,0,0
BRDA:1223,78,0,0
BRDA:1223,78,1,0
BRDA:1223,79,0,0
BRDA:1223,79,1,0
BRDA:1245,80,0,0
BRDA:1245,80,1,0
BRDA:1250,81,0,0
BRDA:1250,81,1,0
BRDA:1250,82,0,0
BRDA:1250,82,1,0
BRDA:1258,83,0,0
BRDA:1258,83,1,0
BRDA:1266,84,0,0
BRDA:1266,84,1,0
BRDA:1273,85,0,0
BRDA:1273,85,1,0
BRDA:1273,86,0,0
BRDA:1273,86,1,0
BRDA:1280,87,0,0
BRDA:1280,87,1,0
BRDA:1286,88,0,0
BRDA:1286,88,1,0
BRDA:1293,89,0,0
BRDA:1293,89,1,0
BRDA:1293,90,0,0
BRDA:1293,90,1,0
BRDA:1317,91,0,0
BRDA:1317,91,1,0
BRDA:1356,92,0,0
BRDA:1356,92,1,0
BRDA:1378,93,0,0
BRDA:1380,94,0,0
BRDA:1437,95,0,0
BRDA:1437,95,1,0
BRDA:1440,96,0,0
BRDA:1444,97,0,0
BRDA:1444,97,1,0
BRDA:1457,98,0,0
BRDA:1457,98,1,0
BRDA:1465,99,0,0
BRDA:1465,99,1,0
BRDA:1480,100,0,0
BRDA:1480,100,1,0
BRDA:1493,101,0,0
BRDA:1493,101,1,0
BRDA:1503,102,0,0
BRDA:1503,102,1,0
BRDA:1504,103,0,0
BRDA:1504,103,1,0
BRDA:1512,104,0,0
BRDA:1512,104,1,0
BRDA:1513,105,0,0
BRDA:1516,106,0,0
BRDA:1516,106,1,0
BRDA:1517,107,0,0
BRDA:1517,107,1,0
BRDA:1528,108,0,0
BRDA:1528,108,1,0
BRDA:1531,109,0,0
BRDA:1532,110,0,0
BRDA:1532,110,1,0
BRDA:1538,111,0,0
BRDA:1538,111,1,0
BRDA:1539,112,0,0
BRDA:1539,112,1,0
BRDA:1545,113,0,0
BRDA:1545,113,1,0
BRDA:1547,114,0,0
BRDA:1547,114,1,0
BRDA:1548,115,0,0
BRDA:1548,115,1,0
BRDA:1550,116,0,0
BRDA:1550,116,1,0
BRDA:1551,117,0,0
BRDA:1551,117,1,0
BRDA:1571,118,0,0
BRDA:1571,118,1,0
BRDA:1580,119,0,0
BRDA:1580,119,1,0
BRDA:1599,120,0,0
BRDA:1599,120,1,0
BRDA:1605,121,0,0
BRDA:1605,121,1,0
BRF:246
BRH:0
end_of_record
TN:
SF:D:\www\web\shop2-web\src\components\MainLayout\src\dialog.vue
FN:67,(anonymous_1)
FN:94,(anonymous_2)
FN:115,(anonymous_3)
FN:116,(anonymous_4)
FN:117,(anonymous_5)
FN:118,(anonymous_6)
FN:119,(anonymous_7)
FN:120,(anonymous_8)
FN:126,(anonymous_9)
FN:150,(anonymous_10)
FN:154,(anonymous_11)
FN:164,(anonymous_12)
FN:171,(anonymous_13)
FN:176,(anonymous_14)
FN:181,(anonymous_15)
FN:184,(anonymous_16)
FN:186,(anonymous_17)
FN:188,(anonymous_18)
FN:190,(anonymous_19)
FN:192,(anonymous_20)
FN:197,(anonymous_21)
FN:200,(anonymous_22)
FN:210,(anonymous_23)
FN:220,(anonymous_24)
FN:241,(anonymous_25)
FN:260,(anonymous_26)
FN:265,(anonymous_27)
FN:271,(anonymous_28)
FN:276,(anonymous_30)
FN:291,(anonymous_31)
FN:295,(anonymous_32)
FN:329,(anonymous_33)
FN:339,(anonymous_34)
FN:346,(anonymous_35)
FN:362,(anonymous_36)
FN:365,(anonymous_37)
FN:368,(anonymous_38)
FN:375,(anonymous_39)
FN:384,(anonymous_40)
FN:388,(anonymous_41)
FNF:40
FNH:0
FNDA:0,(anonymous_1)
FNDA:0,(anonymous_2)
FNDA:0,(anonymous_3)
FNDA:0,(anonymous_4)
FNDA:0,(anonymous_5)
FNDA:0,(anonymous_6)
FNDA:0,(anonymous_7)
FNDA:0,(anonymous_8)
FNDA:0,(anonymous_9)
FNDA:0,(anonymous_10)
FNDA:0,(anonymous_11)
FNDA:0,(anonymous_12)
FNDA:0,(anonymous_13)
FNDA:0,(anonymous_14)
FNDA:0,(anonymous_15)
FNDA:0,(anonymous_16)
FNDA:0,(anonymous_17)
FNDA:0,(anonymous_18)
FNDA:0,(anonymous_19)
FNDA:0,(anonymous_20)
FNDA:0,(anonymous_21)
FNDA:0,(anonymous_22)
FNDA:0,(anonymous_23)
FNDA:0,(anonymous_24)
FNDA:0,(anonymous_25)
FNDA:0,(anonymous_26)
FNDA:0,(anonymous_27)
FNDA:0,(anonymous_28)
FNDA:0,(anonymous_30)
FNDA:0,(anonymous_31)
FNDA:0,(anonymous_32)
FNDA:0,(anonymous_33)
FNDA:0,(anonymous_34)
FNDA:0,(anonymous_35)
FNDA:0,(anonymous_36)
FNDA:0,(anonymous_37)
FNDA:0,(anonymous_38)
FNDA:0,(anonymous_39)
FNDA:0,(anonymous_40)
FNDA:0,(anonymous_41)
DA:68,0
DA:94,0
DA:115,0
DA:127,0
DA:151,0
DA:155,0
DA:156,0
DA:157,0
DA:159,0
DA:165,0
DA:168,0
DA:172,0
DA:173,0
DA:177,0
DA:179,0
DA:182,0
DA:185,0
DA:186,0
DA:188,0
DA:189,0
DA:190,0
DA:191,0
DA:192,0
DA:194,0
DA:195,0
DA:197,0
DA:199,0
DA:202,0
DA:211,0
DA:213,0
DA:214,0
DA:215,0
DA:217,0
DA:221,0
DA:222,0
DA:224,0
DA:225,0
DA:227,0
DA:228,0
DA:229,0
DA:230,0
DA:231,0
DA:232,0
DA:236,0
DA:242,0
DA:243,0
DA:244,0
DA:245,0
DA:246,0
DA:250,0
DA:253,0
DA:254,0
DA:258,0
DA:261,0
DA:266,0
DA:269,0
DA:271,0
DA:274,0
DA:275,0
DA:278,0
DA:283,0
DA:284,0
DA:287,0
DA:291,0
DA:294,0
DA:331,0
DA:332,0
DA:333,0
DA:334,0
DA:336,0
DA:338,0
DA:339,0
DA:341,0
DA:342,0
DA:344,0
DA:348,0
DA:352,0
DA:353,0
DA:355,0
DA:358,0
DA:359,0
DA:363,0
DA:366,0
DA:369,0
DA:370,0
DA:372,0
DA:376,0
DA:377,0
DA:378,0
DA:384,0
DA:388,0
DA:390,0
LF:92
LH:0
BRDA:156,0,0,0
BRDA:156,0,1,0
BRDA:157,1,0,0
BRDA:157,1,1,0
BRDA:172,2,0,0
BRDA:172,2,1,0
BRDA:185,3,0,0
BRDA:185,3,1,0
BRDA:194,4,0,0
BRDA:194,4,1,0
BRDA:211,5,0,0
BRDA:211,5,1,0
BRDA:213,6,0,0
BRDA:213,6,1,0
BRDA:224,7,0,0
BRDA:224,7,1,0
BRDA:224,8,0,0
BRDA:224,8,1,0
BRDA:229,9,0,0
BRDA:229,9,1,0
BRDA:231,10,0,0
BRDA:231,10,1,0
BRDA:231,11,0,0
BRDA:231,11,1,0
BRDA:243,12,0,0
BRDA:243,12,1,0
BRDA:245,13,0,0
BRDA:245,13,1,0
BRDA:246,14,0,0
BRDA:246,14,1,0
BRDA:246,15,0,0
BRDA:246,15,1,0
BRDA:253,16,0,0
BRDA:253,16,1,0
BRDA:266,17,0,0
BRDA:266,17,1,0
BRDA:278,18,0,0
BRDA:278,18,1,0
BRDA:278,19,0,0
BRDA:278,19,1,0
BRDA:333,20,0,0
BRDA:333,20,1,0
BRDA:338,21,0,0
BRDA:338,21,1,0
BRDA:338,22,0,0
BRDA:338,22,1,0
BRDA:341,23,0,0
BRDA:341,23,1,0
BRDA:348,24,0,0
BRDA:348,24,1,0
BRDA:352,25,0,0
BRDA:352,25,1,0
BRDA:372,26,0,0
BRDA:372,26,1,0
BRDA:377,27,0,0
BRDA:377,27,1,0
BRF:56
BRH:0
end_of_record
TN:
SF:D:\www\web\shop2-web\src\components\NewForm\SyncCascader.vue
FN:9,(anonymous_1)
FN:16,(anonymous_2)
FN:20,(anonymous_3)
FN:24,(anonymous_4)
FN:25,(anonymous_5)
FN:26,(anonymous_6)
FN:35,(anonymous_7)
FN:38,(anonymous_8)
FN:39,(anonymous_9)
FNF:9
FNH:0
FNDA:0,(anonymous_1)
FNDA:0,(anonymous_2)
FNDA:0,(anonymous_3)
FNDA:0,(anonymous_4)
FNDA:0,(anonymous_5)
FNDA:0,(anonymous_6)
FNDA:0,(anonymous_7)
FNDA:0,(anonymous_8)
FNDA:0,(anonymous_9)
DA:9,0
DA:21,0
DA:22,0
DA:23,0
DA:24,0
DA:25,0
DA:26,0
DA:29,0
DA:31,0
DA:36,0
DA:37,0
DA:38,0
DA:39,0
DA:40,0
DA:43,0
DA:46,0
DA:48,0
DA:49,0
DA:51,0
LF:19
LH:0
BRDA:22,0,0,0
BRDA:23,1,0,0
BRDA:23,1,1,0
BRDA:40,2,0,0
BRDA:40,2,1,0
BRF:5
BRH:0
end_of_record
TN:
SF:D:\www\web\shop2-web\src\components\NewForm\event.js
FNF:0
FNH:0
LF:0
LH:0
BRF:0
BRH:0
end_of_record
TN:
SF:D:\www\web\shop2-web\src\components\NewForm\form-inputs.vue
FN:230,(anonymous_5)
FN:236,(anonymous_6)
FN:247,(anonymous_7)
FN:272,(anonymous_8)
FN:280,(anonymous_9)
FN:283,(anonymous_10)
FN:305,(anonymous_11)
FN:312,(anonymous_12)
FN:318,(anonymous_13)
FN:328,(anonymous_14)
FN:333,(anonymous_15)
FN:338,(anonymous_17)
FN:344,(anonymous_18)
FN:345,(anonymous_19)
FN:351,(anonymous_20)
FN:357,(anonymous_21)
FN:360,(anonymous_22)
FN:363,(anonymous_23)
FN:367,(anonymous_24)
FN:370,(anonymous_25)
FN:388,(anonymous_27)
FN:391,(anonymous_28)
FN:394,(anonymous_29)
FN:399,(anonymous_30)
FN:404,(anonymous_31)
FN:409,(anonymous_32)
FN:425,(anonymous_33)
FN:437,(anonymous_34)
FN:468,(anonymous_35)
FN:473,(anonymous_36)
FN:476,(anonymous_37)
FN:491,(anonymous_38)
FN:505,(anonymous_39)
FN:540,(anonymous_40)
FN:543,(anonymous_41)
FN:548,(anonymous_42)
FN:551,(anonymous_43)
FN:571,(anonymous_44)
FN:577,(anonymous_45)
FN:580,(anonymous_46)
FN:583,(anonymous_47)
FN:586,(anonymous_48)
FN:589,(anonymous_49)
FNF:43
FNH:0
FNDA:0,(anonymous_5)
FNDA:0,(anonymous_6)
FNDA:0,(anonymous_7)
FNDA:0,(anonymous_8)
FNDA:0,(anonymous_9)
FNDA:0,(anonymous_10)
FNDA:0,(anonymous_11)
FNDA:0,(anonymous_12)
FNDA:0,(anonymous_13)
FNDA:0,(anonymous_14)
FNDA:0,(anonymous_15)
FNDA:0,(anonymous_17)
FNDA:0,(anonymous_18)
FNDA:0,(anonymous_19)
FNDA:0,(anonymous_20)
FNDA:0,(anonymous_21)
FNDA:0,(anonymous_22)
FNDA:0,(anonymous_23)
FNDA:0,(anonymous_24)
FNDA:0,(anonymous_25)
FNDA:0,(anonymous_27)
FNDA:0,(anonymous_28)
FNDA:0,(anonymous_29)
FNDA:0,(anonymous_30)
FNDA:0,(anonymous_31)
FNDA:0,(anonymous_32)
FNDA:0,(anonymous_33)
FNDA:0,(anonymous_34)
FNDA:0,(anonymous_35)
FNDA:0,(anonymous_36)
FNDA:0,(anonymous_37)
FNDA:0,(anonymous_38)
FNDA:0,(anonymous_39)
FNDA:0,(anonymous_40)
FNDA:0,(anonymous_41)
FNDA:0,(anonymous_42)
FNDA:0,(anonymous_43)
FNDA:0,(anonymous_44)
FNDA:0,(anonymous_45)
FNDA:0,(anonymous_46)
FNDA:0,(anonymous_47)
FNDA:0,(anonymous_48)
FNDA:0,(anonymous_49)
DA:224,0
DA:225,0
DA:227,0
DA:231,0
DA:237,0
DA:248,0
DA:281,0
DA:283,0
DA:284,0
DA:285,0
DA:289,0
DA:290,0
DA:291,0
DA:306,0
DA:307,0
DA:313,0
DA:314,0
DA:315,0
DA:319,0
DA:320,0
DA:321,0
DA:324,0
DA:326,0
DA:329,0
DA:333,0
DA:339,0
DA:340,0
DA:341,0
DA:345,0
DA:346,0
DA:348,0
DA:349,0
DA:352,0
DA:358,0
DA:362,0
DA:363,0
DA:364,0
DA:368,0
DA:369,0
DA:370,0
DA:374,0
DA:375,0
DA:376,0
DA:377,0
DA:379,0
DA:380,0
DA:381,0
DA:383,0
DA:384,0
DA:386,0
DA:389,0
DA:392,0
DA:393,0
DA:395,0
DA:400,0
DA:401,0
DA:405,0
DA:406,0
DA:410,0
DA:411,0
DA:412,0
DA:413,0
DA:415,0
DA:418,0
DA:420,0
DA:422,0
DA:423,0
DA:425,0
DA:428,0
DA:429,0
DA:431,0
DA:434,0
DA:435,0
DA:439,0
DA:445,0
DA:447,0
DA:454,0
DA:457,0
DA:458,0
DA:461,0
DA:469,0
DA:470,0
DA:471,0
DA:473,0
DA:475,0
DA:479,0
DA:481,0
DA:482,0
DA:484,0
DA:492,0
DA:493,0
DA:495,0
DA:499,0
DA:500,0
DA:502,0
DA:503,0
DA:505,0
DA:506,0
DA:508,0
DA:509,0
DA:510,0
DA:512,0
DA:513,0
DA:516,0
DA:518,0
DA:519,0
DA:520,0
DA:522,0
DA:523,0
DA:524,0
DA:526,0
DA:527,0
DA:528,0
DA:531,0
DA:534,0
DA:541,0
DA:544,0
DA:545,0
DA:549,0
DA:552,0
DA:553,0
DA:554,0
DA:556,0
DA:557,0
DA:559,0
DA:561,0
DA:563,0
DA:565,0
DA:569,0
DA:572,0
DA:578,0
DA:581,0
DA:584,0
DA:587,0
DA:590,0
LF:135
LH:0
BRDA:281,0,0,0
BRDA:281,0,1,0
BRDA:284,1,0,0
BRDA:284,1,1,0
BRDA:289,2,0,0
BRDA:289,2,1,0
BRDA:290,3,0,0
BRDA:290,3,1,0
BRDA:294,4,0,0
BRDA:294,4,1,0
BRDA:298,5,0,0
BRDA:298,5,1,0
BRDA:306,6,0,0
BRDA:306,6,1,0
BRDA:313,7,0,0
BRDA:313,7,1,0
BRDA:319,8,0,0
BRDA:319,8,1,0
BRDA:339,9,0,0
BRDA:339,9,1,0
BRDA:345,10,0,0
BRDA:345,10,1,0
BRDA:358,11,0,0
BRDA:358,11,1,0
BRDA:363,12,0,0
BRDA:363,12,1,0
BRDA:368,13,0,0
BRDA:368,13,1,0
BRDA:375,14,0,0
BRDA:375,14,1,0
BRDA:379,15,0,0
BRDA:379,15,1,0
BRDA:383,16,0,0
BRDA:383,16,1,0
BRDA:383,17,0,0
BRDA:383,17,1,0
BRDA:400,18,0,0
BRDA:400,18,1,0
BRDA:405,19,0,0
BRDA:405,19,1,0
BRDA:416,20,0,0
BRDA:416,20,1,0
BRDA:416,20,2,0
BRDA:418,21,0,0
BRDA:418,21,1,0
BRDA:422,22,0,0
BRDA:422,22,1,0
BRDA:428,23,0,0
BRDA:428,23,1,0
BRDA:434,24,0,0
BRDA:434,24,1,0
BRDA:439,25,0,0
BRDA:439,25,1,0
BRDA:439,26,0,0
BRDA:439,26,1,0
BRDA:439,26,2,0
BRDA:439,26,3,0
BRDA:469,27,0,0
BRDA:470,28,0,0
BRDA:470,28,1,0
BRDA:471,29,0,0
BRDA:471,29,1,0
BRDA:479,30,0,0
BRDA:479,30,1,0
BRDA:481,31,0,0
BRDA:481,31,1,0
BRDA:492,32,0,0
BRDA:492,32,1,0
BRDA:499,33,0,0
BRDA:499,33,1,0
BRDA:502,34,0,0
BRDA:502,34,1,0
BRDA:507,35,0,0
BRDA:507,35,1,0
BRDA:507,35,2,0
BRDA:507,35,3,0
BRDA:507,35,4,0
BRDA:507,35,5,0
BRDA:553,36,0,0
BRDA:553,36,1,0
BRDA:556,37,0,0
BRDA:556,37,1,0
BRDA:558,38,0,0
BRDA:558,38,1,0
BRDA:558,38,2,0
BRDA:572,39,0,0
BRDA:572,39,1,0
BRDA:578,40,0,0
BRDA:578,40,1,0
BRDA:581,41,0,0
BRDA:581,41,1,0
BRDA:584,42,0,0
BRDA:584,42,1,0
BRDA:587,43,0,0
BRDA:587,43,1,0
BRDA:587,43,2,0
BRDA:590,44,0,0
BRDA:590,44,1,0
BRDA:590,44,2,0
BRF:99
BRH:0
end_of_record
TN:
SF:D:\www\web\shop2-web\src\components\NewForm\form-item.vue
FN:238,(anonymous_2)
FN:245,(anonymous_3)
FN:253,(anonymous_4)
FN:261,(anonymous_5)
FN:270,(anonymous_6)
FN:277,(anonymous_7)
FN:279,(anonymous_8)
FN:282,(anonymous_9)
FN:289,(anonymous_10)
FN:292,(anonymous_11)
FN:301,(anonymous_12)
FN:309,(anonymous_13)
FN:317,(anonymous_14)
FN:323,(anonymous_15)
FN:328,(anonymous_16)
FN:331,(anonymous_17)
FN:336,(anonymous_18)
FN:342,(anonymous_19)
FN:348,(anonymous_20)
FN:353,(anonymous_21)
FN:360,(anonymous_22)
FN:366,(anonymous_23)
FN:367,(anonymous_24)
FN:376,(anonymous_25)
FN:387,(anonymous_26)
FNF:25
FNH:0
FNDA:0,(anonymous_2)
FNDA:0,(anonymous_3)
FNDA:0,(anonymous_4)
FNDA:0,(anonymous_5)
FNDA:0,(anonymous_6)
FNDA:0,(anonymous_7)
FNDA:0,(anonymous_8)
FNDA:0,(anonymous_9)
FNDA:0,(anonymous_10)
FNDA:0,(anonymous_11)
FNDA:0,(anonymous_12)
FNDA:0,(anonymous_13)
FNDA:0,(anonymous_14)
FNDA:0,(anonymous_15)
FNDA:0,(anonymous_16)
FNDA:0,(anonymous_17)
FNDA:0,(anonymous_18)
FNDA:0,(anonymous_19)
FNDA:0,(anonymous_20)
FNDA:0,(anonymous_21)
FNDA:0,(anonymous_22)
FNDA:0,(anonymous_23)
FNDA:0,(anonymous_24)
FNDA:0,(anonymous_25)
FNDA:0,(anonymous_26)
DA:209,0
DA:238,0
DA:246,0
DA:254,0
DA:255,0
DA:262,0
DA:263,0
DA:265,0
DA:266,0
DA:268,0
DA:271,0
DA:272,0
DA:274,0
DA:275,0
DA:277,0
DA:280,0
DA:283,0
DA:290,0
DA:293,0
DA:302,0
DA:310,0
DA:311,0
DA:313,0
DA:318,0
DA:319,0
DA:321,0
DA:323,0
DA:324,0
DA:326,0
DA:329,0
DA:332,0
DA:333,0
DA:337,0
DA:338,0
DA:340,0
DA:342,0
DA:343,0
DA:345,0
DA:349,0
DA:350,0
DA:354,0
DA:355,0
DA:357,0
DA:361,0
DA:362,0
DA:363,0
DA:365,0
DA:366,0
DA:367,0
DA:368,0
DA:369,0
DA:370,0
DA:374,0
DA:377,0
DA:378,0
DA:379,0
DA:381,0
DA:388,0
LF:58
LH:0
BRDA:254,0,0,0
BRDA:254,0,1,0
BRDA:263,1,0,0
BRDA:263,1,1,0
BRDA:272,2,0,0
BRDA:272,2,1,0
BRDA:283,3,0,0
BRDA:283,3,1,0
BRDA:283,3,2,0
BRDA:293,4,0,0
BRDA:293,4,1,0
BRDA:293,5,0,0
BRDA:293,5,1,0
BRDA:293,5,2,0
BRDA:293,5,3,0
BRDA:302,6,0,0
BRDA:302,6,1,0
BRDA:302,7,0,0
BRDA:302,7,1,0
BRDA:302,7,2,0
BRDA:302,7,3,0
BRDA:310,8,0,0
BRDA:310,8,1,0
BRDA:318,9,0,0
BRDA:318,9,1,0
BRDA:318,10,0,0
BRDA:318,10,1,0
BRDA:332,11,0,0
BRDA:332,11,1,0
BRDA:332,12,0,0
BRDA:332,12,1,0
BRDA:337,13,0,0
BRDA:337,13,1,0
BRDA:349,14,0,0
BRDA:349,14,1,0
BRDA:349,15,0,0
BRDA:349,15,1,0
BRDA:354,16,0,0
BRDA:354,16,1,0
BRDA:362,17,0,0
BRDA:362,17,1,0
BRDA:369,18,0,0
BRDA:369,18,1,0
BRDA:369,19,0,0
BRDA:369,19,1,0
BRDA:377,20,0,0
BRDA:377,20,1,0
BRF:47
BRH:0
end_of_record
TN:
SF:D:\www\web\shop2-web\src\components\NewForm\index.js
FN:6,(anonymous_0)
FN:10,(anonymous_1)
FNF:2
FNH:0
FNDA:0,(anonymous_0)
FNDA:0,(anonymous_1)
DA:7,0
DA:8,0
DA:10,0
DA:11,0
DA:13,0
DA:14,0
LF:6
LH:0
BRDA:6,0,0,0
BRDA:6,1,0,0
BRF:2
BRH:0
end_of_record
TN:
SF:D:\www\web\shop2-web\src\components\NewForm\new-form.vue
FN:150,(anonymous_2)
FN:151,(anonymous_3)
FN:156,(anonymous_4)
FN:164,(anonymous_5)
FN:171,(anonymous_6)
FN:180,(anonymous_7)
FN:181,(anonymous_8)
FN:190,(anonymous_9)
FN:199,(anonymous_10)
FN:204,(anonymous_11)
FN:207,(anonymous_12)
FN:210,(anonymous_13)
FN:216,(anonymous_14)
FN:221,(anonymous_15)
FN:229,(anonymous_16)
FN:232,(anonymous_17)
FN:250,(anonymous_18)
FN:256,(anonymous_19)
FN:262,(anonymous_20)
FN:272,(anonymous_21)
FN:278,(anonymous_22)
FN:281,(anonymous_23)
FNF:22
FNH:0
FNDA:0,(anonymous_2)
FNDA:0,(anonymous_3)
FNDA:0,(anonymous_4)
FNDA:0,(anonymous_5)
FNDA:0,(anonymous_6)
FNDA:0,(anonymous_7)
FNDA:0,(anonymous_8)
FNDA:0,(anonymous_9)
FNDA:0,(anonymous_10)
FNDA:0,(anonymous_11)
FNDA:0,(anonymous_12)
FNDA:0,(anonymous_13)
FNDA:0,(anonymous_14)
FNDA:0,(anonymous_15)
FNDA:0,(anonymous_16)
FNDA:0,(anonymous_17)
FNDA:0,(anonymous_18)
FNDA:0,(anonymous_19)
FNDA:0,(anonymous_20)
FNDA:0,(anonymous_21)
FNDA:0,(anonymous_22)
FNDA:0,(anonymous_23)
DA:86,0
DA:87,0
DA:88,0
DA:89,0
DA:151,0
DA:152,0
DA:154,0
DA:157,0
DA:158,0
DA:166,0
DA:170,0
DA:171,0
DA:172,0
DA:173,0
DA:181,0
DA:182,0
DA:184,0
DA:185,0
DA:191,0
DA:200,0
DA:201,0
DA:205,0
DA:208,0
DA:211,0
DA:212,0
DA:214,0
DA:217,0
DA:218,0
DA:219,0
DA:221,0
DA:222,0
DA:227,0
DA:230,0
DA:234,0
DA:236,0
DA:237,0
DA:238,0
DA:240,0
DA:244,0
DA:245,0
DA:249,0
DA:250,0
DA:251,0
DA:257,0
DA:258,0
DA:260,0
DA:263,0
DA:264,0
DA:265,0
DA:266,0
DA:268,0
DA:271,0
DA:272,0
DA:273,0
DA:279,0
DA:280,0
DA:281,0
DA:282,0
DA:283,0
DA:284,0
LF:60
LH:0
BRDA:166,0,0,0
BRDA:166,0,1,0
BRDA:166,1,0,0
BRDA:166,1,1,0
BRDA:200,2,0,0
BRDA:200,2,1,0
BRDA:211,3,0,0
BRDA:211,3,1,0
BRDA:218,4,0,0
BRDA:218,4,1,0
BRDA:222,5,0,0
BRDA:222,5,1,0
BRDA:237,6,0,0
BRDA:237,6,1,0
BRDA:257,7,0,0
BRDA:257,7,1,0
BRDA:265,8,0,0
BRDA:265,8,1,0
BRF:18
BRH:0
end_of_record
TN:
SF:D:\www\web\shop2-web\src\components\NewForm\utils.js
FN:8,(anonymous_0)
FN:17,(anonymous_1)
FN:22,(anonymous_2)
FN:32,(anonymous_3)
FN:37,(anonymous_4)
FN:78,(anonymous_5)
FN:80,(anonymous_6)
FN:81,(anonymous_7)
FN:86,setPropDefault
FN:95,(anonymous_9)
FN:107,(anonymous_10)
FN:128,(anonymous_11)
FN:135,(anonymous_12)
FN:144,(anonymous_13)
FN:151,(anonymous_14)
FN:172,(anonymous_15)
FN:209,(anonymous_16)
FN:212,setNormalDef
FN:218,setTable
FN:230,(anonymous_19)
FN:234,(anonymous_20)
FN:242,setDef
FN:243,(anonymous_22)
FN:262,(anonymous_23)
FN:270,(anonymous_24)
FN:273,(anonymous_25)
FNF:26
FNH:0
FNDA:0,(anonymous_0)
FNDA:0,(anonymous_1)
FNDA:0,(anonymous_2)
FNDA:0,(anonymous_3)
FNDA:0,(anonymous_4)
FNDA:0,(anonymous_5)
FNDA:0,(anonymous_6)
FNDA:0,(anonymous_7)
FNDA:0,setPropDefault
FNDA:0,(anonymous_9)
FNDA:0,(anonymous_10)
FNDA:0,(anonymous_11)
FNDA:0,(anonymous_12)
FNDA:0,(anonymous_13)
FNDA:0,(anonymous_14)
FNDA:0,(anonymous_15)
FNDA:0,(anonymous_16)
FNDA:0,setNormalDef
FNDA:0,setTable
FNDA:0,(anonymous_19)
FNDA:0,(anonymous_20)
FNDA:0,setDef
FNDA:0,(anonymous_22)
FNDA:0,(anonymous_23)
FNDA:0,(anonymous_24)
FNDA:0,(anonymous_25)
DA:3,0
DA:9,0
DA:10,0
DA:12,0
DA:13,0
DA:15,0
DA:18,0
DA:19,0
DA:20,0
DA:22,0
DA:23,0
DA:35,0
DA:36,0
DA:37,0
DA:43,0
DA:44,0
DA:47,0
DA:48,0
DA:49,0
DA:51,0
DA:54,0
DA:55,0
DA:58,0
DA:59,0
DA:62,0
DA:63,0
DA:65,0
DA:66,0
DA:69,0
DA:79,0
DA:80,0
DA:81,0
DA:82,0
DA:83,0
DA:87,0
DA:88,0
DA:90,0
DA:91,0
DA:93,0
DA:94,0
DA:95,0
DA:98,0
DA:102,0
DA:103,0
DA:105,0
DA:106,0
DA:107,0
DA:110,0
DA:114,0
DA:115,0
DA:117,0
DA:118,0
DA:120,0
DA:121,0
DA:123,0
DA:124,0
DA:125,0
DA:126,0
DA:127,0
DA:128,0
DA:129,0
DA:130,0
DA:132,0
DA:134,0
DA:135,0
DA:136,0
DA:139,0
DA:140,0
DA:144,0
DA:145,0
DA:146,0
DA:148,0
DA:152,0
DA:153,0
DA:155,0
DA:156,0
DA:159,0
DA:162,0
DA:174,0
DA:178,0
DA:179,0
DA:183,0
DA:184,0
DA:193,0
DA:194,0
DA:198,0
DA:200,0
DA:213,0
DA:214,0
DA:219,0
DA:220,0
DA:221,0
DA:222,0
DA:223,0
DA:225,0
DA:226,0
DA:228,0
DA:229,0
DA:230,0
DA:231,0
DA:234,0
DA:235,0
DA:236,0
DA:237,0
DA:239,0
DA:243,0
DA:244,0
DA:245,0
DA:246,0
DA:247,0
DA:250,0
DA:251,0
DA:252,0
DA:253,0
DA:254,0
DA:255,0
DA:257,0
DA:260,0
DA:261,0
DA:262,0
DA:263,0
DA:265,0
DA:266,0
DA:267,0
DA:268,0
DA:269,0
DA:270,0
DA:271,0
DA:273,0
DA:274,0
DA:276,0
DA:278,0
DA:279,0
DA:280,0
DA:281,0
DA:282,0
DA:284,0
DA:285,0
DA:291,0
LF:139
LH:0
BRDA:9,0,0,0
BRDA:9,0,1,0
BRDA:9,1,0,0
BRDA:9,1,1,0
BRDA:12,2,0,0
BRDA:12,2,1,0
BRDA:12,3,0,0
BRDA:12,3,1,0
BRDA:17,4,0,0
BRDA:19,5,0,0
BRDA:19,5,1,0
BRDA:40,6,0,0
BRDA:40,6,1,0
BRDA:43,7,0,0
BRDA:43,7,1,0
BRDA:43,8,0,0
BRDA:43,8,1,0
BRDA:47,9,0,0
BRDA:47,9,1,0
BRDA:54,10,0,0
BRDA:54,10,1,0
BRDA:54,11,0,0
BRDA:54,11,1,0
BRDA:58,12,0,0
BRDA:58,12,1,0
BRDA:59,13,0,0
BRDA:59,13,1,0
BRDA:62,14,0,0
BRDA:62,14,1,0
BRDA:65,15,0,0
BRDA:65,15,1,0
BRDA:80,16,0,0
BRDA:80,16,1,0
BRDA:82,17,0,0
BRDA:82,17,1,0
BRDA:87,18,0,0
BRDA:87,18,1,0
BRDA:87,19,0,0
BRDA:87,19,1,0
BRDA:90,20,0,0
BRDA:90,20,1,0
BRDA:90,21,0,0
BRDA:90,21,1,0
BRDA:93,22,0,0
BRDA:93,22,1,0
BRDA:93,23,0,0
BRDA:93,23,1,0
BRDA:94,24,0,0
BRDA:94,24,1,0
BRDA:95,25,0,0
BRDA:95,25,1,0
BRDA:102,26,0,0
BRDA:102,26,1,0
BRDA:105,27,0,0
BRDA:105,27,1,0
BRDA:105,28,0,0
BRDA:105,28,1,0
BRDA:106,29,0,0
BRDA:106,29,1,0
BRDA:114,30,0,0
BRDA:114,30,1,0
BRDA:117,31,0,0
BRDA:117,31,1,0
BRDA:120,32,0,0
BRDA:120,32,1,0
BRDA:123,33,0,0
BRDA:123,33,1,0
BRDA:125,34,0,0
BRDA:125,34,1,0
BRDA:132,35,0,0
BRDA:132,35,1,0
BRDA:139,36,0,0
BRDA:139,36,1,0
BRDA:151,37,0,0
BRDA:152,38,0,0
BRDA:152,38,1,0
BRDA:152,39,0,0
BRDA:152,39,1,0
BRDA:153,40,0,0
BRDA:153,40,1,0
BRDA:153,41,0,0
BRDA:153,41,1,0
BRDA:155,42,0,0
BRDA:155,42,1,0
BRDA:155,43,0,0
BRDA:155,43,1,0
BRDA:174,44,0,0
BRDA:174,44,1,0
BRDA:174,44,2,0
BRDA:174,44,3,0
BRDA:174,44,4,0
BRDA:174,44,5,0
BRDA:174,44,6,0
BRDA:174,44,7,0
BRDA:174,44,8,0
BRDA:183,45,0,0
BRDA:183,45,1,0
BRDA:183,46,0,0
BRDA:183,46,1,0
BRDA:221,47,0,0
BRDA:221,47,1,0
BRDA:222,48,0,0
BRDA:222,48,1,0
BRDA:222,49,0,0
BRDA:222,49,1,0
BRDA:225,50,0,0
BRDA:225,50,1,0
BRDA:225,51,0,0
BRDA:225,51,1,0
BRDA:235,52,0,0
BRDA:235,52,1,0
BRDA:245,53,0,0
BRDA:245,53,1,0
BRDA:246,54,0,0
BRDA:246,54,1,0
BRDA:246,55,0,0
BRDA:246,55,1,0
BRDA:250,56,0,0
BRDA:250,56,1,0
BRDA:252,57,0,0
BRDA:252,57,1,0
BRDA:252,58,0,0
BRDA:252,58,1,0
BRDA:253,59,0,0
BRDA:253,59,1,0
BRDA:260,60,0,0
BRDA:260,60,1,0
BRDA:266,61,0,0
BRDA:266,61,1,0
BRDA:267,62,0,0
BRDA:267,62,1,0
BRDA:267,63,0,0
BRDA:267,63,1,0
BRDA:267,63,2,0
BRDA:267,63,3,0
BRDA:279,64,0,0
BRDA:279,64,1,0
BRDA:280,65,0,0
BRDA:280,65,1,0
BRF:139
BRH:0
end_of_record
TN:
SF:D:\www\web\shop2-web\src\components\NewForm\validate.js
FN:3,(anonymous_0)
FN:6,(anonymous_1)
FNF:2
FNH:0
FNDA:0,(anonymous_0)
FNDA:0,(anonymous_1)
DA:4,0
DA:7,0
DA:8,0
DA:10,0
LF:4
LH:0
BRDA:7,0,0,0
BRDA:7,0,1,0
BRF:2
BRH:0
end_of_record
TN:
SF:D:\www\web\shop2-web\src\components\NewForm\rules\asin.js
FN:4,(anonymous_0)
FN:10,(anonymous_1)
FNF:2
FNH:0
FNDA:0,(anonymous_0)
FNDA:0,(anonymous_1)
DA:5,0
DA:6,0
DA:7,0
DA:11,0
DA:12,0
LF:5
LH:0
BRDA:11,0,0,0
BRDA:11,0,1,0
BRF:2
BRH:0
end_of_record
TN:
SF:D:\www\web\shop2-web\src\components\NewForm\rules\email.js
FN:4,(anonymous_0)
FN:10,(anonymous_1)
FNF:2
FNH:0
FNDA:0,(anonymous_0)
FNDA:0,(anonymous_1)
DA:5,0
DA:6,0
DA:7,0
DA:11,0
DA:13,0
LF:5
LH:0
BRDA:11,0,0,0
BRDA:11,0,1,0
BRF:2
BRH:0
end_of_record
TN:
SF:D:\www\web\shop2-web\src\components\NewForm\rules\function.js
FN:4,(anonymous_0)
FNF:1
FNH:0
FNDA:0,(anonymous_0)
DA:5,0
DA:6,0
DA:7,0
DA:8,0
LF:4
LH:0
BRF:0
BRH:0
end_of_record
TN:
SF:D:\www\web\shop2-web\src\components\NewForm\rules\index.js
FNF:0
FNH:0
LF:0
LH:0
BRF:0
BRH:0
end_of_record
TN:
SF:D:\www\web\shop2-web\src\components\NewForm\rules\reg.js
FN:4,(anonymous_0)
FN:9,(anonymous_1)
FNF:2
FNH:0
FNDA:0,(anonymous_0)
FNDA:0,(anonymous_1)
DA:5,0
DA:6,0
DA:7,0
DA:8,0
DA:9,0
DA:10,0
DA:11,0
DA:12,0
DA:14,0
LF:9
LH:0
BRDA:11,0,0,0
BRDA:11,0,1,0
BRDA:12,1,0,0
BRDA:12,1,1,0
BRF:4
BRH:0
end_of_record
TN:
SF:D:\www\web\shop2-web\src\components\NewForm\rules\tel.js
FN:4,(anonymous_0)
FN:10,(anonymous_1)
FNF:2
FNH:0
FNDA:0,(anonymous_0)
FNDA:0,(anonymous_1)
DA:5,0
DA:6,0
DA:7,0
DA:11,0
DA:12,0
LF:5
LH:0
BRDA:11,0,0,0
BRDA:11,0,1,0
BRF:2
BRH:0
end_of_record
TN:
SF:D:\www\web\shop2-web\src\components\NewForm\rules\url.js
FN:4,(anonymous_0)
FN:10,(anonymous_1)
FNF:2
FNH:0
FNDA:0,(anonymous_0)
FNDA:0,(anonymous_1)
DA:5,0
DA:6,0
DA:7,0
DA:11,0
DA:12,0
LF:5
LH:0
BRDA:11,0,0,0
BRDA:11,0,1,0
BRF:2
BRH:0
end_of_record
TN:
SF:D:\www\web\shop2-web\src\components\NewForm\rules\validate-rule.js
FN:2,(anonymous_0)
FN:8,(anonymous_1)
FN:12,(anonymous_2)
FN:13,(anonymous_3)
FNF:4
FNH:0
FNDA:0,(anonymous_0)
FNDA:0,(anonymous_1)
FNDA:0,(anonymous_2)
FNDA:0,(anonymous_3)
DA:3,0
DA:4,0
DA:5,0
DA:9,0
DA:13,0
DA:14,0
DA:15,0
DA:16,0
DA:18,0
DA:21,0
LF:10
LH:0
BRDA:13,0,0,0
BRDA:13,0,1,0
BRDA:15,1,0,0
BRDA:15,1,1,0
BRDA:18,2,0,0
BRDA:18,2,1,0
BRF:6
BRH:0
end_of_record
TN:
SF:D:\www\web\shop2-web\src\components\NonePage\index.js
FN:3,(anonymous_0)
FNF:1
FNH:0
FNDA:0,(anonymous_0)
DA:3,0
DA:4,0
LF:2
LH:0
BRF:0
BRH:0
end_of_record
TN:
SF:D:\www\web\shop2-web\src\components\NonePage\src\NonePage.vue
FN:34,(anonymous_1)
FNF:1
FNH:0
FNDA:0,(anonymous_1)
DA:35,0
LF:1
LH:0
BRF:0
BRH:0
end_of_record
TN:
SF:D:\www\web\shop2-web\src\components\TabChart\index.js
FN:3,(anonymous_0)
FNF:1
FNH:0
FNDA:0,(anonymous_0)
DA:3,0
DA:4,0
LF:2
LH:0
BRF:0
BRH:0
end_of_record
TN:
SF:D:\www\web\shop2-web\src\components\TabChart\src\TabChart.vue
FN:140,(anonymous_5)
FN:143,(anonymous_8)
FN:155,(anonymous_9)
FN:169,(anonymous_10)
FN:188,(anonymous_11)
FN:192,(anonymous_12)
FN:240,(anonymous_13)
FN:247,(anonymous_14)
FN:275,(anonymous_15)
FN:284,(anonymous_16)
FN:310,(anonymous_17)
FN:311,(anonymous_18)
FN:321,(anonymous_19)
FN:356,(anonymous_20)
FN:388,(anonymous_21)
FN:390,(anonymous_22)
FN:407,(anonymous_24)
FN:410,(anonymous_25)
FN:414,(anonymous_26)
FN:418,(anonymous_27)
FN:419,(anonymous_28)
FN:430,(anonymous_29)
FN:435,(anonymous_30)
FN:439,(anonymous_31)
FN:462,(anonymous_32)
FN:464,(anonymous_33)
FN:468,(anonymous_34)
FN:471,(anonymous_35)
FNF:28
FNH:0
FNDA:0,(anonymous_5)
FNDA:0,(anonymous_8)
FNDA:0,(anonymous_9)
FNDA:0,(anonymous_10)
FNDA:0,(anonymous_11)
FNDA:0,(anonymous_12)
FNDA:0,(anonymous_13)
FNDA:0,(anonymous_14)
FNDA:0,(anonymous_15)
FNDA:0,(anonymous_16)
FNDA:0,(anonymous_17)
FNDA:0,(anonymous_18)
FNDA:0,(anonymous_19)
FNDA:0,(anonymous_20)
FNDA:0,(anonymous_21)
FNDA:0,(anonymous_22)
FNDA:0,(anonymous_24)
FNDA:0,(anonymous_25)
FNDA:0,(anonymous_26)
FNDA:0,(anonymous_27)
FNDA:0,(anonymous_28)
FNDA:0,(anonymous_29)
FNDA:0,(anonymous_30)
FNDA:0,(anonymous_31)
FNDA:0,(anonymous_32)
FNDA:0,(anonymous_33)
FNDA:0,(anonymous_34)
FNDA:0,(anonymous_35)
DA:134,0
DA:135,0
DA:140,0
DA:143,0
DA:155,0
DA:170,0
DA:188,0
DA:193,0
DA:194,0
DA:196,0
DA:197,0
DA:201,0
DA:206,0
DA:207,0
DA:208,0
DA:210,0
DA:212,0
DA:214,0
DA:215,0
DA:218,0
DA:221,0
DA:222,0
DA:223,0
DA:224,0
DA:225,0
DA:229,0
DA:230,0
DA:231,0
DA:235,0
DA:238,0
DA:241,0
DA:242,0
DA:243,0
DA:249,0
DA:250,0
DA:276,0
DA:286,0
DA:287,0
DA:288,0
DA:290,0
DA:291,0
DA:311,0
DA:312,0
DA:316,0
DA:328,0
DA:357,0
DA:378,0
DA:380,0
DA:382,0
DA:383,0
DA:386,0
DA:390,0
DA:408,0
DA:414,0
DA:415,0
DA:419,0
DA:421,0
DA:427,0
DA:431,0
DA:432,0
DA:436,0
DA:440,0
DA:441,0
DA:445,0
DA:449,0
DA:450,0
DA:451,0
DA:452,0
DA:453,0
DA:454,0
DA:455,0
DA:457,0
DA:459,0
DA:463,0
DA:464,0
DA:465,0
DA:469,0
DA:473,0
DA:477,0
DA:478,0
DA:480,0
LF:81
LH:0
BRDA:193,0,0,0
BRDA:193,0,1,0
BRDA:206,1,0,0
BRDA:206,1,1,0
BRDA:212,2,0,0
BRDA:212,2,1,0
BRDA:221,3,0,0
BRDA:221,3,1,0
BRDA:225,4,0,0
BRDA:225,4,1,0
BRDA:225,5,0,0
BRDA:225,5,1,0
BRDA:231,6,0,0
BRDA:231,6,1,0
BRDA:231,7,0,0
BRDA:231,7,1,0
BRDA:241,8,0,0
BRDA:241,8,1,0
BRDA:276,9,0,0
BRDA:276,9,1,0
BRDA:276,9,2,0
BRDA:276,9,3,0
BRDA:276,9,4,0
BRDA:276,9,5,0
BRDA:286,10,0,0
BRDA:286,10,1,0
BRDA:286,11,0,0
BRDA:286,11,1,0
BRDA:380,12,0,0
BRDA:380,12,1,0
BRDA:382,13,0,0
BRDA:382,13,1,0
BRDA:383,14,0,0
BRDA:383,14,1,0
BRDA:390,15,0,0
BRDA:390,15,1,0
BRDA:390,15,2,0
BRDA:390,15,3,0
BRDA:390,15,4,0
BRDA:390,16,0,0
BRDA:390,16,1,0
BRDA:431,17,0,0
BRDA:431,17,1,0
BRDA:436,18,0,0
BRDA:436,18,1,0
BRDA:449,19,0,0
BRDA:449,19,1,0
BRDA:450,20,0,0
BRDA:450,20,1,0
BRDA:450,21,0,0
BRDA:450,21,1,0
BRDA:452,22,0,0
BRDA:452,22,1,0
BRDA:452,23,0,0
BRDA:452,23,1,0
BRDA:454,24,0,0
BRDA:454,24,1,0
BRDA:454,25,0,0
BRDA:454,25,1,0
BRDA:469,26,0,0
BRDA:469,26,1,0
BRF:61
BRH:0
end_of_record
TN:
SF:D:\www\web\shop2-web\src\components\TabChart\src\json.js
FNF:0
FNH:0
DA:1,0
LF:1
LH:0
BRF:0
BRH:0
end_of_record
TN:
SF:D:\www\web\shop2-web\src\components\TransitionType\index.js
FN:3,(anonymous_0)
FNF:1
FNH:0
FNDA:0,(anonymous_0)
DA:3,0
DA:4,0
LF:2
LH:0
BRF:0
BRH:0
end_of_record
TN:
SF:D:\www\web\shop2-web\src\components\TransitionType\src\TransitionType.vue
FN:15,(anonymous_1)
FN:23,(anonymous_2)
FNF:2
FNH:0
FNDA:0,(anonymous_1)
FNDA:0,(anonymous_2)
DA:16,0
DA:24,0
DA:25,0
DA:27,0
LF:4
LH:0
BRDA:24,0,0,0
BRDA:24,0,1,0
BRF:2
BRH:0
end_of_record
TN:
SF:D:\www\web\shop2-web\src\components\Widget\card-wrapper.vue
FN:29,(anonymous_1)
FN:35,(anonymous_2)
FNF:2
FNH:0
FNDA:0,(anonymous_1)
FNDA:0,(anonymous_2)
DA:30,0
DA:36,0
LF:2
LH:0
BRF:0
BRH:0
end_of_record
TN:
SF:D:\www\web\shop2-web\src\components\Widget\index.js
FN:15,(anonymous_0)
FN:16,(anonymous_1)
FNF:2
FNH:0
FNDA:0,(anonymous_0)
FNDA:0,(anonymous_1)
DA:5,0
DA:16,0
DA:17,0
DA:18,0
DA:19,0
LF:5
LH:0
BRDA:18,0,0,0
BRDA:18,0,1,0
BRF:2
BRH:0
end_of_record
TN:
SF:D:\www\web\shop2-web\src\components\table\index.js
FN:3,(anonymous_0)
FNF:1
FNH:0
FNDA:0,(anonymous_0)
DA:3,0
DA:4,0
LF:2
LH:0
BRF:0
BRH:0
end_of_record
TN:
SF:D:\www\web\shop2-web\src\components\table\src\table-mixin.js
FN:2,(anonymous_0)
FN:9,(anonymous_1)
FN:13,(anonymous_2)
FN:21,(anonymous_3)
FN:25,(anonymous_4)
FN:51,(anonymous_5)
FN:60,(anonymous_6)
FN:69,(anonymous_7)
FNF:8
FNH:0
FNDA:0,(anonymous_0)
FNDA:0,(anonymous_1)
FNDA:0,(anonymous_2)
FNDA:0,(anonymous_3)
FNDA:0,(anonymous_4)
FNDA:0,(anonymous_5)
FNDA:0,(anonymous_6)
FNDA:0,(anonymous_7)
DA:4,0
DA:5,0
DA:10,0
DA:11,0
DA:14,0
DA:15,0
DA:16,0
DA:17,0
DA:18,0
DA:19,0
DA:22,0
DA:23,0
DA:27,0
DA:28,0
DA:29,0
DA:30,0
DA:31,0
DA:32,0
DA:33,0
DA:34,0
DA:35,0
DA:36,0
DA:37,0
DA:38,0
DA:39,0
DA:40,0
DA:41,0
DA:43,0
DA:44,0
DA:46,0
DA:48,0
DA:49,0
DA:52,0
DA:53,0
DA:54,0
DA:55,0
DA:56,0
DA:58,0
DA:61,0
DA:62,0
DA:64,0
DA:65,0
DA:67,0
DA:68,0
DA:69,0
DA:70,0
LF:46
LH:0
BRDA:25,0,0,0
BRDA:27,1,0,0
BRDA:27,1,1,0
BRDA:61,2,0,0
BRDA:61,2,1,0
BRDA:64,3,0,0
BRDA:64,3,1,0
BRF:7
BRH:0
end_of_record
TN:
SF:D:\www\web\shop2-web\src\components\table\src\table-utils.js
FN:13,getEnum
FN:16,getLabel
FN:19,(anonymous_2)
FN:20,(anonymous_3)
FN:46,(anonymous_4)
FN:46,(anonymous_5)
FN:54,getMoney
FN:69,handleExpand
FN:85,(anonymous_8)
FN:103,(anonymous_9)
FN:115,(anonymous_10)
FN:129,(anonymous_11)
FN:168,(anonymous_12)
FN:180,getPercent
FNF:14
FNH:0
FNDA:0,getEnum
FNDA:0,getLabel
FNDA:0,(anonymous_2)
FNDA:0,(anonymous_3)
FNDA:0,(anonymous_4)
FNDA:0,(anonymous_5)
FNDA:0,getMoney
FNDA:0,handleExpand
FNDA:0,(anonymous_8)
FNDA:0,(anonymous_9)
FNDA:0,(anonymous_10)
FNDA:0,(anonymous_11)
FNDA:0,(anonymous_12)
FNDA:0,getPercent
DA:14,0
DA:17,0
DA:18,0
DA:19,0
DA:21,0
DA:22,0
DA:23,0
DA:24,0
DA:25,0
DA:29,0
DA:32,0
DA:34,0
DA:38,0
DA:39,0
DA:42,0
DA:43,0
DA:45,0
DA:46,0
DA:47,0
DA:49,0
DA:55,0
DA:56,0
DA:57,0
DA:58,0
DA:62,0
DA:65,0
DA:70,0
DA:71,0
DA:73,0
DA:74,0
DA:76,0
DA:77,0
DA:78,0
DA:80,0
DA:81,0
DA:82,0
DA:84,0
DA:85,0
DA:86,0
DA:87,0
DA:88,0
DA:91,0
DA:95,0
DA:98,0
DA:103,0
DA:104,0
DA:105,0
DA:106,0
DA:115,0
DA:121,0
DA:122,0
DA:123,0
DA:125,0
DA:129,0
DA:146,0
DA:150,0
DA:151,0
DA:154,0
DA:168,0
DA:177,0
DA:181,0
DA:182,0
DA:183,0
DA:184,0
DA:185,0
DA:186,0
DA:187,0
DA:189,0
DA:192,0
LF:69
LH:0
BRDA:17,0,0,0
BRDA:17,0,1,0
BRDA:23,1,0,0
BRDA:23,1,1,0
BRDA:38,2,0,0
BRDA:38,2,1,0
BRDA:42,3,0,0
BRDA:42,3,1,0
BRDA:42,4,0,0
BRDA:42,4,1,0
BRDA:45,5,0,0
BRDA:45,5,1,0
BRDA:47,6,0,0
BRDA:47,6,1,0
BRDA:56,7,0,0
BRDA:56,7,1,0
BRDA:56,8,0,0
BRDA:56,8,1,0
BRDA:57,9,0,0
BRDA:57,9,1,0
BRDA:59,10,0,0
BRDA:59,10,1,0
BRDA:70,11,0,0
BRDA:70,11,1,0
BRDA:76,12,0,0
BRDA:76,12,1,0
BRDA:80,13,0,0
BRDA:80,13,1,0
BRDA:81,14,0,0
BRDA:81,14,1,0
BRDA:82,15,0,0
BRDA:82,15,1,0
BRDA:105,16,0,0
BRDA:105,16,1,0
BRDA:109,17,0,0
BRDA:109,17,1,0
BRDA:111,18,0,0
BRDA:111,18,1,0
BRDA:117,19,0,0
BRDA:117,19,1,0
BRDA:121,20,0,0
BRDA:121,20,1,0
BRDA:121,21,0,0
BRDA:121,21,1,0
BRDA:122,22,0,0
BRDA:122,22,1,0
BRDA:126,23,0,0
BRDA:126,23,1,0
BRDA:126,24,0,0
BRDA:126,24,1,0
BRDA:126,25,0,0
BRDA:126,25,1,0
BRDA:126,26,0,0
BRDA:126,26,1,0
BRDA:130,27,0,0
BRDA:130,27,1,0
BRDA:138,28,0,0
BRDA:138,28,1,0
BRDA:150,29,0,0
BRDA:150,29,1,0
BRDA:150,30,0,0
BRDA:150,30,1,0
BRDA:151,31,0,0
BRDA:151,31,1,0
BRDA:151,32,0,0
BRDA:151,32,1,0
BRDA:151,32,2,0
BRDA:156,33,0,0
BRDA:156,33,1,0
BRDA:162,34,0,0
BRDA:162,34,1,0
BRDA:165,35,0,0
BRDA:165,35,1,0
BRDA:165,36,0,0
BRDA:165,36,1,0
BRDA:165,36,2,0
BRDA:170,37,0,0
BRDA:170,37,1,0
BRDA:183,38,0,0
BRDA:183,38,1,0
BRDA:183,39,0,0
BRDA:183,39,1,0
BRDA:184,40,0,0
BRDA:184,40,1,0
BRDA:185,41,0,0
BRDA:185,41,1,0
BRF:86
BRH:0
end_of_record
TN:
SF:D:\www\web\shop2-web\src\components\table\src\table.vue
FN:180,(anonymous_2)
FN:291,(anonymous_3)
FN:297,(anonymous_4)
FN:332,(anonymous_5)
FN:372,(anonymous_6)
FN:381,(anonymous_7)
FN:420,(anonymous_8)
FN:423,(anonymous_9)
FN:431,(anonymous_10)
FN:444,(anonymous_11)
FN:451,(anonymous_12)
FN:463,(anonymous_13)
FN:474,(anonymous_14)
FN:483,(anonymous_15)
FN:486,(anonymous_16)
FN:488,(anonymous_17)
FN:508,(anonymous_18)
FN:513,(anonymous_19)
FN:518,(anonymous_20)
FN:523,(anonymous_21)
FN:529,(anonymous_22)
FN:535,(anonymous_23)
FN:557,(anonymous_24)
FN:563,(anonymous_25)
FN:567,(anonymous_26)
FN:642,(anonymous_28)
FN:661,(anonymous_29)
FN:678,(anonymous_30)
FN:697,(anonymous_31)
FN:701,(anonymous_32)
FN:730,(anonymous_33)
FN:733,(anonymous_34)
FN:736,(anonymous_35)
FN:739,(anonymous_36)
FN:742,(anonymous_37)
FN:747,(anonymous_38)
FNF:36
FNH:0
FNDA:0,(anonymous_2)
FNDA:0,(anonymous_3)
FNDA:0,(anonymous_4)
FNDA:0,(anonymous_5)
FNDA:0,(anonymous_6)
FNDA:0,(anonymous_7)
FNDA:0,(anonymous_8)
FNDA:0,(anonymous_9)
FNDA:0,(anonymous_10)
FNDA:0,(anonymous_11)
FNDA:0,(anonymous_12)
FNDA:0,(anonymous_13)
FNDA:0,(anonymous_14)
FNDA:0,(anonymous_15)
FNDA:0,(anonymous_16)
FNDA:0,(anonymous_17)
FNDA:0,(anonymous_18)
FNDA:0,(anonymous_19)
FNDA:0,(anonymous_20)
FNDA:0,(anonymous_21)
FNDA:0,(anonymous_22)
FNDA:0,(anonymous_23)
FNDA:0,(anonymous_24)
FNDA:0,(anonymous_25)
FNDA:0,(anonymous_26)
FNDA:0,(anonymous_28)
FNDA:0,(anonymous_29)
FNDA:0,(anonymous_30)
FNDA:0,(anonymous_31)
FNDA:0,(anonymous_32)
FNDA:0,(anonymous_33)
FNDA:0,(anonymous_34)
FNDA:0,(anonymous_35)
FNDA:0,(anonymous_36)
FNDA:0,(anonymous_37)
FNDA:0,(anonymous_38)
DA:166,0
DA:169,0
DA:177,0
DA:182,0
DA:183,0
DA:184,0
DA:203,0
DA:204,0
DA:205,0
DA:206,0
DA:208,0
DA:211,0
DA:212,0
DA:238,0
DA:239,0
DA:240,0
DA:244,0
DA:245,0
DA:247,0
DA:248,0
DA:250,0
DA:251,0
DA:253,0
DA:254,0
DA:282,0
DA:283,0
DA:284,0
DA:285,0
DA:288,0
DA:291,0
DA:292,0
DA:293,0
DA:294,0
DA:296,0
DA:297,0
DA:298,0
DA:299,0
DA:300,0
DA:303,0
DA:307,0
DA:310,0
DA:313,0
DA:314,0
DA:315,0
DA:317,0
DA:318,0
DA:319,0
DA:321,0
DA:322,0
DA:331,0
DA:332,0
DA:345,0
DA:355,0
DA:373,0
DA:382,0
DA:383,0
DA:384,0
DA:385,0
DA:386,0
DA:387,0
DA:420,0
DA:424,0
DA:444,0
DA:452,0
DA:463,0
DA:475,0
DA:476,0
DA:478,0
DA:479,0
DA:480,0
DA:481,0
DA:484,0
DA:486,0
DA:487,0
DA:488,0
DA:489,0
DA:490,0
DA:496,0
DA:497,0
DA:500,0
DA:501,0
DA:505,0
DA:509,0
DA:514,0
DA:515,0
DA:517,0
DA:518,0
DA:519,0
DA:524,0
DA:525,0
DA:527,0
DA:531,0
DA:532,0
DA:533,0
DA:534,0
DA:535,0
DA:538,0
DA:542,0
DA:544,0
DA:545,0
DA:546,0
DA:552,0
DA:554,0
DA:557,0
DA:558,0
DA:560,0
DA:561,0
DA:563,0
DA:564,0
DA:565,0
DA:566,0
DA:567,0
DA:571,0
DA:590,0
DA:609,0
DA:610,0
DA:620,0
DA:643,0
DA:646,0
DA:647,0
DA:651,0
DA:654,0
DA:655,0
DA:662,0
DA:663,0
DA:664,0
DA:666,0
DA:667,0
DA:669,0
DA:672,0
DA:673,0
DA:674,0
DA:676,0
DA:679,0
DA:680,0
DA:682,0
DA:683,0
DA:686,0
DA:687,0
DA:688,0
DA:690,0
DA:691,0
DA:693,0
DA:698,0
DA:701,0
DA:705,0
DA:706,0
DA:708,0
DA:709,0
DA:710,0
DA:712,0
DA:714,0
DA:715,0
DA:717,0
DA:718,0
DA:719,0
DA:725,0
DA:728,0
DA:731,0
DA:734,0
DA:737,0
DA:740,0
DA:743,0
DA:748,0
DA:749,0
LF:165
LH:0
BRDA:203,0,0,0
BRDA:203,0,1,0
BRDA:205,1,0,0
BRDA:205,1,1,0
BRDA:208,2,0,0
BRDA:208,2,1,0
BRDA:211,3,0,0
BRDA:211,3,1,0
BRDA:212,4,0,0
BRDA:212,4,1,0
BRDA:238,5,0,0
BRDA:238,5,1,0
BRDA:238,6,0,0
BRDA:238,6,1,0
BRDA:238,6,2,0
BRDA:238,6,3,0
BRDA:238,6,4,0
BRDA:239,7,0,0
BRDA:239,7,1,0
BRDA:244,8,0,0
BRDA:244,8,1,0
BRDA:247,9,0,0
BRDA:247,9,1,0
BRDA:250,10,0,0
BRDA:250,10,1,0
BRDA:253,11,0,0
BRDA:253,11,1,0
BRDA:254,12,0,0
BRDA:254,12,1,0
BRDA:282,13,0,0
BRDA:282,13,1,0
BRDA:292,14,0,0
BRDA:292,14,1,0
BRDA:293,15,0,0
BRDA:293,15,1,0
BRDA:294,16,0,0
BRDA:294,16,1,0
BRDA:313,17,0,0
BRDA:313,17,1,0
BRDA:313,18,0,0
BRDA:313,18,1,0
BRDA:315,19,0,0
BRDA:315,19,1,0
BRDA:315,20,0,0
BRDA:315,20,1,0
BRDA:318,21,0,0
BRDA:318,21,1,0
BRDA:318,22,0,0
BRDA:318,22,1,0
BRDA:318,22,2,0
BRDA:322,23,0,0
BRDA:322,23,1,0
BRDA:322,24,0,0
BRDA:322,24,1,0
BRDA:322,24,2,0
BRDA:331,25,0,0
BRDA:331,25,1,0
BRDA:332,26,0,0
BRDA:332,26,1,0
BRDA:335,27,0,0
BRDA:335,27,1,0
BRDA:345,28,0,0
BRDA:345,28,1,0
BRDA:355,29,0,0
BRDA:355,29,1,0
BRDA:355,30,0,0
BRDA:355,30,1,0
BRDA:355,30,2,0
BRDA:383,31,0,0
BRDA:383,31,1,0
BRDA:386,32,0,0
BRDA:386,32,1,0
BRDA:475,33,0,0
BRDA:475,33,1,0
BRDA:478,34,0,0
BRDA:478,34,1,0
BRDA:484,35,0,0
BRDA:484,35,1,0
BRDA:487,36,0,0
BRDA:487,36,1,0
BRDA:489,37,0,0
BRDA:489,37,1,0
BRDA:496,38,0,0
BRDA:496,38,1,0
BRDA:500,39,0,0
BRDA:500,39,1,0
BRDA:514,40,0,0
BRDA:514,40,1,0
BRDA:517,41,0,0
BRDA:517,41,1,0
BRDA:524,42,0,0
BRDA:524,42,1,0
BRDA:531,43,0,0
BRDA:531,43,1,0
BRDA:531,44,0,0
BRDA:531,44,1,0
BRDA:534,45,0,0
BRDA:534,45,1,0
BRDA:534,46,0,0
BRDA:534,46,1,0
BRDA:538,47,0,0
BRDA:538,47,1,0
BRDA:560,48,0,0
BRDA:560,48,1,0
BRDA:564,49,0,0
BRDA:564,49,1,0
BRDA:566,50,0,0
BRDA:566,50,1,0
BRDA:575,51,0,0
BRDA:575,51,1,0
BRDA:567,52,0,0
BRDA:567,52,1,0
BRDA:594,53,0,0
BRDA:594,53,1,0
BRDA:609,54,0,0
BRDA:609,54,1,0
BRDA:620,55,0,0
BRDA:620,55,1,0
BRDA:621,56,0,0
BRDA:621,56,1,0
BRDA:622,57,0,0
BRDA:622,57,1,0
BRDA:646,58,0,0
BRDA:646,58,1,0
BRDA:647,59,0,0
BRDA:647,59,1,0
BRDA:651,60,0,0
BRDA:651,60,1,0
BRDA:655,61,0,0
BRDA:655,61,1,0
BRDA:655,62,0,0
BRDA:655,62,1,0
BRDA:663,63,0,0
BRDA:663,63,1,0
BRDA:666,64,0,0
BRDA:666,64,1,0
BRDA:669,65,0,0
BRDA:669,65,1,0
BRDA:673,66,0,0
BRDA:673,66,1,0
BRDA:679,67,0,0
BRDA:679,67,1,0
BRDA:682,68,0,0
BRDA:682,68,1,0
BRDA:686,69,0,0
BRDA:686,69,1,0
BRDA:687,70,0,0
BRDA:687,70,1,0
BRDA:690,71,0,0
BRDA:690,71,1,0
BRDA:697,72,0,0
BRDA:705,73,0,0
BRDA:705,73,1,0
BRDA:709,74,0,0
BRDA:709,74,1,0
BRDA:709,75,0,0
BRDA:709,75,1,0
BRDA:714,76,0,0
BRDA:714,76,1,0
BRDA:718,77,0,0
BRDA:718,77,1,0
BRDA:718,78,0,0
BRDA:718,78,1,0
BRDA:748,79,0,0
BRDA:748,79,1,0
BRF:165
BRH:0
end_of_record
TN:
SF:D:\www\web\shop2-web\src\config\index.js
FNF:0
FNH:0
DA:8,0
DA:9,0
DA:12,0
DA:15,0
DA:17,0
DA:21,0
DA:24,0
DA:27,0
DA:30,0
DA:32,0
DA:34,0
DA:40,0
DA:51,0
DA:56,0
DA:67,0
DA:72,0
DA:80,0
DA:81,0
DA:82,0
DA:84,0
DA:85,0
DA:86,0
DA:87,0
DA:92,0
DA:93,0
LF:25
LH:0
BRDA:8,0,0,0
BRDA:8,0,1,0
BRDA:9,1,0,0
BRDA:9,1,1,0
BRF:4
BRH:0
end_of_record
TN:
SF:D:\www\web\shop2-web\src\config\portConfig.js
FNF:0
FNH:0
LF:0
LH:0
BRF:0
BRH:0
end_of_record
TN:
SF:D:\www\web\shop2-web\src\config\interceptors\axios.js
FN:9,(anonymous_0)
FN:49,(anonymous_1)
FN:66,(anonymous_2)
FN:75,(anonymous_3)
FN:84,requestSuccessFunc
FN:93,(anonymous_5)
FN:136,requestFailFunc
FN:152,responseSuccessFunc
FN:154,(anonymous_8)
FN:243,responseFailFunc
FNF:10
FNH:0
FNDA:0,(anonymous_0)
FNDA:0,(anonymous_1)
FNDA:0,(anonymous_2)
FNDA:0,(anonymous_3)
FNDA:0,requestSuccessFunc
FNDA:0,(anonymous_5)
FNDA:0,requestFailFunc
FNDA:0,responseSuccessFunc
FNDA:0,(anonymous_8)
FNDA:0,responseFailFunc
DA:7,0
DA:8,0
DA:9,0
DA:11,0
DA:12,0
DA:14,0
DA:15,0
DA:16,0
DA:19,0
DA:20,0
DA:34,0
DA:35,0
DA:42,0
DA:43,0
DA:44,0
DA:45,0
DA:47,0
DA:50,0
DA:51,0
DA:52,0
DA:53,0
DA:55,0
DA:56,0
DA:58,0
DA:59,0
DA:60,0
DA:61,0
DA:62,0
DA:63,0
DA:64,0
DA:66,0
DA:69,0
DA:71,0
DA:72,0
DA:75,0
DA:76,0
DA:77,0
DA:88,0
DA:89,0
DA:90,0
DA:93,0
DA:94,0
DA:106,0
DA:113,0
DA:114,0
DA:120,0
DA:127,0
DA:128,0
DA:130,0
DA:131,0
DA:133,0
DA:139,0
DA:144,0
DA:149,0
DA:153,0
DA:154,0
DA:155,0
DA:167,0
DA:174,0
DA:175,0
DA:181,0
DA:187,0
DA:194,0
DA:196,0
DA:202,0
DA:204,0
DA:205,0
DA:208,0
DA:210,0
DA:217,0
DA:218,0
DA:220,0
DA:221,0
DA:223,0
DA:224,0
DA:226,0
DA:227,0
DA:232,0
DA:233,0
DA:236,0
DA:238,0
DA:246,0
DA:251,0
DA:257,0
DA:262,0
DA:264,0
LF:86
LH:0
BRDA:11,0,0,0
BRDA:11,0,1,0
BRDA:20,1,0,0
BRDA:20,1,1,0
BRDA:26,2,0,0
BRDA:26,2,1,0
BRDA:51,3,0,0
BRDA:51,3,1,0
BRDA:55,4,0,0
BRDA:55,4,1,0
BRDA:58,5,0,0
BRDA:58,5,1,0
BRDA:62,6,0,0
BRDA:62,6,1,0
BRDA:64,7,0,0
BRDA:64,7,1,0
BRDA:71,8,0,0
BRDA:71,8,1,0
BRDA:88,9,0,0
BRDA:88,9,1,0
BRDA:89,10,0,0
BRDA:89,10,1,0
BRDA:100,11,0,0
BRDA:100,11,1,0
BRDA:110,12,0,0
BRDA:110,12,1,0
BRDA:113,13,0,0
BRDA:113,13,1,0
BRDA:130,14,0,0
BRDA:130,14,1,0
BRDA:130,15,0,0
BRDA:130,15,1,0
BRDA:153,16,0,0
BRDA:153,16,1,0
BRDA:174,17,0,0
BRDA:174,17,1,0
BRDA:196,18,0,0
BRDA:196,18,1,0
BRDA:196,18,2,0
BRDA:196,18,3,0
BRDA:196,18,4,0
BRDA:196,18,5,0
BRDA:202,19,0,0
BRDA:202,19,1,0
BRDA:205,20,0,0
BRDA:205,20,1,0
BRDA:205,21,0,0
BRDA:205,21,1,0
BRDA:208,22,0,0
BRDA:208,22,1,0
BRDA:232,23,0,0
BRDA:232,23,1,0
BRDA:232,24,0,0
BRDA:232,24,1,0
BRDA:236,25,0,0
BRDA:236,25,1,0
BRDA:257,26,0,0
BRDA:257,26,1,0
BRF:58
BRH:0
end_of_record
TN:
SF:D:\www\web\shop2-web\src\config\interceptors\index.js
FNF:0
FNH:0
LF:0
LH:0
BRF:0
BRH:0
end_of_record
TN:
SF:D:\www\web\shop2-web\src\config\interceptors\router.js
FN:4,getRoutes
FN:13,(anonymous_1)
FN:31,routerBeforeEachFunc
FN:52,(anonymous_3)
FN:57,(anonymous_4)
FNF:5
FNH:0
FNDA:0,getRoutes
FNDA:0,(anonymous_1)
FNDA:0,routerBeforeEachFunc
FNDA:0,(anonymous_3)
FNDA:0,(anonymous_4)
DA:5,0
DA:6,0
DA:8,0
DA:9,0
DA:10,0
DA:13,0
DA:14,0
DA:16,0
DA:23,0
DA:24,0
DA:26,0
DA:32,0
DA:36,0
DA:37,0
DA:38,0
DA:41,0
DA:43,0
DA:46,0
DA:47,0
DA:50,0
DA:55,0
DA:59,0
DA:64,0
DA:65,0
DA:67,0
LF:25
LH:0
BRDA:5,0,0,0
BRDA:5,0,1,0
BRDA:23,1,0,0
BRDA:23,1,1,0
BRDA:36,2,0,0
BRDA:36,2,1,0
BRDA:37,3,0,0
BRDA:37,3,1,0
BRDA:41,4,0,0
BRDA:41,4,1,0
BRDA:46,5,0,0
BRDA:46,5,1,0
BRDA:64,6,0,0
BRDA:64,6,1,0
BRF:14
BRH:0
end_of_record
TN:
SF:D:\www\web\shop2-web\src\directives\index.js
FNF:0
FNH:0
DA:5,0
DA:6,0
LF:2
LH:0
BRF:0
BRH:0
end_of_record
TN:
SF:D:\www\web\shop2-web\src\directives\permission.js
FN:3,(anonymous_0)
FNF:1
FNH:0
FNDA:0,(anonymous_0)
DA:4,0
DA:5,0
DA:7,0
DA:9,0
DA:10,0
LF:5
LH:0
BRDA:4,0,0,0
BRDA:4,0,1,0
BRDA:7,1,0,0
BRDA:7,1,1,0
BRDA:7,1,2,0
BRDA:7,1,3,0
BRDA:9,2,0,0
BRDA:9,2,1,0
BRDA:10,3,0,0
BRDA:10,3,1,0
BRF:10
BRH:0
end_of_record
TN:
SF:D:\www\web\shop2-web\src\directives\setplain.js
FN:2,(anonymous_0)
FN:8,(anonymous_1)
FNF:2
FNH:0
FNDA:0,(anonymous_0)
FNDA:0,(anonymous_1)
DA:3,0
DA:4,0
DA:5,0
DA:7,0
DA:8,0
DA:9,0
LF:6
LH:0
BRDA:4,0,0,0
BRDA:4,0,1,0
BRF:2
BRH:0
end_of_record
TN:
SF:D:\www\web\shop2-web\src\router\asyncRouter.js
FNF:0
FNH:0
LF:0
LH:0
BRF:0
BRH:0
end_of_record
TN:
SF:D:\www\web\shop2-web\src\router\index.js
FN:14,(anonymous_0)
FN:15,(anonymous_1)
FN:30,(anonymous_2)
FN:44,(anonymous_3)
FN:52,(anonymous_4)
FN:60,(anonymous_5)
FN:68,(anonymous_6)
FN:82,(anonymous_7)
FN:90,(anonymous_8)
FN:98,(anonymous_9)
FN:102,(anonymous_10)
FN:107,(anonymous_11)
FN:123,expandRoutes
FN:134,addSingle
FN:145,(anonymous_14)
FN:157,(anonymous_15)
FN:206,(anonymous_16)
FN:261,(anonymous_17)
FN:273,addRoutes
FN:274,(anonymous_19)
FN:278,(anonymous_20)
FN:294,(anonymous_21)
FN:299,(anonymous_22)
FN:315,resetRoutes
FNF:24
FNH:0
FNDA:0,(anonymous_0)
FNDA:0,(anonymous_1)
FNDA:0,(anonymous_2)
FNDA:0,(anonymous_3)
FNDA:0,(anonymous_4)
FNDA:0,(anonymous_5)
FNDA:0,(anonymous_6)
FNDA:0,(anonymous_7)
FNDA:0,(anonymous_8)
FNDA:0,(anonymous_9)
FNDA:0,(anonymous_10)
FNDA:0,(anonymous_11)
FNDA:0,expandRoutes
FNDA:0,addSingle
FNDA:0,(anonymous_14)
FNDA:0,(anonymous_15)
FNDA:0,(anonymous_16)
FNDA:0,(anonymous_17)
FNDA:0,addRoutes
FNDA:0,(anonymous_19)
FNDA:0,(anonymous_20)
FNDA:0,(anonymous_21)
FNDA:0,(anonymous_22)
FNDA:0,resetRoutes
DA:10,0
DA:12,0
DA:14,0
DA:15,0
DA:28,0
DA:31,0
DA:37,0
DA:44,0
DA:52,0
DA:60,0
DA:68,0
DA:82,0
DA:90,0
DA:98,0
DA:102,0
DA:103,0
DA:108,0
DA:109,0
DA:111,0
DA:120,0
DA:135,0
DA:136,0
DA:145,0
DA:146,0
DA:147,0
DA:148,0
DA:150,0
DA:158,0
DA:159,0
DA:168,0
DA:169,0
DA:170,0
DA:173,0
DA:174,0
DA:175,0
DA:177,0
DA:178,0
DA:181,0
DA:182,0
DA:184,0
DA:186,0
DA:187,0
DA:194,0
DA:200,0
DA:201,0
DA:202,0
DA:203,0
DA:205,0
DA:209,0
DA:210,0
DA:212,0
DA:213,0
DA:215,0
DA:216,0
DA:221,0
DA:222,0
DA:225,0
DA:226,0
DA:227,0
DA:237,0
DA:240,0
DA:241,0
DA:243,0
DA:244,0
DA:248,0
DA:249,0
DA:250,0
DA:251,0
DA:252,0
DA:254,0
DA:258,0
DA:259,0
DA:263,0
DA:264,0
DA:268,0
DA:274,0
DA:275,0
DA:276,0
DA:277,0
DA:278,0
DA:279,0
DA:286,0
DA:287,0
DA:288,0
DA:294,0
DA:297,0
DA:299,0
DA:300,0
DA:301,0
DA:303,0
DA:310,0
DA:311,0
DA:312,0
DA:316,0
DA:317,0
DA:321,0
LF:96
LH:0
BRDA:108,0,0,0
BRDA:108,0,1,0
BRDA:125,1,0,0
BRDA:128,2,0,0
BRDA:129,3,0,0
BRDA:130,4,0,0
BRDA:131,5,0,0
BRDA:152,6,0,0
BRDA:152,6,1,0
BRDA:161,7,0,0
BRDA:161,7,1,0
BRDA:169,8,0,0
BRDA:169,8,1,0
BRDA:174,9,0,0
BRDA:174,9,1,0
BRDA:177,10,0,0
BRDA:177,10,1,0
BRDA:181,11,0,0
BRDA:181,11,1,0
BRDA:182,12,0,0
BRDA:182,12,1,0
BRDA:182,13,0,0
BRDA:182,13,1,0
BRDA:184,14,0,0
BRDA:184,14,1,0
BRDA:186,15,0,0
BRDA:186,15,1,0
BRDA:195,16,0,0
BRDA:195,16,1,0
BRDA:195,17,0,0
BRDA:195,17,1,0
BRDA:196,18,0,0
BRDA:196,18,1,0
BRDA:202,19,0,0
BRDA:202,19,1,0
BRDA:205,20,0,0
BRDA:205,20,1,0
BRDA:209,21,0,0
BRDA:209,21,1,0
BRDA:209,22,0,0
BRDA:209,22,1,0
BRDA:209,22,2,0
BRDA:212,23,0,0
BRDA:212,23,1,0
BRDA:212,24,0,0
BRDA:212,24,1,0
BRDA:212,24,2,0
BRDA:212,24,3,0
BRDA:217,25,0,0
BRDA:217,25,1,0
BRDA:221,26,0,0
BRDA:221,26,1,0
BRDA:225,27,0,0
BRDA:225,27,1,0
BRDA:240,28,0,0
BRDA:240,28,1,0
BRDA:248,29,0,0
BRDA:248,29,1,0
BRDA:250,30,0,0
BRDA:250,30,1,0
BRDA:251,31,0,0
BRDA:251,31,1,0
BRDA:258,32,0,0
BRDA:258,32,1,0
BRDA:273,33,0,0
BRDA:277,34,0,0
BRDA:277,34,1,0
BRDA:300,35,0,0
BRDA:300,35,1,0
BRF:69
BRH:0
end_of_record
TN:
SF:D:\www\web\shop2-web\src\router\routerMap.js
FN:4,(anonymous_0)
FN:5,(anonymous_1)
FN:9,(anonymous_2)
FN:14,(anonymous_3)
FN:16,(anonymous_4)
FN:20,(anonymous_5)
FN:25,(anonymous_6)
FN:31,(anonymous_7)
FN:33,(anonymous_8)
FN:37,(anonymous_9)
FN:39,(anonymous_10)
FN:45,(anonymous_11)
FN:47,(anonymous_12)
FN:51,(anonymous_13)
FN:53,(anonymous_14)
FN:59,(anonymous_15)
FN:63,(anonymous_16)
FN:65,(anonymous_17)
FN:69,(anonymous_18)
FN:71,(anonymous_19)
FN:73,(anonymous_20)
FN:77,(anonymous_21)
FN:78,(anonymous_22)
FN:80,(anonymous_23)
FN:86,(anonymous_24)
FN:90,(anonymous_25)
FN:96,(anonymous_26)
FN:102,(anonymous_27)
FN:108,(anonymous_28)
FN:114,(anonymous_29)
FN:118,(anonymous_30)
FN:124,(anonymous_31)
FN:130,(anonymous_32)
FN:136,(anonymous_33)
FN:142,(anonymous_34)
FN:148,(anonymous_35)
FNF:36
FNH:0
FNDA:0,(anonymous_0)
FNDA:0,(anonymous_1)
FNDA:0,(anonymous_2)
FNDA:0,(anonymous_3)
FNDA:0,(anonymous_4)
FNDA:0,(anonymous_5)
FNDA:0,(anonymous_6)
FNDA:0,(anonymous_7)
FNDA:0,(anonymous_8)
FNDA:0,(anonymous_9)
FNDA:0,(anonymous_10)
FNDA:0,(anonymous_11)
FNDA:0,(anonymous_12)
FNDA:0,(anonymous_13)
FNDA:0,(anonymous_14)
FNDA:0,(anonymous_15)
FNDA:0,(anonymous_16)
FNDA:0,(anonymous_17)
FNDA:0,(anonymous_18)
FNDA:0,(anonymous_19)
FNDA:0,(anonymous_20)
FNDA:0,(anonymous_21)
FNDA:0,(anonymous_22)
FNDA:0,(anonymous_23)
FNDA:0,(anonymous_24)
FNDA:0,(anonymous_25)
FNDA:0,(anonymous_26)
FNDA:0,(anonymous_27)
FNDA:0,(anonymous_28)
FNDA:0,(anonymous_29)
FNDA:0,(anonymous_30)
FNDA:0,(anonymous_31)
FNDA:0,(anonymous_32)
FNDA:0,(anonymous_33)
FNDA:0,(anonymous_34)
FNDA:0,(anonymous_35)
DA:4,0
DA:5,0
DA:9,0
DA:15,0
DA:17,0
DA:21,0
DA:26,0
DA:32,0
DA:34,0
DA:38,0
DA:40,0
DA:46,0
DA:48,0
DA:52,0
DA:54,0
DA:60,0
DA:64,0
DA:66,0
DA:70,0
DA:72,0
DA:74,0
DA:77,0
DA:79,0
DA:81,0
DA:87,0
DA:91,0
DA:97,0
DA:103,0
DA:109,0
DA:115,0
DA:119,0
DA:125,0
DA:131,0
DA:137,0
DA:143,0
DA:149,0
LF:36
LH:0
BRF:0
BRH:0
end_of_record
TN:
SF:D:\www\web\shop2-web\src\service\api\index.js
FN:4,(anonymous_0)
FNF:1
FNH:0
FNDA:0,(anonymous_0)
DA:1,0
DA:3,0
DA:4,0
DA:5,0
DA:6,0
DA:7,0
DA:8,0
DA:9,0
DA:11,0
DA:12,0
DA:14,0
LF:11
LH:0
BRDA:7,0,0,0
BRDA:7,0,1,0
BRDA:7,0,2,0
BRDA:8,1,0,0
BRDA:8,1,1,0
BRDA:11,2,0,0
BRDA:11,2,1,0
BRF:7
BRH:0
end_of_record
TN:
SF:D:\www\web\shop2-web\src\service\api\modules\common\index.js
FNF:0
FNH:0
LF:0
LH:0
BRF:0
BRH:0
end_of_record
TN:
SF:D:\www\web\shop2-web\src\service\api\modules\keyword\asinTheCheck\index.js
FNF:0
FNH:0
LF:0
LH:0
BRF:0
BRH:0
end_of_record
TN:
SF:D:\www\web\shop2-web\src\service\api\modules\keyword\common\index.js
FNF:0
FNH:0
LF:0
LH:0
BRF:0
BRH:0
end_of_record
TN:
SF:D:\www\web\shop2-web\src\service\api\modules\keyword\competitiveAnalysis\index.js
FNF:0
FNH:0
LF:0
LH:0
BRF:0
BRH:0
end_of_record
TN:
SF:D:\www\web\shop2-web\src\service\api\modules\keyword\intelligentMining\index.js
FNF:0
FNH:0
LF:0
LH:0
BRF:0
BRH:0
end_of_record
TN:
SF:D:\www\web\shop2-web\src\service\api\modules\keyword\platformMining\index.js
FNF:0
FNH:0
LF:0
LH:0
BRF:0
BRH:0
end_of_record
TN:
SF:D:\www\web\shop2-web\src\service\api\modules\keyword\rankingQuery\index.js
FNF:0
FNH:0
LF:0
LH:0
BRF:0
BRH:0
end_of_record
TN:
SF:D:\www\web\shop2-web\src\service\api\modules\login\login.js
FNF:0
FNH:0
LF:0
LH:0
BRF:0
BRH:0
end_of_record
TN:
SF:D:\www\web\shop2-web\src\service\api\modules\productAnalysis\eva.js
FNF:0
FNH:0
LF:0
LH:0
BRF:0
BRH:0
end_of_record
TN:
SF:D:\www\web\shop2-web\src\service\api\modules\productAnalysis\productAnalysis.js
FNF:0
FNH:0
LF:0
LH:0
BRF:0
BRH:0
end_of_record
TN:
SF:D:\www\web\shop2-web\src\service\api\modules\productAnalysis\productTrendAnalysis.js
FNF:0
FNH:0
LF:0
LH:0
BRF:0
BRH:0
end_of_record
TN:
SF:D:\www\web\shop2-web\src\service\api\modules\productAnalysis\rc.js
FNF:0
FNH:0
LF:0
LH:0
BRF:0
BRH:0
end_of_record
TN:
SF:D:\www\web\shop2-web\src\service\api\modules\test\test.js
FNF:0
FNH:0
LF:0
LH:0
BRF:0
BRH:0
end_of_record
TN:
SF:D:\www\web\shop2-web\src\service\const\chart.js
FNF:0
FNH:0
LF:0
LH:0
BRF:0
BRH:0
end_of_record
TN:
SF:D:\www\web\shop2-web\src\service\const\index.js
FN:4,(anonymous_0)
FNF:1
FNH:0
FNDA:0,(anonymous_0)
DA:1,0
DA:3,0
DA:4,0
DA:5,0
DA:6,0
LF:5
LH:0
BRDA:6,0,0,0
BRDA:6,0,1,0
BRF:2
BRH:0
end_of_record
TN:
SF:D:\www\web\shop2-web\src\service\const\keyword.js
FNF:0
FNH:0
LF:0
LH:0
BRF:0
BRH:0
end_of_record
TN:
SF:D:\www\web\shop2-web\src\service\const\other.js
FNF:0
FNH:0
LF:0
LH:0
BRF:0
BRH:0
end_of_record
TN:
SF:D:\www\web\shop2-web\src\service\const\productAnalysis.js
FNF:0
FNH:0
LF:0
LH:0
BRF:0
BRH:0
end_of_record
TN:
SF:D:\www\web\shop2-web\src\store\index.js
FN:18,(anonymous_0)
FNF:1
FNH:0
FNDA:0,(anonymous_0)
DA:3,0
DA:7,0
DA:9,0
DA:19,0
LF:4
LH:0
BRF:0
BRH:0
end_of_record
TN:
SF:D:\www\web\shop2-web\src\store\helper\auth.js
FNF:0
FNH:0
DA:3,0
DA:4,0
LF:2
LH:0
BRF:0
BRH:0
end_of_record
TN:
SF:D:\www\web\shop2-web\src\store\module\app.js
FNF:0
FNH:0
DA:1,0
LF:1
LH:0
BRF:0
BRH:0
end_of_record
TN:
SF:D:\www\web\shop2-web\src\store\module\auth.js
FN:5,(anonymous_0)
FN:9,(anonymous_1)
FN:13,(anonymous_2)
FN:33,(anonymous_3)
FN:34,(anonymous_4)
FN:39,(anonymous_5)
FN:47,(anonymous_6)
FN:55,(anonymous_7)
FN:66,(anonymous_8)
FN:78,(anonymous_9)
FN:95,(anonymous_10)
FN:105,(anonymous_11)
FN:113,(anonymous_12)
FN:116,(anonymous_13)
FN:119,(anonymous_14)
FN:123,(anonymous_15)
FN:130,(anonymous_16)
FNF:17
FNH:0
FNDA:0,(anonymous_0)
FNDA:0,(anonymous_1)
FNDA:0,(anonymous_2)
FNDA:0,(anonymous_3)
FNDA:0,(anonymous_4)
FNDA:0,(anonymous_5)
FNDA:0,(anonymous_6)
FNDA:0,(anonymous_7)
FNDA:0,(anonymous_8)
FNDA:0,(anonymous_9)
FNDA:0,(anonymous_10)
FNDA:0,(anonymous_11)
FNDA:0,(anonymous_12)
FNDA:0,(anonymous_13)
FNDA:0,(anonymous_14)
FNDA:0,(anonymous_15)
FNDA:0,(anonymous_16)
DA:4,0
DA:5,0
DA:6,0
DA:9,0
DA:10,0
DA:13,0
DA:14,0
DA:17,0
DA:31,0
DA:34,0
DA:35,0
DA:36,0
DA:37,0
DA:38,0
DA:40,0
DA:41,0
DA:43,0
DA:48,0
DA:49,0
DA:50,0
DA:51,0
DA:52,0
DA:65,0
DA:66,0
DA:67,0
DA:68,0
DA:69,0
DA:82,0
DA:94,0
DA:96,0
DA:97,0
DA:98,0
DA:99,0
DA:101,0
DA:106,0
DA:107,0
DA:108,0
DA:110,0
DA:114,0
DA:117,0
DA:120,0
DA:124,0
DA:125,0
DA:126,0
DA:129,0
DA:131,0
LF:46
LH:0
BRDA:40,0,0,0
BRDA:40,0,1,0
BRDA:97,1,0,0
BRDA:97,1,1,0
BRDA:107,2,0,0
BRDA:107,2,1,0
BRF:6
BRH:0
end_of_record
TN:
SF:D:\www\web\shop2-web\src\store\module\index.js
FN:9,updateModule
FN:13,(anonymous_1)
FN:29,(anonymous_2)
FN:38,getNamespace
FNF:4
FNH:0
FNDA:0,updateModule
FNDA:0,(anonymous_1)
FNDA:0,(anonymous_2)
FNDA:0,getNamespace
DA:3,0
DA:5,0
DA:9,0
DA:11,0
DA:13,0
DA:14,0
DA:15,0
DA:16,0
DA:18,0
DA:19,0
DA:23,0
DA:24,0
DA:26,0
DA:29,0
DA:30,0
DA:31,0
DA:39,0
DA:41,0
DA:42,0
DA:47,0
LF:20
LH:0
BRDA:15,0,0,0
BRDA:15,0,1,0
BRDA:26,1,0,0
BRDA:26,1,1,0
BRDA:39,2,0,0
BRDA:39,2,1,0
BRF:6
BRH:0
end_of_record
TN:
SF:D:\www\web\shop2-web\src\store\module\storeInfo.js
FN:12,(anonymous_0)
FN:16,(anonymous_1)
FN:16,(anonymous_2)
FN:23,(anonymous_3)
FN:26,(anonymous_4)
FN:29,(anonymous_5)
FNF:6
FNH:0
FNDA:0,(anonymous_0)
FNDA:0,(anonymous_1)
FNDA:0,(anonymous_2)
FNDA:0,(anonymous_3)
FNDA:0,(anonymous_4)
FNDA:0,(anonymous_5)
DA:1,0
DA:11,0
DA:15,0
DA:16,0
DA:18,0
DA:22,0
DA:24,0
DA:27,0
DA:30,0
LF:9
LH:0
BRDA:15,0,0,0
BRDA:15,0,1,0
BRF:2
BRH:0
end_of_record
TN:
SF:D:\www\web\shop2-web\src\utils\download.js
FN:1,download
FN:8,(anonymous_1)
FN:36,(anonymous_2)
FN:39,(anonymous_3)
FN:66,dataUrlToBlob
FN:82,saver
FN:91,(anonymous_6)
FN:95,(anonymous_7)
FN:132,(anonymous_8)
FN:157,(anonymous_9)
FNF:10
FNH:0
FNDA:0,download
FNDA:0,(anonymous_1)
FNDA:0,(anonymous_2)
FNDA:0,(anonymous_3)
FNDA:0,dataUrlToBlob
FNDA:0,saver
FNDA:0,(anonymous_6)
FNDA:0,(anonymous_7)
FNDA:0,(anonymous_8)
FNDA:0,(anonymous_9)
DA:2,0
DA:3,0
DA:4,0
DA:5,0
DA:6,0
DA:7,0
DA:8,0
DA:9,0
DA:11,0
DA:12,0
DA:15,0
DA:17,0
DA:19,0
DA:20,0
DA:21,0
DA:24,0
DA:26,0
DA:30,0
DA:31,0
DA:33,0
DA:34,0
DA:35,0
DA:36,0
DA:37,0
DA:39,0
DA:40,0
DA:42,0
DA:47,0
DA:48,0
DA:49,0
DA:50,0
DA:52,0
DA:59,0
DA:67,0
DA:68,0
DA:69,0
DA:70,0
DA:71,0
DA:72,0
DA:73,0
DA:75,0
DA:77,0
DA:83,0
DA:85,0
DA:86,0
DA:87,0
DA:88,0
DA:89,0
DA:90,0
DA:91,0
DA:92,0
DA:93,0
DA:94,0
DA:95,0
DA:96,0
DA:100,0
DA:104,0
DA:109,0
DA:110,0
DA:112,0
DA:117,0
DA:120,0
DA:124,0
DA:125,0
DA:127,0
DA:129,0
DA:131,0
DA:132,0
DA:133,0
DA:137,0
DA:139,0
DA:142,0
DA:144,0
DA:147,0
DA:148,0
DA:149,0
DA:151,0
DA:156,0
DA:157,0
DA:158,0
DA:160,0
DA:162,0
LF:82
LH:0
BRDA:4,0,0,0
BRDA:4,0,1,0
BRDA:6,1,0,0
BRDA:6,1,1,0
BRDA:6,1,2,0
BRDA:11,2,0,0
BRDA:11,2,1,0
BRDA:11,2,2,0
BRDA:11,2,3,0
BRDA:12,3,0,0
BRDA:12,3,1,0
BRDA:15,4,0,0
BRDA:15,4,1,0
BRDA:17,5,0,0
BRDA:17,5,1,0
BRDA:24,6,0,0
BRDA:24,6,1,0
BRDA:24,7,0,0
BRDA:24,7,1,0
BRDA:31,8,0,0
BRDA:31,8,1,0
BRDA:47,9,0,0
BRDA:47,9,1,0
BRDA:48,10,0,0
BRDA:48,10,1,0
BRDA:48,11,0,0
BRDA:48,11,1,0
BRDA:50,12,0,0
BRDA:50,12,1,0
BRDA:52,13,0,0
BRDA:52,13,1,0
BRDA:60,14,0,0
BRDA:60,14,1,0
BRDA:69,15,0,0
BRDA:69,15,1,0
BRDA:83,16,0,0
BRDA:83,16,1,0
BRDA:94,17,0,0
BRDA:94,17,1,0
BRDA:104,18,0,0
BRDA:104,18,1,0
BRDA:110,19,0,0
BRDA:110,19,1,0
BRDA:112,20,0,0
BRDA:112,20,1,0
BRDA:127,21,0,0
BRDA:127,21,1,0
BRDA:137,22,0,0
BRDA:137,22,1,0
BRDA:142,23,0,0
BRDA:142,23,1,0
BRDA:147,24,0,0
BRDA:147,24,1,0
BRDA:147,25,0,0
BRDA:147,25,1,0
BRF:55
BRH:0
end_of_record
TN:
SF:D:\www\web\shop2-web\src\utils\exportTxt.js
FN:1,fakeClick
FN:6,exportRaw
FNF:2
FNH:0
FNDA:0,fakeClick
FNDA:0,exportRaw
DA:2,0
DA:3,0
DA:4,0
DA:7,0
DA:8,0
DA:9,0
DA:13,0
DA:14,0
DA:15,0
LF:9
LH:0
BRDA:7,0,0,0
BRDA:7,0,1,0
BRDA:7,0,2,0
BRF:3
BRH:0
end_of_record
TN:
SF:D:\www\web\shop2-web\src\utils\index.js
FN:7,dataType
FN:26,formatDate
FN:51,(anonymous_2)
FN:69,downloadFile
FN:125,arrayToObj
FN:127,(anonymous_5)
FN:133,removeSearchEmpty
FN:135,(anonymous_7)
FNF:8
FNH:0
FNDA:0,dataType
FNDA:0,formatDate
FNDA:0,(anonymous_2)
FNDA:0,downloadFile
FNDA:0,arrayToObj
FNDA:0,(anonymous_5)
FNDA:0,removeSearchEmpty
FNDA:0,(anonymous_7)
DA:8,0
DA:9,0
DA:10,0
DA:11,0
DA:13,0
DA:27,0
DA:28,0
DA:30,0
DA:31,0
DA:32,0
DA:33,0
DA:35,0
DA:37,0
DA:38,0
DA:40,0
DA:42,0
DA:51,0
DA:52,0
DA:53,0
DA:54,0
DA:55,0
DA:56,0
DA:58,0
DA:60,0
DA:74,0
DA:75,0
DA:81,0
DA:83,0
DA:84,0
DA:85,0
DA:86,0
DA:87,0
DA:88,0
DA:90,0
DA:91,0
DA:92,0
DA:93,0
DA:94,0
DA:95,0
DA:96,0
DA:98,0
DA:105,0
DA:108,0
[...]
DA:968,0
DA:969,0
DA:983,0
DA:984,0
DA:986,0
DA:987,0
DA:988,0
DA:989,0
DA:991,0
DA:999,0
DA:1000,0
DA:1009,0
DA:1012,0
DA:1013,0
DA:1015,0
DA:1016,0
DA:1018,0
DA:1021,0
DA:1030,0
DA:1032,0
DA:1033,0
DA:1034,0
DA:1035,0
DA:1036,0
DA:1039,0
DA:1046,0
DA:1047,0
DA:1049,0
DA:1059,0
DA:1094,0
DA:1095,0
DA:1097,0
DA:1101,0
DA:1118,0
DA:1135,0
DA:1143,0
DA:1144,0
DA:1147,0
DA:1150,0
DA:1151,0
DA:1152,0
LF:201
LH:0
BRDA:506,0,0,0
BRDA:506,0,1,0
BRDA:511,1,0,0
BRDA:511,1,1,0
BRDA:511,1,2,0
BRDA:511,1,3,0
BRDA:520,2,0,0
BRDA:520,2,1,0
BRDA:524,3,0,0
BRDA:524,3,1,0
BRDA:527,4,0,0
BRDA:527,4,1,0
BRDA:541,5,0,0
BRDA:541,5,1,0
BRDA:555,6,0,0
BRDA:555,6,1,0
BRDA:558,7,0,0
BRDA:558,7,1,0
BRDA:563,8,0,0
BRDA:563,8,1,0
BRDA:563,8,2,0
BRDA:584,9,0,0
BRDA:584,9,1,0
BRDA:622,10,0,0
BRDA:622,10,1,0
BRDA:644,11,0,0
BRDA:644,11,1,0
BRDA:649,12,0,0
BRDA:649,12,1,0
BRDA:652,13,0,0
BRDA:652,13,1,0
BRDA:655,14,0,0
BRDA:655,14,1,0
BRDA:658,15,0,0
BRDA:658,15,1,0
BRDA:661,16,0,0
BRDA:661,16,1,0
BRDA:700,17,0,0
BRDA:700,17,1,0
BRDA:720,18,0,0
BRDA:720,18,1,0
BRDA:724,19,0,0
BRDA:724,19,1,0
BRDA:724,20,0,0
BRDA:724,20,1,0
BRDA:727,21,0,0
BRDA:727,21,1,0
BRDA:751,22,0,0
BRDA:751,22,1,0
BRDA:753,23,0,0
BRDA:753,23,1,0
BRDA:759,24,0,0
BRDA:759,24,1,0
BRDA:759,25,0,0
BRDA:759,25,1,0
BRDA:762,26,0,0
BRDA:762,26,1,0
BRDA:762,27,0,0
BRDA:762,27,1,0
BRDA:765,28,0,0
BRDA:765,28,1,0
BRDA:774,29,0,0
BRDA:774,29,1,0
BRDA:794,30,0,0
BRDA:803,31,0,0
BRDA:803,31,1,0
BRDA:836,32,0,0
BRDA:836,32,1,0
BRDA:883,33,0,0
BRDA:883,33,1,0
BRDA:893,34,0,0
BRDA:893,34,1,0
BRDA:894,35,0,0
BRDA:894,35,1,0
BRDA:896,36,0,0
BRDA:896,36,1,0
BRDA:896,37,0,0
BRDA:896,37,1,0
BRDA:899,38,0,0
BRDA:899,38,1,0
BRDA:902,39,0,0
BRDA:902,39,1,0
BRDA:924,40,0,0
BRDA:924,40,1,0
BRDA:927,41,0,0
BRDA:927,41,1,0
BRDA:983,42,0,0
BRDA:983,42,1,0
BRDA:987,43,0,0
BRDA:987,43,1,0
BRDA:988,44,0,0
BRDA:988,44,1,0
BRDA:991,45,0,0
BRDA:991,45,1,0
BRDA:1013,46,0,0
BRDA:1013,46,1,0
BRDA:1015,47,0,0
BRDA:1015,47,1,0
BRDA:1015,48,0,0
BRDA:1015,48,1,0
BRDA:1018,49,0,0
BRDA:1018,49,1,0
BRDA:1033,50,0,0
BRDA:1033,50,1,0
BRDA:1039,51,0,0
BRDA:1039,51,1,0
BRDA:1046,52,0,0
BRDA:1046,52,1,0
BRDA:1069,53,0,0
BRDA:1069,53,1,0
BRDA:1076,54,0,0
BRDA:1076,54,1,0
BRDA:1094,55,0,0
BRDA:1094,55,1,0
BRDA:1094,56,0,0
BRDA:1094,56,1,0
BRF:116
BRH:0
end_of_record
TN:
SF:D:\www\web\shop2-web\src\views\modules\Product\productAnalysis\details\components\charts\NewEvaluationAnalysis.vue
FN:118,(anonymous_2)
FN:124,(anonymous_3)
FN:128,(anonymous_4)
FN:151,(anonymous_5)
FN:159,(anonymous_6)
FN:160,(anonymous_7)
FN:166,(anonymous_8)
FN:172,(anonymous_9)
FN:173,(anonymous_10)
FN:212,(anonymous_11)
FN:328,(anonymous_12)
FN:332,(anonymous_13)
FN:340,(anonymous_14)
FN:350,(anonymous_15)
FN:358,(anonymous_16)
FN:368,(anonymous_17)
FN:376,(anonymous_18)
FN:389,(anonymous_19)
FN:392,(anonymous_20)
FN:395,(anonymous_21)
FN:401,(anonymous_22)
FN:411,(anonymous_23)
FN:420,(anonymous_24)
FN:427,(anonymous_25)
FN:453,(anonymous_26)
FN:454,(anonymous_27)
FN:458,(anonymous_28)
FN:477,(anonymous_29)
FN:486,(anonymous_30)
FN:487,(anonymous_31)
FN:499,(anonymous_32)
FN:504,(anonymous_33)
FN:507,(anonymous_34)
FN:519,(anonymous_35)
FN:523,(anonymous_36)
FN:568,(anonymous_37)
FN:574,(anonymous_38)
FN:578,_sort
FN:610,(anonymous_40)
FN:615,(anonymous_41)
FN:621,(anonymous_42)
FN:629,(anonymous_43)
FN:632,(anonymous_44)
FNF:43
FNH:0
FNDA:0,(anonymous_2)
FNDA:0,(anonymous_3)
FNDA:0,(anonymous_4)
FNDA:0,(anonymous_5)
FNDA:0,(anonymous_6)
FNDA:0,(anonymous_7)
FNDA:0,(anonymous_8)
FNDA:0,(anonymous_9)
FNDA:0,(anonymous_10)
FNDA:0,(anonymous_11)
FNDA:0,(anonymous_12)
FNDA:0,(anonymous_13)
FNDA:0,(anonymous_14)
FNDA:0,(anonymous_15)
FNDA:0,(anonymous_16)
FNDA:0,(anonymous_17)
FNDA:0,(anonymous_18)
FNDA:0,(anonymous_19)
FNDA:0,(anonymous_20)
FNDA:0,(anonymous_21)
FNDA:0,(anonymous_22)
FNDA:0,(anonymous_23)
FNDA:0,(anonymous_24)
FNDA:0,(anonymous_25)
FNDA:0,(anonymous_26)
FNDA:0,(anonymous_27)
FNDA:0,(anonymous_28)
FNDA:0,(anonymous_29)
FNDA:0,(anonymous_30)
FNDA:0,(anonymous_31)
FNDA:0,(anonymous_32)
FNDA:0,(anonymous_33)
FNDA:0,(anonymous_34)
FNDA:0,(anonymous_35)
FNDA:0,(anonymous_36)
FNDA:0,(anonymous_37)
FNDA:0,(anonymous_38)
FNDA:0,_sort
FNDA:0,(anonymous_40)
FNDA:0,(anonymous_41)
FNDA:0,(anonymous_42)
FNDA:0,(anonymous_43)
FNDA:0,(anonymous_44)
DA:111,0
DA:112,0
DA:113,0
DA:114,0
DA:119,0
DA:124,0
DA:128,0
DA:155,0
DA:156,0
DA:159,0
DA:160,0
DA:163,0
DA:164,0
DA:166,0
DA:167,0
DA:170,0
DA:171,0
DA:172,0
DA:173,0
DA:176,0
DA:177,0
DA:179,0
DA:188,0
DA:193,0
DA:213,0
DA:329,0
DA:333,0
DA:334,0
DA:336,0
DA:341,0
DA:343,0
DA:345,0
DA:351,0
DA:352,0
DA:354,0
DA:359,0
DA:361,0
DA:363,0
DA:369,0
DA:370,0
DA:372,0
DA:377,0
DA:379,0
DA:381,0
DA:390,0
DA:393,0
DA:396,0
DA:402,0
DA:403,0
DA:404,0
DA:410,0
DA:411,0
DA:413,0
DA:415,0
DA:419,0
DA:422,0
DA:428,0
DA:431,0
DA:432,0
DA:435,0
DA:436,0
DA:437,0
DA:440,0
DA:441,0
DA:442,0
DA:443,0
DA:445,0
DA:446,0
DA:447,0
DA:449,0
DA:453,0
DA:454,0
DA:458,0
DA:464,0
DA:470,0
DA:471,0
DA:473,0
DA:474,0
DA:476,0
DA:477,0
DA:480,0
DA:482,0
DA:487,0
DA:489,0
DA:490,0
DA:492,0
DA:497,0
DA:500,0
DA:504,0
DA:505,0
DA:507,0
DA:508,0
DA:509,0
DA:511,0
DA:515,0
DA:517,0
DA:520,0
DA:521,0
DA:526,0
DA:527,0
DA:528,0
DA:535,0
DA:540,0
DA:541,0
DA:548,0
DA:554,0
DA:561,0
DA:569,0
DA:570,0
DA:571,0
DA:572,0
DA:575,0
DA:576,0
DA:577,0
DA:579,0
DA:580,0
DA:581,0
DA:583,0
DA:584,0
DA:586,0
DA:587,0
DA:589,0
DA:594,0
DA:595,0
DA:596,0
DA:597,0
DA:598,0
DA:599,0
DA:601,0
DA:603,0
DA:607,0
DA:608,0
DA:611,0
DA:612,0
DA:613,0
DA:616,0
DA:622,0
DA:623,0
DA:630,0
DA:633,0
DA:634,0
DA:635,0
DA:636,0
DA:638,0
DA:640,0
LF:145
LH:0
BRDA:155,0,0,0
BRDA:155,0,1,0
BRDA:160,1,0,0
BRDA:160,1,1,0
BRDA:160,1,2,0
BRDA:163,2,0,0
BRDA:163,2,1,0
BRDA:166,3,0,0
BRDA:166,3,1,0
BRDA:176,4,0,0
BRDA:176,4,1,0
BRDA:179,5,0,0
BRDA:179,5,1,0
BRDA:333,6,0,0
BRDA:333,6,1,0
BRDA:341,7,0,0
BRDA:341,7,1,0
BRDA:351,8,0,0
BRDA:351,8,1,0
BRDA:359,9,0,0
BRDA:359,9,1,0
BRDA:369,10,0,0
BRDA:369,10,1,0
BRDA:377,11,0,0
BRDA:377,11,1,0
BRDA:403,12,0,0
BRDA:403,12,1,0
BRDA:407,13,0,0
BRDA:407,13,1,0
BRDA:408,14,0,0
BRDA:408,14,1,0
BRDA:441,15,0,0
BRDA:441,15,1,0
BRDA:441,16,0,0
BRDA:441,16,1,0
BRDA:446,17,0,0
BRDA:446,17,1,0
BRDA:458,18,0,0
BRDA:458,18,1,0
BRDA:464,19,0,0
BRDA:464,19,1,0
BRDA:470,20,0,0
BRDA:470,20,1,0
BRDA:470,21,0,0
BRDA:470,21,1,0
BRDA:473,22,0,0
BRDA:473,22,1,0
BRDA:487,23,0,0
BRDA:487,23,1,0
BRDA:489,24,0,0
BRDA:489,24,1,0
BRDA:508,25,0,0
BRDA:508,25,1,0
BRDA:527,26,0,0
BRDA:527,26,1,0
BRDA:528,27,0,0
BRDA:528,27,1,0
BRDA:528,28,0,0
BRDA:528,28,1,0
BRDA:540,29,0,0
BRDA:540,29,1,0
BRDA:541,30,0,0
BRDA:541,30,1,0
BRDA:541,31,0,0
BRDA:541,31,1,0
BRDA:554,32,0,0
BRDA:554,32,1,0
BRDA:554,33,0,0
BRDA:554,33,1,0
BRDA:580,34,0,0
BRDA:580,34,1,0
BRDA:583,35,0,0
BRDA:583,35,1,0
BRDA:586,36,0,0
BRDA:586,36,1,0
BRDA:595,37,0,0
BRDA:595,37,1,0
BRDA:598,38,0,0
BRDA:598,38,1,0
BRDA:612,39,0,0
BRDA:612,39,1,0
BRDA:633,40,0,0
BRDA:633,40,1,0
BRDA:633,41,0,0
BRDA:633,41,1,0
BRDA:635,42,0,0
BRDA:635,42,1,0
BRF:87
BRH:0
end_of_record
TN:
SF:D:\www\web\shop2-web\src\views\modules\Product\productAnalysis\details\components\charts\PrContrast.vue
FN:27,(anonymous_1)
FN:30,(anonymous_2)
FN:38,(anonymous_3)
FN:42,(anonymous_4)
FN:91,(anonymous_5)
FN:102,(anonymous_6)
FN:106,(anonymous_7)
FN:111,(anonymous_8)
FN:123,(anonymous_9)
FN:128,(anonymous_10)
FN:134,(anonymous_11)
FN:149,(anonymous_12)
FN:151,(anonymous_13)
FN:152,(anonymous_14)
FN:192,(anonymous_15)
FN:198,(anonymous_16)
FN:202,(anonymous_17)
FN:203,(anonymous_18)
FN:221,(anonymous_19)
FNF:19
FNH:0
FNDA:0,(anonymous_1)
FNDA:0,(anonymous_2)
FNDA:0,(anonymous_3)
FNDA:0,(anonymous_4)
FNDA:0,(anonymous_5)
FNDA:0,(anonymous_6)
FNDA:0,(anonymous_7)
FNDA:0,(anonymous_8)
FNDA:0,(anonymous_9)
FNDA:0,(anonymous_10)
FNDA:0,(anonymous_11)
FNDA:0,(anonymous_12)
FNDA:0,(anonymous_13)
FNDA:0,(anonymous_14)
FNDA:0,(anonymous_15)
FNDA:0,(anonymous_16)
FNDA:0,(anonymous_17)
FNDA:0,(anonymous_18)
FNDA:0,(anonymous_19)
DA:22,0
DA:27,0
DA:31,0
DA:33,0
DA:38,0
DA:42,0
DA:92,0
DA:103,0
DA:107,0
DA:108,0
DA:112,0
DA:113,0
DA:114,0
DA:116,0
DA:117,0
DA:122,0
DA:123,0
DA:125,0
DA:126,0
DA:127,0
DA:130,0
DA:135,0
DA:149,0
DA:150,0
DA:151,0
DA:152,0
DA:153,0
DA:154,0
DA:155,0
DA:164,0
DA:166,0
DA:167,0
DA:168,0
DA:178,0
DA:182,0
DA:185,0
DA:190,0
DA:193,0
DA:194,0
DA:195,0
DA:196,0
DA:199,0
DA:200,0
DA:203,0
DA:212,0
DA:222,0
LF:46
LH:0
BRDA:112,0,0,0
BRDA:112,0,1,0
BRDA:112,1,0,0
BRDA:112,1,1,0
BRDA:116,2,0,0
BRDA:116,2,1,0
BRDA:153,3,0,0
BRDA:153,3,1,0
BRDA:166,4,0,0
BRDA:166,4,1,0
BRDA:182,5,0,0
BRDA:182,5,1,0
BRDA:193,6,0,0
BRDA:193,6,1,0
BRDA:199,7,0,0
BRDA:199,7,1,0
BRF:16
BRH:0
end_of_record
TN:
SF:D:\www\web\shop2-web\src\views\modules\Product\productAnalysis\details\components\charts\ShoppingCart.vue
FN:16,(anonymous_1)
FN:50,(anonymous_2)
FN:63,(anonymous_3)
FN:68,(anonymous_4)
FN:74,(anonymous_5)
FN:83,(anonymous_6)
FN:86,(anonymous_7)
FN:89,(anonymous_8)
FN:103,(anonymous_9)
FN:109,(anonymous_10)
FN:117,(anonymous_11)
FNF:11
FNH:0
FNDA:0,(anonymous_1)
FNDA:0,(anonymous_2)
FNDA:0,(anonymous_3)
FNDA:0,(anonymous_4)
FNDA:0,(anonymous_5)
FNDA:0,(anonymous_6)
FNDA:0,(anonymous_7)
FNDA:0,(anonymous_8)
FNDA:0,(anonymous_9)
FNDA:0,(anonymous_10)
FNDA:0,(anonymous_11)
DA:17,0
DA:51,0
DA:52,0
DA:53,0
DA:62,0
DA:63,0
DA:65,0
DA:66,0
DA:67,0
DA:70,0
DA:75,0
DA:80,0
DA:81,0
DA:83,0
DA:86,0
DA:87,0
DA:88,0
DA:89,0
DA:90,0
DA:92,0
DA:101,0
DA:104,0
DA:105,0
DA:106,0
DA:107,0
DA:110,0
DA:111,0
DA:118,0
LF:28
LH:0
BRDA:52,0,0,0
BRDA:52,0,1,0
BRDA:55,1,0,0
BRDA:55,1,1,0
BRDA:59,2,0,0
BRDA:59,2,1,0
BRDA:80,3,0,0
BRDA:80,3,1,0
BRDA:110,4,0,0
BRDA:110,4,1,0
BRF:10
BRH:0
end_of_record
TN:
SF:D:\www\web\shop2-web\src\views\modules\Product\productAnalysis\dialogs\add.vue
FN:18,(anonymous_2)
FN:33,(anonymous_3)
FN:38,(anonymous_4)
FN:43,(anonymous_5)
FNF:4
FNH:0
FNDA:0,(anonymous_2)
FNDA:0,(anonymous_3)
FNDA:0,(anonymous_4)
FNDA:0,(anonymous_5)
DA:16,0
DA:19,0
DA:34,0
DA:35,0
DA:37,0
DA:38,0
DA:39,0
DA:44,0
DA:45,0
DA:47,0
DA:51,0
LF:11
LH:0
BRDA:34,0,0,0
BRDA:34,0,1,0
BRDA:45,1,0,0
BRDA:45,1,1,0
BRF:4
BRH:0
end_of_record
TN:
SF:D:\www\web\shop2-web\src\views\modules\Product\productTrendAnalysis\index.vue
FN:18,(anonymous_4)
FN:36,(anonymous_5)
FN:37,(anonymous_6)
FN:72,(anonymous_8)
FN:74,(anonymous_9)
FN:79,(anonymous_11)
FN:86,(anonymous_12)
FN:89,(anonymous_13)
FN:90,(anonymous_14)
FN:95,(anonymous_16)
FN:120,(anonymous_17)
FN:154,(anonymous_18)
FN:169,(anonymous_19)
FN:170,(anonymous_20)
FN:172,(anonymous_22)
FN:175,(anonymous_23)
FN:188,(anonymous_24)
FNF:17
FNH:0
FNDA:0,(anonymous_4)
FNDA:0,(anonymous_5)
FNDA:0,(anonymous_6)
FNDA:0,(anonymous_8)
FNDA:0,(anonymous_9)
FNDA:0,(anonymous_11)
FNDA:0,(anonymous_12)
FNDA:0,(anonymous_13)
FNDA:0,(anonymous_14)
FNDA:0,(anonymous_16)
FNDA:0,(anonymous_17)
FNDA:0,(anonymous_18)
FNDA:0,(anonymous_19)
FNDA:0,(anonymous_20)
FNDA:0,(anonymous_22)
FNDA:0,(anonymous_23)
FNDA:0,(anonymous_24)
DA:19,0
DA:20,0
DA:37,0
DA:73,0
DA:74,0
DA:80,0
DA:81,0
DA:87,0
DA:90,0
DA:96,0
DA:97,0
DA:121,0
DA:122,0
DA:123,0
DA:125,0
DA:155,0
DA:156,0
DA:158,0
DA:159,0
DA:161,0
DA:163,0
DA:164,0
DA:166,0
DA:170,0
DA:173,0
DA:175,0
DA:177,0
DA:179,0
DA:180,0
DA:182,0
DA:183,0
DA:189,0
LF:32
LH:0
BRDA:122,0,0,0
BRDA:122,0,1,0
BRDA:155,1,0,0
BRDA:155,1,1,0
BRDA:158,2,0,0
BRDA:158,2,1,0
BRDA:158,3,0,0
BRDA:158,3,1,0
BRDA:163,4,0,0
BRDA:163,4,1,0
BRDA:163,5,0,0
BRDA:163,5,1,0
BRDA:163,5,2,0
BRDA:178,6,0,0
BRDA:178,6,1,0
BRF:15
BRH:0
end_of_record
TN:
SF:D:\www\web\shop2-web\src\views\modules\Product\productTrendAnalysis\dialogs\add.vue
FN:32,(anonymous_2)
FN:51,(anonymous_3)
FN:52,(anonymous_4)
FN:55,(anonymous_5)
FN:59,(anonymous_6)
FN:72,(anonymous_7)
FN:76,(anonymous_8)
FN:81,(anonymous_9)
FN:86,(anonymous_10)
FN:88,(anonymous_11)
FN:91,(anonymous_12)
FN:92,(anonymous_13)
FN:94,(anonymous_14)
FN:101,(anonymous_15)
FN:106,(anonymous_16)
FN:120,(anonymous_17)
FN:127,(anonymous_18)
FN:128,(anonymous_19)
FNF:18
FNH:0
FNDA:0,(anonymous_2)
FNDA:0,(anonymous_3)
FNDA:0,(anonymous_4)
FNDA:0,(anonymous_5)
FNDA:0,(anonymous_6)
FNDA:0,(anonymous_7)
FNDA:0,(anonymous_8)
FNDA:0,(anonymous_9)
FNDA:0,(anonymous_10)
FNDA:0,(anonymous_11)
FNDA:0,(anonymous_12)
FNDA:0,(anonymous_13)
FNDA:0,(anonymous_14)
FNDA:0,(anonymous_15)
FNDA:0,(anonymous_16)
FNDA:0,(anonymous_17)
FNDA:0,(anonymous_18)
FNDA:0,(anonymous_19)
DA:29,0
DA:33,0
DA:34,0
DA:52,0
DA:53,0
DA:54,0
DA:55,0
DA:59,0
DA:64,0
DA:73,0
DA:77,0
DA:78,0
DA:80,0
DA:81,0
DA:82,0
DA:87,0
DA:88,0
DA:89,0
DA:91,0
DA:92,0
DA:95,0
DA:96,0
DA:97,0
DA:98,0
DA:102,0
DA:103,0
DA:104,0
DA:106,0
DA:107,0
DA:112,0
DA:113,0
DA:114,0
DA:115,0
DA:121,0
DA:122,0
DA:123,0
DA:124,0
DA:125,0
DA:127,0
DA:128,0
DA:129,0
DA:131,0
DA:134,0
DA:136,0
LF:44
LH:0
BRDA:53,0,0,0
BRDA:53,0,1,0
BRDA:77,1,0,0
BRDA:77,1,1,0
BRDA:92,2,0,0
BRDA:92,2,1,0
BRDA:97,3,0,0
BRDA:97,3,1,0
BRDA:102,4,0,0
BRDA:102,4,1,0
BRDA:104,5,0,0
BRDA:104,5,1,0
BRDA:110,6,0,0
BRDA:110,6,1,0
BRDA:112,7,0,0
BRDA:112,7,1,0
BRDA:114,8,0,0
BRDA:114,8,1,0
BRDA:121,9,0,0
BRDA:121,9,1,0
BRDA:121,10,0,0
BRDA:121,10,1,0
BRDA:125,11,0,0
BRDA:125,11,1,0
BRDA:134,12,0,0
BRDA:134,12,1,0
BRF:26
BRH:0
end_of_record
TN:
SF:D:\www\web\shop2-web\src\views\modules\Product\productTrendAnalysis\dialogs\echarts.vue
FN:44,(anonymous_2)
FN:51,(anonymous_3)
FN:55,(anonymous_4)
FN:73,(anonymous_5)
FN:78,(anonymous_6)
FN:79,(anonymous_7)
FN:85,(anonymous_8)
FN:91,(anonymous_9)
FN:92,(anonymous_10)
FN:131,(anonymous_11)
FN:143,(anonymous_12)
FN:150,(anonymous_13)
FN:165,(anonymous_14)
FN:173,(anonymous_15)
FN:197,(anonymous_16)
FN:222,(anonymous_17)
FN:261,(anonymous_18)
FN:295,(anonymous_19)
FN:306,(anonymous_20)
FN:309,(anonymous_21)
FN:312,(anonymous_22)
FN:319,(anonymous_23)
FN:325,(anonymous_24)
FN:327,(anonymous_25)
FN:339,(anonymous_26)
FN:342,(anonymous_27)
FN:347,(anonymous_28)
FN:350,(anonymous_29)
FN:363,(anonymous_30)
FN:374,(anonymous_31)
FN:380,(anonymous_32)
FN:389,(anonymous_33)
FN:409,(anonymous_34)
FN:423,(anonymous_35)
FN:424,(anonymous_36)
FN:428,(anonymous_37)
FN:444,(anonymous_38)
FN:453,(anonymous_39)
FN:454,(anonymous_40)
FN:466,(anonymous_41)
FN:472,(anonymous_42)
FN:476,_sort
FNF:42
FNH:0
FNDA:0,(anonymous_2)
FNDA:0,(anonymous_3)
FNDA:0,(anonymous_4)
FNDA:0,(anonymous_5)
FNDA:0,(anonymous_6)
FNDA:0,(anonymous_7)
FNDA:0,(anonymous_8)
FNDA:0,(anonymous_9)
FNDA:0,(anonymous_10)
FNDA:0,(anonymous_11)
FNDA:0,(anonymous_12)
FNDA:0,(anonymous_13)
FNDA:0,(anonymous_14)
FNDA:0,(anonymous_15)
FNDA:0,(anonymous_16)
FNDA:0,(anonymous_17)
FNDA:0,(anonymous_18)
FNDA:0,(anonymous_19)
FNDA:0,(anonymous_20)
FNDA:0,(anonymous_21)
FNDA:0,(anonymous_22)
FNDA:0,(anonymous_23)
FNDA:0,(anonymous_24)
FNDA:0,(anonymous_25)
FNDA:0,(anonymous_26)
FNDA:0,(anonymous_27)
FNDA:0,(anonymous_28)
FNDA:0,(anonymous_29)
FNDA:0,(anonymous_30)
FNDA:0,(anonymous_31)
FNDA:0,(anonymous_32)
FNDA:0,(anonymous_33)
FNDA:0,(anonymous_34)
FNDA:0,(anonymous_35)
FNDA:0,(anonymous_36)
FNDA:0,(anonymous_37)
FNDA:0,(anonymous_38)
FNDA:0,(anonymous_39)
FNDA:0,(anonymous_40)
FNDA:0,(anonymous_41)
FNDA:0,(anonymous_42)
FNDA:0,_sort
DA:37,0
DA:38,0
DA:39,0
DA:40,0
DA:45,0
DA:46,0
DA:51,0
DA:55,0
DA:74,0
DA:75,0
DA:78,0
DA:79,0
DA:82,0
DA:83,0
DA:85,0
DA:86,0
DA:89,0
DA:90,0
DA:91,0
DA:92,0
DA:95,0
DA:96,0
DA:98,0
DA:107,0
DA:112,0
DA:132,0
DA:145,0
DA:147,0
DA:151,0
DA:153,0
DA:155,0
DA:166,0
DA:167,0
DA:174,0
DA:175,0
DA:198,0
DA:199,0
DA:200,0
DA:223,0
DA:224,0
DA:225,0
DA:262,0
DA:263,0
DA:264,0
DA:297,0
DA:298,0
DA:303,0
DA:307,0
DA:310,0
DA:313,0
DA:320,0
DA:326,0
DA:327,0
DA:328,0
DA:331,0
DA:332,0
DA:333,0
DA:334,0
DA:340,0
DA:343,0
DA:347,0
DA:348,0
DA:350,0
DA:351,0
DA:352,0
DA:354,0
DA:358,0
DA:360,0
DA:365,0
DA:366,0
DA:367,0
DA:373,0
DA:374,0
DA:376,0
DA:378,0
DA:379,0
DA:382,0
DA:385,0
DA:390,0
DA:393,0
DA:394,0
DA:398,0
DA:399,0
DA:400,0
DA:403,0
DA:404,0
DA:405,0
DA:406,0
DA:409,0
DA:414,0
DA:415,0
DA:416,0
DA:418,0
DA:422,0
DA:423,0
DA:424,0
DA:428,0
DA:434,0
DA:440,0
DA:441,0
DA:443,0
DA:444,0
DA:447,0
DA:449,0
DA:454,0
DA:456,0
DA:457,0
DA:459,0
DA:464,0
DA:467,0
DA:468,0
DA:469,0
DA:470,0
DA:473,0
DA:474,0
DA:475,0
DA:477,0
DA:478,0
DA:479,0
DA:481,0
DA:482,0
DA:484,0
DA:485,0
DA:487,0
DA:492,0
DA:493,0
DA:494,0
DA:495,0
DA:496,0
DA:497,0
DA:499,0
DA:501,0
DA:505,0
DA:506,0
LF:134
LH:0
BRDA:74,0,0,0
BRDA:74,0,1,0
BRDA:79,1,0,0
BRDA:79,1,1,0
BRDA:79,1,2,0
BRDA:82,2,0,0
BRDA:82,2,1,0
BRDA:85,3,0,0
BRDA:85,3,1,0
BRDA:95,4,0,0
BRDA:95,4,1,0
BRDA:98,5,0,0
BRDA:98,5,1,0
BRDA:145,6,0,0
BRDA:145,6,1,0
BRDA:145,7,0,0
BRDA:145,7,1,0
BRDA:151,8,0,0
BRDA:151,8,1,0
BRDA:155,9,0,0
BRDA:155,9,1,0
BRDA:199,10,0,0
BRDA:199,10,1,0
BRDA:224,11,0,0
BRDA:224,11,1,0
BRDA:263,12,0,0
BRDA:263,12,1,0
BRDA:326,13,0,0
BRDA:326,13,1,0
BRDA:327,14,0,0
BRDA:327,14,1,0
BRDA:332,15,0,0
BRDA:332,15,1,0
BRDA:351,16,0,0
BRDA:351,16,1,0
BRDA:365,17,0,0
BRDA:365,17,1,0
BRDA:366,18,0,0
BRDA:366,18,1,0
BRDA:382,19,0,0
BRDA:382,19,1,0
BRDA:398,20,0,0
BRDA:398,20,1,0
BRDA:398,21,0,0
BRDA:398,21,1,0
BRDA:403,22,0,0
BRDA:403,22,1,0
BRDA:415,23,0,0
BRDA:415,23,1,0
BRDA:428,24,0,0
BRDA:428,24,1,0
BRDA:434,25,0,0
BRDA:434,25,1,0
BRDA:440,26,0,0
BRDA:440,26,1,0
BRDA:440,27,0,0
BRDA:440,27,1,0
BRDA:454,28,0,0
BRDA:454,28,1,0
BRDA:456,29,0,0
BRDA:456,29,1,0
BRDA:467,30,0,0
BRDA:467,30,1,0
BRDA:478,31,0,0
BRDA:478,31,1,0
BRDA:481,32,0,0
BRDA:481,32,1,0
BRDA:484,33,0,0
BRDA:484,33,1,0
BRDA:493,34,0,0
BRDA:493,34,1,0
BRDA:496,35,0,0
BRDA:496,35,1,0
BRF:73
BRH:0
end_of_record
TN:
SF:D:\www\web\shop2-web\src\views\modules\Product\productTrendAnalysis\dialogs\table.vue
FN:12,(anonymous_1)
FN:19,(anonymous_2)
FN:38,(anonymous_3)
FN:43,(anonymous_4)
FN:44,(anonymous_5)
FNF:5
FNH:0
FNDA:0,(anonymous_1)
FNDA:0,(anonymous_2)
FNDA:0,(anonymous_3)
FNDA:0,(anonymous_4)
FNDA:0,(anonymous_5)
DA:12,0
DA:13,0
DA:14,0
DA:20,0
DA:21,0
DA:39,0
DA:43,0
DA:44,0
LF:8
LH:0
BRF:0
BRH:0
end_of_record
TN:
SF:D:\www\web\shop2-web\src\views\modules\shopManage\leftMenu\productHealthy\index.vue
FN:15,(anonymous_1)
FN:36,(anonymous_2)
FN:44,(anonymous_3)
FN:141,(anonymous_4)
FN:144,(anonymous_5)
FN:154,(anonymous_6)
FNF:6
FNH:0
FNDA:0,(anonymous_1)
FNDA:0,(anonymous_2)
FNDA:0,(anonymous_3)
FNDA:0,(anonymous_4)
FNDA:0,(anonymous_5)
FNDA:0,(anonymous_6)
DA:16,0
DA:17,0
DA:142,0
DA:144,0
DA:146,0
DA:149,0
DA:155,0
LF:7
LH:0
BRDA:147,0,0,0
BRF:1
BRH:0
end_of_record
TN:
SF:D:\www\web\shop2-web\src\views\modules\shopManage\leftMenu\productHealthy\dialogs\table.vue
FN:12,(anonymous_1)
FN:32,(anonymous_2)
FNF:2
FNH:0
FNDA:0,(anonymous_1)
FNDA:0,(anonymous_2)
DA:13,0
DA:14,0
LF:2
LH:0
BRF:0
BRH:0
end_of_record
TN:
SF:D:\www\web\shop2-web\src\views\modules\shopManage\leftMenu\warningMessage\index.vue
FN:18,(anonymous_1)
FN:36,(anonymous_2)
FNF:2
FNH:0
FNDA:0,(anonymous_1)
FNDA:0,(anonymous_2)
DA:19,0
DA:37,0
LF:2
LH:0
BRF:0
BRH:0
end_of_record
TN:
SF:D:\www\web\shop2-web\src\views\modules\shopManage\leftMenu\warningMessage\detail\index.vue
FN:16,(anonymous_1)
FN:146,(anonymous_2)
FN:149,(anonymous_3)
FN:169,(anonymous_4)
FN:172,(anonymous_5)
FN:179,(anonymous_6)
FN:193,(anonymous_7)
FN:199,(anonymous_8)
FN:203,(anonymous_9)
FNF:9
FNH:0
FNDA:0,(anonymous_1)
FNDA:0,(anonymous_2)
FNDA:0,(anonymous_3)
FNDA:0,(anonymous_4)
FNDA:0,(anonymous_5)
FNDA:0,(anonymous_6)
FNDA:0,(anonymous_7)
FNDA:0,(anonymous_8)
FNDA:0,(anonymous_9)
DA:17,0
DA:18,0
DA:147,0
DA:149,0
DA:151,0
DA:154,0
DA:157,0
DA:160,0
DA:163,0
DA:166,0
DA:170,0
DA:173,0
DA:174,0
DA:176,0
DA:177,0
DA:184,0
DA:186,0
DA:187,0
DA:194,0
DA:201,0
DA:205,0
LF:21
LH:0
BRDA:77,0,0,0
BRDA:77,0,1,0
BRDA:82,1,0,0
BRDA:82,1,1,0
BRDA:87,2,0,0
BRDA:87,2,1,0
BRDA:96,3,0,0
BRDA:96,3,1,0
BRDA:101,4,0,0
BRDA:101,4,1,0
BRDA:106,5,0,0
BRDA:106,5,1,0
BRDA:111,6,0,0
BRDA:111,6,1,0
BRDA:114,7,0,0
BRDA:114,7,1,0
BRDA:117,8,0,0
BRDA:117,8,1,0
BRDA:117,9,0,0
BRDA:117,9,1,0
BRDA:117,9,2,0
BRDA:122,10,0,0
BRDA:122,10,1,0
BRDA:127,11,0,0
BRDA:127,11,1,0
BRDA:140,12,0,0
BRDA:140,12,1,0
BRDA:140,13,0,0
BRDA:140,13,1,0
BRDA:140,13,2,0
BRDA:152,14,0,0
BRDA:152,14,1,0
BRDA:152,14,2,0
BRDA:152,14,3,0
BRDA:152,14,4,0
BRDA:175,15,0,0
BRDA:175,15,1,0
BRF:37
BRH:0
end_of_record
